<?xml version="1.0" encoding="UTF-8" ?>
<testsuite errors="0" failures="0" hostname="barbara-Notebook" name="org.ccnx.ccn.repo.RFSTest" skipped="0" tests="3" time="2.824" timestamp="2015-01-15T21:12:21">
  <properties>
[...]
</properties>
  <testcase classname="org.ccnx.ccn.repo.RFSTest" name="testRepo" time="0.748" />
  <testcase classname="org.ccnx.ccn.repo.RFSTest" name="testBulkImport" time="0.197" />
  <testcase classname="org.ccnx.ccn.repo.RFSTest" name="testPolicy" time="0.134" />
  <system-out><![CDATA[Writing log records to /home/barbara/jaime/ccnx-0.8.1/javasrc/testout/log/ccn_15-01-15-181222-5263.log
Repotest - Testing basic data
Repotest - Testing multiple digests for same data
Repotest - Testing same digest for different data and/or publisher
Repotest - Testing too long data
Repotest - Testing invalid characters in name
Repotest - Testing different kinds of interests
Repotest - Testing different kinds of interests in a mixture of encoded/standard data
Test some unusual left and right searches that could break the prescanner
Repotest - test that rightSearch iterates backwards through objects
Repotest - test that rightSearch gives left branch of rightMost object
Repotest - testing version and segment files
Repotest - storing sequence of objects for versioned stream read testing
Repotest - testing min and max in retrieval
Repotest - testing fast name enumeration response
Repotest - Testing reinitialization of repo
]]></system-out>
  <system-err><![CDATA[Jan 15, 2015 6:12:22 PM org.ccnx.ccn.impl.security.keys.BasicKeyManager loadKeyStore
INFORMAÇÕES: Loading CCN key store from /root/.ccnx/.ccnx_keystore...last modified 1420721633000(ms).
Jan 15, 2015 6:12:22 PM org.ccnx.ccn.impl.security.keys.BasicKeyManager readKeyStore
INFORMAÇÕES: Loading CCN key store...
Jan 15, 2015 6:12:22 PM org.ccnx.ccn.impl.security.keys.BasicKeyManager loadKeyStore
INFORMAÇÕES: Loaded CCN key store from /root/.ccnx/.ccnx_keystore...version 2015-01-08 09:53:53.0 ms: 1420721633000
Jan 15, 2015 6:12:22 PM org.ccnx.ccn.impl.security.keys.BasicKeyManager loadValuesFromKeystore
INFORMAÇÕES: Loading key store file:/root/.ccnx/.ccnx_keystore version 2015-01-08 09:53:53.0 version component =FD054AE7DE1000 millis 1420721633000
Jan 15, 2015 6:12:22 PM org.ccnx.ccn.impl.security.keys.BasicKeyManager loadValuesFromKeystore
INFORMAÇÕES: Default key ID for user root: kjSt7EfRnj5qKvNi1E4Jq2tx9DsZALoGIvtF8qW32fY=
Jan 15, 2015 6:12:22 PM org.ccnx.ccn.impl.security.keys.SecureKeyCache loadKeyStore
INFORMAÇÕES: KeyCache: loading signing key kjSt7EfRnj5qKvNi1E4Jq2tx9DsZALoGIvtF8qW32fY=, remembering public key in public key cache.
Jan 15, 2015 6:12:22 PM org.ccnx.ccn.impl.security.keys.SecureKeyCache addMySigningKey
INFORMAÇÕES: SecureKeyCache: adding my private key 9234adec47d19e3e6a2af362d44e09ab6b71f43b1900ba0622fb45f2a5b7d9f6
Jan 15, 2015 6:12:22 PM org.ccnx.ccn.impl.security.keys.BasicKeyManager loadValuesFromConfiguration
INFORMAÇÕES: Not loading key manager configuration data in response to user configuration variable.
Jan 15, 2015 6:12:22 PM org.ccnx.ccn.impl.CCNNetworkManager <init>
ADVERTÊNCIA: NetworkManager 1: Non-standard CCN agent port 63000 per property ccn.agent.port
Jan 15, 2015 6:12:22 PM org.ccnx.ccn.impl.CCNNetworkManager <init>
INFORMAÇÕES: NetworkManager 1: Contacting CCN agent at localhost:63000
Jan 15, 2015 6:12:22 PM org.ccnx.ccn.impl.CCNNetworkChannel <init>
INFORMAÇÕES: NetworkChannel 1: Starting up CCNNetworkChannel using TCP.
Jan 15, 2015 6:12:22 PM org.ccnx.ccn.impl.CCNNetworkChannel open
INFORMAÇÕES: NetworkChannel 1: open()
Jan 15, 2015 6:12:22 PM org.ccnx.ccn.impl.CCNNetworkChannel open
INFORMAÇÕES: NetworkChannel 1: Contacting CCN agent at localhost:63000 on local port 40176
Jan 15, 2015 6:12:22 PM org.ccnx.ccn.CCNHandle <init>
INFORMAÇÕES: CCNHandle 1: Handle is now open
Jan 15, 2015 6:12:22 PM org.ccnx.ccn.impl.CCNNetworkManager run
INFORMAÇÕES: NetworkManager 1: CCNNetworkManager processing thread started for port: 63000
Jan 15, 2015 6:12:22 PM org.ccnx.ccn.impl.security.keys.PublicKeyCache getPublicKeyObject
INFORMAÇÕES: Retrieved key 1jYqtWb54a3hYuudALlY+uWoa+H6XEFakodAe1T6/ws= using locator NAME: /%C1.M.S.localhost/%C1.M.SRV/ccnd/KEY/%C1.M.K=00D6362AB566F9E1ADE162EB9D00B958FAE5A86BE1FA5C415A9287407B54FAFF0B/=FD054B82D339C9.
Jan 15, 2015 6:12:22 PM org.ccnx.ccn.impl.security.keys.PublicKeyCache getPublicKeyObject
INFORMAÇÕES: Retrieved key 1jYqtWb54a3hYuudALlY+uWoa+H6XEFakodAe1T6/ws= using locator NAME: /%C1.M.S.localhost/%C1.M.SRV/ccnd/KEY/%C1.M.K=00D6362AB566F9E1ADE162EB9D00B958FAE5A86BE1FA5C415A9287407B54FAFF0B/=FD054B82D339C9 - got /%C1.M.S.localhost/%C1.M.SRV/ccnd/KEY/%C1.M.K=00D6362AB566F9E1ADE162EB9D00B958FAE5A86BE1FA5C415A9287407B54FAFF0B/=FD054B82D339C9/=00
Jan 15, 2015 6:12:22 PM org.ccnx.ccn.io.CCNAbstractInputStream <init>
INFORMAÇÕES: CCNAbstractInputStream: /%C1.M.S.localhost/%C1.M.SRV/ccnd/KEY/%C1.M.K=00D6362AB566F9E1ADE162EB9D00B958FAE5A86BE1FA5C415A9287407B54FAFF0B/=FD054B82D339C9 segment 0
Jan 15, 2015 6:12:22 PM org.ccnx.ccn.impl.security.keys.PublicKeyCache getPublicKeyObject
INFORMAÇÕES: Retrieved public key using name: /%C1.M.S.localhost/%C1.M.SRV/ccnd/KEY/%C1.M.K=00D6362AB566F9E1ADE162EB9D00B958FAE5A86BE1FA5C415A9287407B54FAFF0B/=FD054B82D339C9
Jan 15, 2015 6:12:22 PM org.ccnx.ccn.impl.security.keys.PublicKeyCache getPublicKey
INFORMAÇÕES: Retrieved key 1jYqtWb54a3hYuudALlY+uWoa+H6XEFakodAe1T6/ws= from network with locator NAME: /%C1.M.S.localhost/%C1.M.SRV/ccnd/KEY/%C1.M.K=00D6362AB566F9E1ADE162EB9D00B958FAE5A86BE1FA5C415A9287407B54FAFF0B/=FD054B82D339C9!
Jan 15, 2015 6:12:22 PM org.ccnx.ccn.config.PlatformConfiguration <clinit>
INFORMAÇÕES: BC provider: BC
Jan 15, 2015 6:12:22 PM org.ccnx.ccn.config.PlatformConfiguration <clinit>
INFORMAÇÕES: Provider info: BouncyCastle Security Provider v1.43 version: 1.43
Jan 15, 2015 6:12:22 PM org.ccnx.ccn.config.PlatformConfiguration <clinit>
INFORMAÇÕES: java.vm.name = OpenJDK 64-Bit Server VM
Jan 15, 2015 6:12:23 PM org.ccnx.ccn.impl.CCNFlowControl addNameSpace
INFORMAÇÕES: Flow controller addNameSpace: added namespace: /ccnx.org/Users/root/Keys/%C1.M.K=009234ADEC47D19E3E6A2AF362D44E09AB6B71F43B1900BA0622FB45F2A5B7D9F6/=FD054AE7DE1000
Jan 15, 2015 6:12:23 PM org.ccnx.ccn.impl.security.keys.BasicKeyManager getKeyLocator
INFORMAÇÕES: getKeyLocator: returning locator KEY: kjSt7EfRnj5qKvNi1E4Jq2tx9DsZALoGIvtF8qW32fY= for key kjSt7EfRnj5qKvNi1E4Jq2tx9DsZALoGIvtF8qW32fY=
Jan 15, 2015 6:12:23 PM org.ccnx.ccn.KeyManager publishKey
INFORMAÇÕES: publishKey: key not previously published, making new key object /ccnx.org/Users/root/Keys/%C1.M.K=009234ADEC47D19E3E6A2AF362D44E09AB6B71F43B1900BA0622FB45F2A5B7D9F6 with version 2015-01-08 09:53:53.0 displayed as =FD054AE7DE1000
Jan 15, 2015 6:12:23 PM org.ccnx.ccn.io.CCNAbstractOutputStream <init>
INFORMAÇÕES: CCNAbstractOutputStream: /ccnx.org/Users/root/Keys/%C1.M.K=009234ADEC47D19E3E6A2AF362D44E09AB6B71F43B1900BA0622FB45F2A5B7D9F6/=FD054AE7DE1000 blocksize is 4096
Jan 15, 2015 6:12:23 PM org.ccnx.ccn.io.CCNAbstractOutputStream startWrite
INFORMAÇÕES: CCNAbstractOutputStream: startWrite -- searching for keys.
Jan 15, 2015 6:12:23 PM org.ccnx.ccn.profiles.security.access.AccessControlManager keysForOutput
INFORMAÇÕES: keysForOutput: found an acm: (null)
Jan 15, 2015 6:12:23 PM org.ccnx.ccn.io.CCNOutputStream flushToNetwork
INFORMAÇÕES: flush: outputting to the segmenter, baseName /ccnx.org/Users/root/Keys/%C1.M.K=009234ADEC47D19E3E6A2AF362D44E09AB6B71F43B1900BA0622FB45F2A5B7D9F6/=FD054AE7DE1000 basenameindex =00; 162 bytes written, holding back 162 flushing final blocks? false.
Jan 15, 2015 6:12:23 PM org.ccnx.ccn.io.CCNOutputStream flushToNetwork
INFORMAÇÕES: HEADER: CCNOutputStream: flushToNetwork: new _baseNameIndex 0
Jan 15, 2015 6:12:23 PM org.ccnx.ccn.io.CCNOutputStream flushToNetwork
INFORMAÇÕES: flush: outputting to the segmenter, baseName /ccnx.org/Users/root/Keys/%C1.M.K=009234ADEC47D19E3E6A2AF362D44E09AB6B71F43B1900BA0622FB45F2A5B7D9F6/=FD054AE7DE1000 basenameindex =00; 162 bytes written, holding back 0 flushing final blocks? true.
Jan 15, 2015 6:12:23 PM org.ccnx.ccn.io.CCNOutputStream flushToNetwork
INFORMAÇÕES: HEADER: CCNOutputStream: flushToNetwork: new _baseNameIndex 1
Jan 15, 2015 6:12:23 PM org.ccnx.ccn.io.CCNOutputStream close
INFORMAÇÕES: CCNOutputStream close: /ccnx.org/Users/root/Keys/%C1.M.K=009234ADEC47D19E3E6A2AF362D44E09AB6B71F43B1900BA0622FB45F2A5B7D9F6/=FD054AE7DE1000
Jan 15, 2015 6:12:23 PM org.ccnx.ccn.KeyManager publishKey
INFORMAÇÕES: Published key Sun RSA public key, 1024 bits
  modulus: 110921138301212145392004253279917995950258669333863662056871643271976607790547016315269834949391078948318860805625603844022322721344201027571021917379901461301585327002407293702110801478794762434747364279565414349376821790585553127606947398240644540011141381284624017866806283409148649866001587866016004087361
  public exponent: 65537 to name /ccnx.org/Users/root/Keys/%C1.M.K=009234ADEC47D19E3E6A2AF362D44E09AB6B71F43B1900BA0622FB45F2A5B7D9F6/=FD054AE7DE1000 with key locator NAME: /ccnx.org/Users/root/Keys/%C1.M.K=009234ADEC47D19E3E6A2AF362D44E09AB6B71F43B1900BA0622FB45F2A5B7D9F6/=FD054AE7DE1000 KEY:-reba89rgbj1o6ata34t5eovcl4kho5s9pnv8nstq15q1ld4g9ga; ephemeral digest =D914BDC1DED0B6A1C6C964BAE098E3114E3A833D81DDD3CAAD9961786ADF484B.
Jan 15, 2015 6:12:23 PM org.ccnx.ccn.impl.security.keys.BasicKeyManager publishKey
INFORMAÇÕES: publishKey: published key kjSt7EfRnj5qKvNi1E4Jq2tx9DsZALoGIvtF8qW32fY=
 under specified key name /ccnx.org/Users/root/Keys/%C1.M.K=009234ADEC47D19E3E6A2AF362D44E09AB6B71F43B1900BA0622FB45F2A5B7D9F6/=FD054AE7DE1000
 key locator: NAME: /ccnx.org/Users/root/Keys/%C1.M.K=009234ADEC47D19E3E6A2AF362D44E09AB6B71F43B1900BA0622FB45F2A5B7D9F6/=FD054AE7DE1000 KEY:-reba89rgbj1o6ata34t5eovcl4kho5s9pnv8nstq15q1ld4g9ga
Jan 15, 2015 6:12:23 PM org.ccnx.ccn.impl.security.keys.BasicKeyManager publishKey
INFORMAÇÕES: publishKey: storing key locator kjSt7EfRnj5qKvNi1E4Jq2tx9DsZALoGIvtF8qW32fY= for key NAME: /ccnx.org/Users/root/Keys/%C1.M.K=009234ADEC47D19E3E6A2AF362D44E09AB6B71F43B1900BA0622FB45F2A5B7D9F6/=FD054AE7DE1000 KEY:-reba89rgbj1o6ata34t5eovcl4kho5s9pnv8nstq15q1ld4g9ga
Jan 15, 2015 6:12:23 PM org.ccnx.ccn.impl.CCNNetworkManager <init>
ADVERTÊNCIA: NetworkManager 2: Non-standard CCN agent port 63000 per property ccn.agent.port
Jan 15, 2015 6:12:23 PM org.ccnx.ccn.impl.CCNNetworkManager <init>
INFORMAÇÕES: NetworkManager 2: Contacting CCN agent at localhost:63000
Jan 15, 2015 6:12:23 PM org.ccnx.ccn.impl.CCNNetworkChannel <init>
INFORMAÇÕES: NetworkChannel 2: Starting up CCNNetworkChannel using TCP.
Jan 15, 2015 6:12:23 PM org.ccnx.ccn.impl.CCNNetworkChannel open
INFORMAÇÕES: NetworkChannel 2: open()
Jan 15, 2015 6:12:23 PM org.ccnx.ccn.impl.CCNNetworkChannel open
INFORMAÇÕES: NetworkChannel 2: Contacting CCN agent at localhost:63000 on local port 40177
Jan 15, 2015 6:12:23 PM org.ccnx.ccn.CCNHandle <init>
INFORMAÇÕES: CCNHandle 2: Handle is now open
Jan 15, 2015 6:12:23 PM org.ccnx.ccn.impl.CCNNetworkManager <init>
ADVERTÊNCIA: NetworkManager 3: Non-standard CCN agent port 63000 per property ccn.agent.port
Jan 15, 2015 6:12:23 PM org.ccnx.ccn.impl.CCNNetworkManager <init>
INFORMAÇÕES: NetworkManager 3: Contacting CCN agent at localhost:63000
Jan 15, 2015 6:12:23 PM org.ccnx.ccn.impl.CCNNetworkChannel <init>
INFORMAÇÕES: NetworkChannel 3: Starting up CCNNetworkChannel using TCP.
Jan 15, 2015 6:12:23 PM org.ccnx.ccn.impl.CCNNetworkChannel open
INFORMAÇÕES: NetworkChannel 3: open()
Jan 15, 2015 6:12:23 PM org.ccnx.ccn.impl.CCNNetworkChannel open
INFORMAÇÕES: NetworkChannel 3: Contacting CCN agent at localhost:63000 on local port 40178
Jan 15, 2015 6:12:23 PM org.ccnx.ccn.CCNHandle <init>
INFORMAÇÕES: CCNHandle 3: Handle is now open
Jan 15, 2015 6:12:23 PM org.ccnx.ccn.repo.RFSTest testRepo
INFORMAÇÕES: Starting testRepo
Jan 15, 2015 6:12:23 PM org.ccnx.ccn.impl.repo.LogStructRepoStore initialize
INFORMAÇÕES: LogStructRepoStore.initialize()
Jan 15, 2015 6:12:23 PM org.ccnx.ccn.impl.repo.LogStructRepoStore initialize
ADVERTÊNCIA: Starting repository; repository root is: /home/barbara/jaime/ccnx-0.8.1/javasrc/testout/repotest
Jan 15, 2015 6:12:23 PM org.ccnx.ccn.impl.security.keys.BasicKeyManager loadKeyStore
INFORMAÇÕES: Creating new CCN key store.../home/barbara/jaime/ccnx-0.8.1/javasrc/testout/repotest/ccnx_repository_keystore
Jan 15, 2015 6:12:23 PM org.ccnx.ccn.impl.security.keys.BasicKeyManager loadKeyStore
INFORMAÇÕES: ...created key store. Version: 2015-01-15 18:12:23.0 (1421356343000 ms) Last modified: 1421356343000. Will now load normally.
Jan 15, 2015 6:12:23 PM org.ccnx.ccn.impl.security.keys.BasicKeyManager loadKeyStore
INFORMAÇÕES: Loading CCN key store from /home/barbara/jaime/ccnx-0.8.1/javasrc/testout/repotest/ccnx_repository_keystore...last modified 1421356343000(ms).
Jan 15, 2015 6:12:23 PM org.ccnx.ccn.impl.security.keys.BasicKeyManager readKeyStore
INFORMAÇÕES: Loading CCN key store...
Jan 15, 2015 6:12:23 PM org.ccnx.ccn.impl.security.keys.BasicKeyManager loadKeyStore
INFORMAÇÕES: Loaded CCN key store from /home/barbara/jaime/ccnx-0.8.1/javasrc/testout/repotest/ccnx_repository_keystore...version 2015-01-15 18:12:23.0 ms: 1421356343000
Jan 15, 2015 6:12:23 PM org.ccnx.ccn.impl.security.keys.BasicKeyManager loadValuesFromKeystore
INFORMAÇÕES: Loading key store file:/home/barbara/jaime/ccnx-0.8.1/javasrc/testout/repotest/ccnx_repository_keystore version 2015-01-15 18:12:23.0 version component =FD054B82D37000 millis 1421356343000
Jan 15, 2015 6:12:23 PM org.ccnx.ccn.impl.security.keys.BasicKeyManager loadValuesFromKeystore
INFORMAÇÕES: Default key ID for user Repository: S4i7YzrTcDqLIp49sxbn66pnOHlSUmEAf3vtyh1k7U0=
Jan 15, 2015 6:12:23 PM org.ccnx.ccn.impl.security.keys.SecureKeyCache loadKeyStore
INFORMAÇÕES: KeyCache: loading signing key S4i7YzrTcDqLIp49sxbn66pnOHlSUmEAf3vtyh1k7U0=, remembering public key in public key cache.
Jan 15, 2015 6:12:23 PM org.ccnx.ccn.impl.security.keys.SecureKeyCache addMySigningKey
INFORMAÇÕES: SecureKeyCache: adding my private key 4b88bb633ad3703a8b229e3db316e7ebaa673879525261007f7bedca1d64ed4d
Jan 15, 2015 6:12:23 PM org.ccnx.ccn.impl.security.keys.BasicKeyManager loadValuesFromConfiguration
INFORMAÇÕES: Not loading key manager configuration data in response to user configuration variable.
Jan 15, 2015 6:12:23 PM org.ccnx.ccn.impl.CCNNetworkManager <init>
ADVERTÊNCIA: NetworkManager 4: Non-standard CCN agent port 63000 per property ccn.agent.port
Jan 15, 2015 6:12:23 PM org.ccnx.ccn.impl.CCNNetworkManager <init>
INFORMAÇÕES: NetworkManager 4: Contacting CCN agent at localhost:63000
Jan 15, 2015 6:12:23 PM org.ccnx.ccn.impl.CCNNetworkChannel <init>
INFORMAÇÕES: NetworkChannel 4: Starting up CCNNetworkChannel using TCP.
Jan 15, 2015 6:12:23 PM org.ccnx.ccn.impl.CCNNetworkChannel open
INFORMAÇÕES: NetworkChannel 4: open()
Jan 15, 2015 6:12:23 PM org.ccnx.ccn.impl.CCNNetworkChannel open
INFORMAÇÕES: NetworkChannel 4: Contacting CCN agent at localhost:63000 on local port 40179
Jan 15, 2015 6:12:23 PM org.ccnx.ccn.CCNHandle <init>
INFORMAÇÕES: CCNHandle 4: Handle is now open
Jan 15, 2015 6:12:23 PM org.ccnx.ccn.impl.CCNNetworkManager run
INFORMAÇÕES: NetworkManager 4: CCNNetworkManager processing thread started for port: 63000
Jan 15, 2015 6:12:23 PM org.ccnx.ccn.impl.security.keys.PublicKeyCache getPublicKey
INFORMAÇÕES: Repository looking up a key that is contained in the locator...
Jan 15, 2015 6:12:23 PM org.ccnx.ccn.impl.CCNFlowControl addNameSpace
INFORMAÇÕES: Flow controller addNameSpace: added namespace: /ccnx.org/Users/Repository/Keys/%C1.M.K%00K=88BB633AD3703A8B229E3DB316E7EBAA673879525261007F7BEDCA1D64ED4D/=FD054B82D37000
Jan 15, 2015 6:12:23 PM org.ccnx.ccn.impl.security.keys.BasicKeyManager getKeyLocator
INFORMAÇÕES: getKeyLocator: returning locator KEY: S4i7YzrTcDqLIp49sxbn66pnOHlSUmEAf3vtyh1k7U0= for key S4i7YzrTcDqLIp49sxbn66pnOHlSUmEAf3vtyh1k7U0=
Jan 15, 2015 6:12:23 PM org.ccnx.ccn.KeyManager publishKey
INFORMAÇÕES: publishKey: key not previously published, making new key object /ccnx.org/Users/Repository/Keys/%C1.M.K%00K=88BB633AD3703A8B229E3DB316E7EBAA673879525261007F7BEDCA1D64ED4D with version 2015-01-15 18:12:23.0 displayed as =FD054B82D37000
Jan 15, 2015 6:12:23 PM org.ccnx.ccn.io.CCNAbstractOutputStream <init>
INFORMAÇÕES: CCNAbstractOutputStream: /ccnx.org/Users/Repository/Keys/%C1.M.K%00K=88BB633AD3703A8B229E3DB316E7EBAA673879525261007F7BEDCA1D64ED4D/=FD054B82D37000 blocksize is 4096
Jan 15, 2015 6:12:23 PM org.ccnx.ccn.io.CCNAbstractOutputStream startWrite
INFORMAÇÕES: CCNAbstractOutputStream: startWrite -- searching for keys.
Jan 15, 2015 6:12:23 PM org.ccnx.ccn.io.CCNOutputStream flushToNetwork
INFORMAÇÕES: flush: outputting to the segmenter, baseName /ccnx.org/Users/Repository/Keys/%C1.M.K%00K=88BB633AD3703A8B229E3DB316E7EBAA673879525261007F7BEDCA1D64ED4D/=FD054B82D37000 basenameindex =00; 162 bytes written, holding back 162 flushing final blocks? false.
Jan 15, 2015 6:12:23 PM org.ccnx.ccn.io.CCNOutputStream flushToNetwork
INFORMAÇÕES: HEADER: CCNOutputStream: flushToNetwork: new _baseNameIndex 0
Jan 15, 2015 6:12:23 PM org.ccnx.ccn.io.CCNOutputStream flushToNetwork
INFORMAÇÕES: flush: outputting to the segmenter, baseName /ccnx.org/Users/Repository/Keys/%C1.M.K%00K=88BB633AD3703A8B229E3DB316E7EBAA673879525261007F7BEDCA1D64ED4D/=FD054B82D37000 basenameindex =00; 162 bytes written, holding back 0 flushing final blocks? true.
Jan 15, 2015 6:12:23 PM org.ccnx.ccn.io.CCNOutputStream flushToNetwork
INFORMAÇÕES: HEADER: CCNOutputStream: flushToNetwork: new _baseNameIndex 1
Jan 15, 2015 6:12:23 PM org.ccnx.ccn.io.CCNOutputStream close
INFORMAÇÕES: CCNOutputStream close: /ccnx.org/Users/Repository/Keys/%C1.M.K%00K=88BB633AD3703A8B229E3DB316E7EBAA673879525261007F7BEDCA1D64ED4D/=FD054B82D37000
Jan 15, 2015 6:12:23 PM org.ccnx.ccn.KeyManager publishKey
INFORMAÇÕES: Published key Sun RSA public key, 1024 bits
  modulus: 98729377285944538465654956187621095622677951714248211360140917608734483559715223520334906132288194480350362537812985517558301519177055488150813821216139774229467697924672398800354015829065146829515241059906091543682694035243938592326788092684795643863022466657863905576446292930838490580910344904710395128307
  public exponent: 65537 to name /ccnx.org/Users/Repository/Keys/%C1.M.K%00K=88BB633AD3703A8B229E3DB316E7EBAA673879525261007F7BEDCA1D64ED4D/=FD054B82D37000 with key locator NAME: /ccnx.org/Users/Repository/Keys/%C1.M.K%00K=88BB633AD3703A8B229E3DB316E7EBAA673879525261007F7BEDCA1D64ED4D/=FD054B82D37000 KEY:is8ndhjlkrg7a5i57htmcbefqtacss7ikiic407uuvdp8em9rad; ephemeral digest =8D85A03023E31E7837B1DB8848C3A457355E44AE8642D69A80C46FD8B0E6CDE2.
Jan 15, 2015 6:12:23 PM org.ccnx.ccn.impl.security.keys.BasicKeyManager publishKey
INFORMAÇÕES: publishKey: published key S4i7YzrTcDqLIp49sxbn66pnOHlSUmEAf3vtyh1k7U0=
 under specified key name /ccnx.org/Users/Repository/Keys/%C1.M.K%00K=88BB633AD3703A8B229E3DB316E7EBAA673879525261007F7BEDCA1D64ED4D/=FD054B82D37000
 key locator: NAME: /ccnx.org/Users/Repository/Keys/%C1.M.K%00K=88BB633AD3703A8B229E3DB316E7EBAA673879525261007F7BEDCA1D64ED4D/=FD054B82D37000 KEY:is8ndhjlkrg7a5i57htmcbefqtacss7ikiic407uuvdp8em9rad
Jan 15, 2015 6:12:23 PM org.ccnx.ccn.impl.security.keys.BasicKeyManager publishKey
INFORMAÇÕES: publishKey: storing key locator S4i7YzrTcDqLIp49sxbn66pnOHlSUmEAf3vtyh1k7U0= for key NAME: /ccnx.org/Users/Repository/Keys/%C1.M.K%00K=88BB633AD3703A8B229E3DB316E7EBAA673879525261007F7BEDCA1D64ED4D/=FD054B82D37000 KEY:is8ndhjlkrg7a5i57htmcbefqtacss7ikiic407uuvdp8em9rad
Jan 15, 2015 6:12:23 PM org.ccnx.ccn.impl.CCNNetworkManager shutdown
INFORMAÇÕES: NetworkManager 1: Shutdown requested
Jan 15, 2015 6:12:23 PM org.ccnx.ccn.impl.CCNNetworkManager run
INFORMAÇÕES: NetworkManager 1: Shutdown complete for port: 63000
Jan 15, 2015 6:12:23 PM org.ccnx.ccn.impl.CCNNetworkChannel close
INFORMAÇÕES: NetworkChannel 1: close(false)
Jan 15, 2015 6:12:23 PM org.ccnx.ccn.impl.security.keys.BasicKeyManager saveSecureKeyCache
INFORMAÇÕES: Not saving key manager secure key cache data in response to user configuration variable.
Jan 15, 2015 6:12:23 PM org.ccnx.ccn.KeyManager setDefaultKeyManager
INFORMAÇÕES: Setting default key manager: new KeyManager org.ccnx.ccn.impl.security.keys.BasicKeyManager
Jan 15, 2015 6:12:23 PM org.ccnx.ccn.impl.CCNNetworkManager <init>
ADVERTÊNCIA: NetworkManager 5: Non-standard CCN agent port 63000 per property ccn.agent.port
Jan 15, 2015 6:12:23 PM org.ccnx.ccn.impl.CCNNetworkManager <init>
INFORMAÇÕES: NetworkManager 5: Contacting CCN agent at localhost:63000
Jan 15, 2015 6:12:23 PM org.ccnx.ccn.impl.CCNNetworkChannel <init>
INFORMAÇÕES: NetworkChannel 5: Starting up CCNNetworkChannel using TCP.
Jan 15, 2015 6:12:23 PM org.ccnx.ccn.impl.CCNNetworkChannel open
INFORMAÇÕES: NetworkChannel 5: open()
Jan 15, 2015 6:12:23 PM org.ccnx.ccn.impl.CCNNetworkChannel open
INFORMAÇÕES: NetworkChannel 5: Contacting CCN agent at localhost:63000 on local port 40180
Jan 15, 2015 6:12:23 PM org.ccnx.ccn.CCNHandle <init>
INFORMAÇÕES: CCNHandle 5: Handle is now open
Jan 15, 2015 6:12:23 PM org.ccnx.ccn.impl.CCNFlowControl addNameSpace
INFORMAÇÕES: Flow controller addNameSpace: added namespace: /%C1.M.S.localhost/%C1.M.SRV/repository/KEY/%C1.M.K%00K=88BB633AD3703A8B229E3DB316E7EBAA673879525261007F7BEDCA1D64ED4D
Jan 15, 2015 6:12:23 PM org.ccnx.ccn.impl.security.keys.BasicKeyManager getKeyLocator
INFORMAÇÕES: getKeyLocator: returning locator NAME: /ccnx.org/Users/Repository/Keys/%C1.M.K%00K=88BB633AD3703A8B229E3DB316E7EBAA673879525261007F7BEDCA1D64ED4D/=FD054B82D37000 KEY:is8ndhjlkrg7a5i57htmcbefqtacss7ikiic407uuvdp8em9rad for key S4i7YzrTcDqLIp49sxbn66pnOHlSUmEAf3vtyh1k7U0=
Jan 15, 2015 6:12:23 PM org.ccnx.ccn.KeyManager publishKey
INFORMAÇÕES: publishKey: key not previously published, making new key object /%C1.M.S.localhost/%C1.M.SRV/repository/KEY/%C1.M.K%00K=88BB633AD3703A8B229E3DB316E7EBAA673879525261007F7BEDCA1D64ED4D with version 2015-01-15 18:12:23.38696289 displayed as <no version>
Jan 15, 2015 6:12:23 PM org.ccnx.ccn.io.CCNAbstractOutputStream <init>
INFORMAÇÕES: CCNAbstractOutputStream: /%C1.M.S.localhost/%C1.M.SRV/repository/KEY/%C1.M.K%00K=88BB633AD3703A8B229E3DB316E7EBAA673879525261007F7BEDCA1D64ED4D/=FD054B82D37631 blocksize is 4096
Jan 15, 2015 6:12:23 PM org.ccnx.ccn.io.CCNAbstractOutputStream startWrite
INFORMAÇÕES: CCNAbstractOutputStream: startWrite -- searching for keys.
Jan 15, 2015 6:12:23 PM org.ccnx.ccn.io.CCNOutputStream flushToNetwork
INFORMAÇÕES: flush: outputting to the segmenter, baseName /%C1.M.S.localhost/%C1.M.SRV/repository/KEY/%C1.M.K%00K=88BB633AD3703A8B229E3DB316E7EBAA673879525261007F7BEDCA1D64ED4D/=FD054B82D37631 basenameindex =00; 162 bytes written, holding back 162 flushing final blocks? false.
Jan 15, 2015 6:12:23 PM org.ccnx.ccn.io.CCNOutputStream flushToNetwork
INFORMAÇÕES: HEADER: CCNOutputStream: flushToNetwork: new _baseNameIndex 0
Jan 15, 2015 6:12:23 PM org.ccnx.ccn.io.CCNOutputStream flushToNetwork
INFORMAÇÕES: flush: outputting to the segmenter, baseName /%C1.M.S.localhost/%C1.M.SRV/repository/KEY/%C1.M.K%00K=88BB633AD3703A8B229E3DB316E7EBAA673879525261007F7BEDCA1D64ED4D/=FD054B82D37631 basenameindex =00; 162 bytes written, holding back 0 flushing final blocks? true.
Jan 15, 2015 6:12:23 PM org.ccnx.ccn.io.CCNOutputStream flushToNetwork
INFORMAÇÕES: HEADER: CCNOutputStream: flushToNetwork: new _baseNameIndex 1
Jan 15, 2015 6:12:23 PM org.ccnx.ccn.io.CCNOutputStream close
INFORMAÇÕES: CCNOutputStream close: /%C1.M.S.localhost/%C1.M.SRV/repository/KEY/%C1.M.K%00K=88BB633AD3703A8B229E3DB316E7EBAA673879525261007F7BEDCA1D64ED4D/=FD054B82D37631
Jan 15, 2015 6:12:23 PM org.ccnx.ccn.KeyManager publishKey
INFORMAÇÕES: Published key Sun RSA public key, 1024 bits
  modulus: 98729377285944538465654956187621095622677951714248211360140917608734483559715223520334906132288194480350362537812985517558301519177055488150813821216139774229467697924672398800354015829065146829515241059906091543682694035243938592326788092684795643863022466657863905576446292930838490580910344904710395128307
  public exponent: 65537 to name /%C1.M.S.localhost/%C1.M.SRV/repository/KEY/%C1.M.K%00K=88BB633AD3703A8B229E3DB316E7EBAA673879525261007F7BEDCA1D64ED4D/=FD054B82D37631 with key locator NAME: /%C1.M.S.localhost/%C1.M.SRV/repository/KEY/%C1.M.K%00K=88BB633AD3703A8B229E3DB316E7EBAA673879525261007F7BEDCA1D64ED4D/=FD054B82D37631 KEY:is8ndhjlkrg7a5i57htmcbefqtacss7ikiic407uuvdp8em9rad; ephemeral digest -=FEC7924AA9F5727446918CA65A2A2DF4350905BE35E8298F04629D88C428A7.
Jan 15, 2015 6:12:23 PM org.ccnx.ccn.impl.security.keys.BasicKeyManager publishKey
INFORMAÇÕES: publishKey: published key S4i7YzrTcDqLIp49sxbn66pnOHlSUmEAf3vtyh1k7U0=
 under specified key name /%C1.M.S.localhost/%C1.M.SRV/repository/KEY/%C1.M.K%00K=88BB633AD3703A8B229E3DB316E7EBAA673879525261007F7BEDCA1D64ED4D/=FD054B82D37631
 key locator: NAME: /%C1.M.S.localhost/%C1.M.SRV/repository/KEY/%C1.M.K%00K=88BB633AD3703A8B229E3DB316E7EBAA673879525261007F7BEDCA1D64ED4D/=FD054B82D37631 KEY:is8ndhjlkrg7a5i57htmcbefqtacss7ikiic407uuvdp8em9rad
Jan 15, 2015 6:12:23 PM org.ccnx.ccn.impl.CCNFlowControl addNameSpace
INFORMAÇÕES: Flow controller addNameSpace: added namespace: /%C1.M.S.localhost/%C1.M.SRV/repository/KEY
Jan 15, 2015 6:12:23 PM org.ccnx.ccn.impl.repo.LogStructRepoStore initialize
INFORMAÇÕES: REPO: initializing repository: global prefix /parc.com/csl/ccn/repositories/TestRepository, local name TestRepository
Jan 15, 2015 6:12:23 PM org.ccnx.ccn.impl.repo.LogStructRepoStore initialize
INFORMAÇÕES: REPO: initializing policy location: TestRepository for global prefix /parc.com/csl/ccn/repositories/TestRepository and local name TestRepository
Jan 15, 2015 6:12:23 PM org.ccnx.ccn.impl.security.keys.BasicKeyManager getKeyLocator
INFORMAÇÕES: getKeyLocator: returning locator NAME: /ccnx.org/Users/Repository/Keys/%C1.M.K%00K=88BB633AD3703A8B229E3DB316E7EBAA673879525261007F7BEDCA1D64ED4D/=FD054B82D37000 KEY:is8ndhjlkrg7a5i57htmcbefqtacss7ikiic407uuvdp8em9rad for key S4i7YzrTcDqLIp49sxbn66pnOHlSUmEAf3vtyh1k7U0=
Jan 15, 2015 6:12:23 PM org.ccnx.ccn.impl.security.keys.BasicKeyManager getKeyLocator
INFORMAÇÕES: getKeyLocator: returning locator NAME: /ccnx.org/Users/Repository/Keys/%C1.M.K%00K=88BB633AD3703A8B229E3DB316E7EBAA673879525261007F7BEDCA1D64ED4D/=FD054B82D37000 KEY:is8ndhjlkrg7a5i57htmcbefqtacss7ikiic407uuvdp8em9rad for key S4i7YzrTcDqLIp49sxbn66pnOHlSUmEAf3vtyh1k7U0=
Jan 15, 2015 6:12:23 PM org.ccnx.ccn.impl.security.keys.BasicKeyManager getKeyLocator
INFORMAÇÕES: getKeyLocator: returning locator NAME: /ccnx.org/Users/Repository/Keys/%C1.M.K%00K=88BB633AD3703A8B229E3DB316E7EBAA673879525261007F7BEDCA1D64ED4D/=FD054B82D37000 KEY:is8ndhjlkrg7a5i57htmcbefqtacss7ikiic407uuvdp8em9rad for key S4i7YzrTcDqLIp49sxbn66pnOHlSUmEAf3vtyh1k7U0=
Jan 15, 2015 6:12:23 PM org.ccnx.ccn.impl.security.keys.BasicKeyManager getKeyLocator
INFORMAÇÕES: getKeyLocator: returning locator NAME: /ccnx.org/Users/Repository/Keys/%C1.M.K%00K=88BB633AD3703A8B229E3DB316E7EBAA673879525261007F7BEDCA1D64ED4D/=FD054B82D37000 KEY:is8ndhjlkrg7a5i57htmcbefqtacss7ikiic407uuvdp8em9rad for key S4i7YzrTcDqLIp49sxbn66pnOHlSUmEAf3vtyh1k7U0=
Jan 15, 2015 6:12:23 PM org.ccnx.ccn.impl.security.keys.BasicKeyManager getKeyLocator
INFORMAÇÕES: getKeyLocator: returning locator NAME: /ccnx.org/Users/Repository/Keys/%C1.M.K%00K=88BB633AD3703A8B229E3DB316E7EBAA673879525261007F7BEDCA1D64ED4D/=FD054B82D37000 KEY:is8ndhjlkrg7a5i57htmcbefqtacss7ikiic407uuvdp8em9rad for key S4i7YzrTcDqLIp49sxbn66pnOHlSUmEAf3vtyh1k7U0=
Jan 15, 2015 6:12:23 PM org.ccnx.ccn.impl.security.keys.BasicKeyManager getKeyLocator
INFORMAÇÕES: getKeyLocator: returning locator NAME: /ccnx.org/Users/Repository/Keys/%C1.M.K%00K=88BB633AD3703A8B229E3DB316E7EBAA673879525261007F7BEDCA1D64ED4D/=FD054B82D37000 KEY:is8ndhjlkrg7a5i57htmcbefqtacss7ikiic407uuvdp8em9rad for key S4i7YzrTcDqLIp49sxbn66pnOHlSUmEAf3vtyh1k7U0=
Jan 15, 2015 6:12:23 PM org.ccnx.ccn.impl.security.keys.BasicKeyManager getKeyLocator
INFORMAÇÕES: getKeyLocator: returning locator NAME: /ccnx.org/Users/Repository/Keys/%C1.M.K%00K=88BB633AD3703A8B229E3DB316E7EBAA673879525261007F7BEDCA1D64ED4D/=FD054B82D37000 KEY:is8ndhjlkrg7a5i57htmcbefqtacss7ikiic407uuvdp8em9rad for key S4i7YzrTcDqLIp49sxbn66pnOHlSUmEAf3vtyh1k7U0=
Jan 15, 2015 6:12:23 PM org.ccnx.ccn.impl.security.keys.BasicKeyManager getKeyLocator
INFORMAÇÕES: getKeyLocator: returning locator NAME: /ccnx.org/Users/Repository/Keys/%C1.M.K%00K=88BB633AD3703A8B229E3DB316E7EBAA673879525261007F7BEDCA1D64ED4D/=FD054B82D37000 KEY:is8ndhjlkrg7a5i57htmcbefqtacss7ikiic407uuvdp8em9rad for key S4i7YzrTcDqLIp49sxbn66pnOHlSUmEAf3vtyh1k7U0=
Jan 15, 2015 6:12:23 PM org.ccnx.ccn.impl.security.keys.BasicKeyManager getKeyLocator
INFORMAÇÕES: getKeyLocator: returning locator NAME: /ccnx.org/Users/Repository/Keys/%C1.M.K%00K=88BB633AD3703A8B229E3DB316E7EBAA673879525261007F7BEDCA1D64ED4D/=FD054B82D37000 KEY:is8ndhjlkrg7a5i57htmcbefqtacss7ikiic407uuvdp8em9rad for key S4i7YzrTcDqLIp49sxbn66pnOHlSUmEAf3vtyh1k7U0=
Jan 15, 2015 6:12:23 PM org.ccnx.ccn.impl.security.keys.BasicKeyManager getKeyLocator
INFORMAÇÕES: getKeyLocator: returning locator NAME: /ccnx.org/Users/Repository/Keys/%C1.M.K%00K=88BB633AD3703A8B229E3DB316E7EBAA673879525261007F7BEDCA1D64ED4D/=FD054B82D37000 KEY:is8ndhjlkrg7a5i57htmcbefqtacss7ikiic407uuvdp8em9rad for key S4i7YzrTcDqLIp49sxbn66pnOHlSUmEAf3vtyh1k7U0=
Jan 15, 2015 6:12:23 PM org.ccnx.ccn.impl.security.keys.BasicKeyManager getKeyLocator
INFORMAÇÕES: getKeyLocator: returning locator NAME: /ccnx.org/Users/Repository/Keys/%C1.M.K%00K=88BB633AD3703A8B229E3DB316E7EBAA673879525261007F7BEDCA1D64ED4D/=FD054B82D37000 KEY:is8ndhjlkrg7a5i57htmcbefqtacss7ikiic407uuvdp8em9rad for key S4i7YzrTcDqLIp49sxbn66pnOHlSUmEAf3vtyh1k7U0=
Jan 15, 2015 6:12:23 PM org.ccnx.ccn.impl.security.keys.BasicKeyManager getKeyLocator
INFORMAÇÕES: getKeyLocator: returning locator NAME: /ccnx.org/Users/Repository/Keys/%C1.M.K%00K=88BB633AD3703A8B229E3DB316E7EBAA673879525261007F7BEDCA1D64ED4D/=FD054B82D37000 KEY:is8ndhjlkrg7a5i57htmcbefqtacss7ikiic407uuvdp8em9rad for key S4i7YzrTcDqLIp49sxbn66pnOHlSUmEAf3vtyh1k7U0=
Jan 15, 2015 6:12:23 PM org.ccnx.ccn.impl.security.keys.BasicKeyManager getKeyLocator
INFORMAÇÕES: getKeyLocator: returning locator NAME: /ccnx.org/Users/Repository/Keys/%C1.M.K%00K=88BB633AD3703A8B229E3DB316E7EBAA673879525261007F7BEDCA1D64ED4D/=FD054B82D37000 KEY:is8ndhjlkrg7a5i57htmcbefqtacss7ikiic407uuvdp8em9rad for key S4i7YzrTcDqLIp49sxbn66pnOHlSUmEAf3vtyh1k7U0=
Jan 15, 2015 6:12:23 PM org.ccnx.ccn.impl.security.keys.BasicKeyManager getKeyLocator
INFORMAÇÕES: getKeyLocator: returning locator NAME: /ccnx.org/Users/Repository/Keys/%C1.M.K%00K=88BB633AD3703A8B229E3DB316E7EBAA673879525261007F7BEDCA1D64ED4D/=FD054B82D37000 KEY:is8ndhjlkrg7a5i57htmcbefqtacss7ikiic407uuvdp8em9rad for key S4i7YzrTcDqLIp49sxbn66pnOHlSUmEAf3vtyh1k7U0=
Jan 15, 2015 6:12:23 PM org.ccnx.ccn.impl.security.keys.BasicKeyManager getKeyLocator
INFORMAÇÕES: getKeyLocator: returning locator NAME: /ccnx.org/Users/Repository/Keys/%C1.M.K%00K=88BB633AD3703A8B229E3DB316E7EBAA673879525261007F7BEDCA1D64ED4D/=FD054B82D37000 KEY:is8ndhjlkrg7a5i57htmcbefqtacss7ikiic407uuvdp8em9rad for key S4i7YzrTcDqLIp49sxbn66pnOHlSUmEAf3vtyh1k7U0=
Jan 15, 2015 6:12:23 PM org.ccnx.ccn.impl.security.keys.BasicKeyManager getKeyLocator
INFORMAÇÕES: getKeyLocator: returning locator NAME: /ccnx.org/Users/Repository/Keys/%C1.M.K%00K=88BB633AD3703A8B229E3DB316E7EBAA673879525261007F7BEDCA1D64ED4D/=FD054B82D37000 KEY:is8ndhjlkrg7a5i57htmcbefqtacss7ikiic407uuvdp8em9rad for key S4i7YzrTcDqLIp49sxbn66pnOHlSUmEAf3vtyh1k7U0=
Jan 15, 2015 6:12:23 PM org.ccnx.ccn.impl.security.keys.BasicKeyManager getKeyLocator
INFORMAÇÕES: getKeyLocator: returning locator NAME: /ccnx.org/Users/Repository/Keys/%C1.M.K%00K=88BB633AD3703A8B229E3DB316E7EBAA673879525261007F7BEDCA1D64ED4D/=FD054B82D37000 KEY:is8ndhjlkrg7a5i57htmcbefqtacss7ikiic407uuvdp8em9rad for key S4i7YzrTcDqLIp49sxbn66pnOHlSUmEAf3vtyh1k7U0=
Jan 15, 2015 6:12:23 PM org.ccnx.ccn.impl.security.keys.BasicKeyManager getKeyLocator
INFORMAÇÕES: getKeyLocator: returning locator NAME: /ccnx.org/Users/Repository/Keys/%C1.M.K%00K=88BB633AD3703A8B229E3DB316E7EBAA673879525261007F7BEDCA1D64ED4D/=FD054B82D37000 KEY:is8ndhjlkrg7a5i57htmcbefqtacss7ikiic407uuvdp8em9rad for key S4i7YzrTcDqLIp49sxbn66pnOHlSUmEAf3vtyh1k7U0=
Jan 15, 2015 6:12:23 PM org.ccnx.ccn.impl.security.keys.BasicKeyManager getKeyLocator
INFORMAÇÕES: getKeyLocator: returning locator NAME: /ccnx.org/Users/Repository/Keys/%C1.M.K%00K=88BB633AD3703A8B229E3DB316E7EBAA673879525261007F7BEDCA1D64ED4D/=FD054B82D37000 KEY:is8ndhjlkrg7a5i57htmcbefqtacss7ikiic407uuvdp8em9rad for key S4i7YzrTcDqLIp49sxbn66pnOHlSUmEAf3vtyh1k7U0=
Jan 15, 2015 6:12:23 PM org.ccnx.ccn.impl.security.keys.BasicKeyManager getKeyLocator
INFORMAÇÕES: getKeyLocator: returning locator NAME: /ccnx.org/Users/Repository/Keys/%C1.M.K%00K=88BB633AD3703A8B229E3DB316E7EBAA673879525261007F7BEDCA1D64ED4D/=FD054B82D37000 KEY:is8ndhjlkrg7a5i57htmcbefqtacss7ikiic407uuvdp8em9rad for key S4i7YzrTcDqLIp49sxbn66pnOHlSUmEAf3vtyh1k7U0=
Jan 15, 2015 6:12:23 PM org.ccnx.ccn.impl.security.keys.BasicKeyManager getKeyLocator
INFORMAÇÕES: getKeyLocator: returning locator NAME: /ccnx.org/Users/Repository/Keys/%C1.M.K%00K=88BB633AD3703A8B229E3DB316E7EBAA673879525261007F7BEDCA1D64ED4D/=FD054B82D37000 KEY:is8ndhjlkrg7a5i57htmcbefqtacss7ikiic407uuvdp8em9rad for key S4i7YzrTcDqLIp49sxbn66pnOHlSUmEAf3vtyh1k7U0=
Jan 15, 2015 6:12:23 PM org.ccnx.ccn.impl.security.keys.BasicKeyManager getKeyLocator
INFORMAÇÕES: getKeyLocator: returning locator NAME: /ccnx.org/Users/Repository/Keys/%C1.M.K%00K=88BB633AD3703A8B229E3DB316E7EBAA673879525261007F7BEDCA1D64ED4D/=FD054B82D37000 KEY:is8ndhjlkrg7a5i57htmcbefqtacss7ikiic407uuvdp8em9rad for key S4i7YzrTcDqLIp49sxbn66pnOHlSUmEAf3vtyh1k7U0=
Jan 15, 2015 6:12:23 PM org.ccnx.ccn.impl.security.keys.BasicKeyManager getKeyLocator
INFORMAÇÕES: getKeyLocator: returning locator NAME: /ccnx.org/Users/Repository/Keys/%C1.M.K%00K=88BB633AD3703A8B229E3DB316E7EBAA673879525261007F7BEDCA1D64ED4D/=FD054B82D37000 KEY:is8ndhjlkrg7a5i57htmcbefqtacss7ikiic407uuvdp8em9rad for key S4i7YzrTcDqLIp49sxbn66pnOHlSUmEAf3vtyh1k7U0=
Jan 15, 2015 6:12:23 PM org.ccnx.ccn.impl.security.keys.BasicKeyManager getKeyLocator
INFORMAÇÕES: getKeyLocator: returning locator NAME: /ccnx.org/Users/Repository/Keys/%C1.M.K%00K=88BB633AD3703A8B229E3DB316E7EBAA673879525261007F7BEDCA1D64ED4D/=FD054B82D37000 KEY:is8ndhjlkrg7a5i57htmcbefqtacss7ikiic407uuvdp8em9rad for key S4i7YzrTcDqLIp49sxbn66pnOHlSUmEAf3vtyh1k7U0=
Jan 15, 2015 6:12:23 PM org.ccnx.ccn.impl.security.keys.BasicKeyManager getKeyLocator
INFORMAÇÕES: getKeyLocator: returning locator NAME: /ccnx.org/Users/Repository/Keys/%C1.M.K%00K=88BB633AD3703A8B229E3DB316E7EBAA673879525261007F7BEDCA1D64ED4D/=FD054B82D37000 KEY:is8ndhjlkrg7a5i57htmcbefqtacss7ikiic407uuvdp8em9rad for key S4i7YzrTcDqLIp49sxbn66pnOHlSUmEAf3vtyh1k7U0=
Jan 15, 2015 6:12:23 PM org.ccnx.ccn.impl.security.keys.BasicKeyManager getKeyLocator
INFORMAÇÕES: getKeyLocator: returning locator NAME: /ccnx.org/Users/Repository/Keys/%C1.M.K%00K=88BB633AD3703A8B229E3DB316E7EBAA673879525261007F7BEDCA1D64ED4D/=FD054B82D37000 KEY:is8ndhjlkrg7a5i57htmcbefqtacss7ikiic407uuvdp8em9rad for key S4i7YzrTcDqLIp49sxbn66pnOHlSUmEAf3vtyh1k7U0=
Jan 15, 2015 6:12:23 PM org.ccnx.ccn.impl.security.keys.BasicKeyManager getKeyLocator
INFORMAÇÕES: getKeyLocator: returning locator NAME: /ccnx.org/Users/Repository/Keys/%C1.M.K%00K=88BB633AD3703A8B229E3DB316E7EBAA673879525261007F7BEDCA1D64ED4D/=FD054B82D37000 KEY:is8ndhjlkrg7a5i57htmcbefqtacss7ikiic407uuvdp8em9rad for key S4i7YzrTcDqLIp49sxbn66pnOHlSUmEAf3vtyh1k7U0=
Jan 15, 2015 6:12:23 PM org.ccnx.ccn.impl.security.keys.BasicKeyManager getKeyLocator
INFORMAÇÕES: getKeyLocator: returning locator NAME: /ccnx.org/Users/Repository/Keys/%C1.M.K%00K=88BB633AD3703A8B229E3DB316E7EBAA673879525261007F7BEDCA1D64ED4D/=FD054B82D37000 KEY:is8ndhjlkrg7a5i57htmcbefqtacss7ikiic407uuvdp8em9rad for key S4i7YzrTcDqLIp49sxbn66pnOHlSUmEAf3vtyh1k7U0=
Jan 15, 2015 6:12:23 PM org.ccnx.ccn.impl.security.keys.BasicKeyManager getKeyLocator
INFORMAÇÕES: getKeyLocator: returning locator NAME: /ccnx.org/Users/Repository/Keys/%C1.M.K%00K=88BB633AD3703A8B229E3DB316E7EBAA673879525261007F7BEDCA1D64ED4D/=FD054B82D37000 KEY:is8ndhjlkrg7a5i57htmcbefqtacss7ikiic407uuvdp8em9rad for key S4i7YzrTcDqLIp49sxbn66pnOHlSUmEAf3vtyh1k7U0=
Jan 15, 2015 6:12:23 PM org.ccnx.ccn.impl.security.keys.BasicKeyManager getKeyLocator
INFORMAÇÕES: getKeyLocator: returning locator NAME: /ccnx.org/Users/Repository/Keys/%C1.M.K%00K=88BB633AD3703A8B229E3DB316E7EBAA673879525261007F7BEDCA1D64ED4D/=FD054B82D37000 KEY:is8ndhjlkrg7a5i57htmcbefqtacss7ikiic407uuvdp8em9rad for key S4i7YzrTcDqLIp49sxbn66pnOHlSUmEAf3vtyh1k7U0=
Jan 15, 2015 6:12:23 PM org.ccnx.ccn.impl.security.keys.BasicKeyManager getKeyLocator
INFORMAÇÕES: getKeyLocator: returning locator NAME: /ccnx.org/Users/Repository/Keys/%C1.M.K%00K=88BB633AD3703A8B229E3DB316E7EBAA673879525261007F7BEDCA1D64ED4D/=FD054B82D37000 KEY:is8ndhjlkrg7a5i57htmcbefqtacss7ikiic407uuvdp8em9rad for key S4i7YzrTcDqLIp49sxbn66pnOHlSUmEAf3vtyh1k7U0=
Jan 15, 2015 6:12:23 PM org.ccnx.ccn.impl.security.keys.BasicKeyManager getKeyLocator
INFORMAÇÕES: getKeyLocator: returning locator NAME: /ccnx.org/Users/Repository/Keys/%C1.M.K%00K=88BB633AD3703A8B229E3DB316E7EBAA673879525261007F7BEDCA1D64ED4D/=FD054B82D37000 KEY:is8ndhjlkrg7a5i57htmcbefqtacss7ikiic407uuvdp8em9rad for key S4i7YzrTcDqLIp49sxbn66pnOHlSUmEAf3vtyh1k7U0=
Jan 15, 2015 6:12:23 PM org.ccnx.ccn.impl.security.keys.BasicKeyManager getKeyLocator
INFORMAÇÕES: getKeyLocator: returning locator NAME: /ccnx.org/Users/Repository/Keys/%C1.M.K%00K=88BB633AD3703A8B229E3DB316E7EBAA673879525261007F7BEDCA1D64ED4D/=FD054B82D37000 KEY:is8ndhjlkrg7a5i57htmcbefqtacss7ikiic407uuvdp8em9rad for key S4i7YzrTcDqLIp49sxbn66pnOHlSUmEAf3vtyh1k7U0=
Jan 15, 2015 6:12:23 PM org.ccnx.ccn.impl.security.keys.BasicKeyManager getKeyLocator
INFORMAÇÕES: getKeyLocator: returning locator NAME: /ccnx.org/Users/Repository/Keys/%C1.M.K%00K=88BB633AD3703A8B229E3DB316E7EBAA673879525261007F7BEDCA1D64ED4D/=FD054B82D37000 KEY:is8ndhjlkrg7a5i57htmcbefqtacss7ikiic407uuvdp8em9rad for key S4i7YzrTcDqLIp49sxbn66pnOHlSUmEAf3vtyh1k7U0=
Jan 15, 2015 6:12:23 PM org.ccnx.ccn.impl.security.keys.BasicKeyManager getKeyLocator
INFORMAÇÕES: getKeyLocator: returning locator NAME: /ccnx.org/Users/Repository/Keys/%C1.M.K%00K=88BB633AD3703A8B229E3DB316E7EBAA673879525261007F7BEDCA1D64ED4D/=FD054B82D37000 KEY:is8ndhjlkrg7a5i57htmcbefqtacss7ikiic407uuvdp8em9rad for key S4i7YzrTcDqLIp49sxbn66pnOHlSUmEAf3vtyh1k7U0=
Jan 15, 2015 6:12:23 PM org.ccnx.ccn.impl.security.keys.BasicKeyManager getKeyLocator
INFORMAÇÕES: getKeyLocator: returning locator NAME: /ccnx.org/Users/Repository/Keys/%C1.M.K%00K=88BB633AD3703A8B229E3DB316E7EBAA673879525261007F7BEDCA1D64ED4D/=FD054B82D37000 KEY:is8ndhjlkrg7a5i57htmcbefqtacss7ikiic407uuvdp8em9rad for key S4i7YzrTcDqLIp49sxbn66pnOHlSUmEAf3vtyh1k7U0=
Jan 15, 2015 6:12:23 PM org.ccnx.ccn.impl.security.keys.BasicKeyManager getKeyLocator
INFORMAÇÕES: getKeyLocator: returning locator NAME: /ccnx.org/Users/Repository/Keys/%C1.M.K%00K=88BB633AD3703A8B229E3DB316E7EBAA673879525261007F7BEDCA1D64ED4D/=FD054B82D37000 KEY:is8ndhjlkrg7a5i57htmcbefqtacss7ikiic407uuvdp8em9rad for key S4i7YzrTcDqLIp49sxbn66pnOHlSUmEAf3vtyh1k7U0=
Jan 15, 2015 6:12:23 PM org.ccnx.ccn.impl.security.keys.BasicKeyManager getKeyLocator
INFORMAÇÕES: getKeyLocator: returning locator NAME: /ccnx.org/Users/Repository/Keys/%C1.M.K%00K=88BB633AD3703A8B229E3DB316E7EBAA673879525261007F7BEDCA1D64ED4D/=FD054B82D37000 KEY:is8ndhjlkrg7a5i57htmcbefqtacss7ikiic407uuvdp8em9rad for key S4i7YzrTcDqLIp49sxbn66pnOHlSUmEAf3vtyh1k7U0=
Jan 15, 2015 6:12:23 PM org.ccnx.ccn.impl.security.keys.BasicKeyManager getKeyLocator
INFORMAÇÕES: getKeyLocator: returning locator NAME: /ccnx.org/Users/Repository/Keys/%C1.M.K%00K=88BB633AD3703A8B229E3DB316E7EBAA673879525261007F7BEDCA1D64ED4D/=FD054B82D37000 KEY:is8ndhjlkrg7a5i57htmcbefqtacss7ikiic407uuvdp8em9rad for key S4i7YzrTcDqLIp49sxbn66pnOHlSUmEAf3vtyh1k7U0=
Jan 15, 2015 6:12:23 PM org.ccnx.ccn.impl.security.keys.BasicKeyManager getKeyLocator
INFORMAÇÕES: getKeyLocator: returning locator NAME: /ccnx.org/Users/Repository/Keys/%C1.M.K%00K=88BB633AD3703A8B229E3DB316E7EBAA673879525261007F7BEDCA1D64ED4D/=FD054B82D37000 KEY:is8ndhjlkrg7a5i57htmcbefqtacss7ikiic407uuvdp8em9rad for key S4i7YzrTcDqLIp49sxbn66pnOHlSUmEAf3vtyh1k7U0=
Jan 15, 2015 6:12:23 PM org.ccnx.ccn.impl.security.keys.BasicKeyManager getKeyLocator
INFORMAÇÕES: getKeyLocator: returning locator NAME: /ccnx.org/Users/Repository/Keys/%C1.M.K%00K=88BB633AD3703A8B229E3DB316E7EBAA673879525261007F7BEDCA1D64ED4D/=FD054B82D37000 KEY:is8ndhjlkrg7a5i57htmcbefqtacss7ikiic407uuvdp8em9rad for key S4i7YzrTcDqLIp49sxbn66pnOHlSUmEAf3vtyh1k7U0=
Jan 15, 2015 6:12:23 PM org.ccnx.ccn.impl.security.keys.BasicKeyManager getKeyLocator
INFORMAÇÕES: getKeyLocator: returning locator NAME: /ccnx.org/Users/Repository/Keys/%C1.M.K%00K=88BB633AD3703A8B229E3DB316E7EBAA673879525261007F7BEDCA1D64ED4D/=FD054B82D37000 KEY:is8ndhjlkrg7a5i57htmcbefqtacss7ikiic407uuvdp8em9rad for key S4i7YzrTcDqLIp49sxbn66pnOHlSUmEAf3vtyh1k7U0=
Jan 15, 2015 6:12:23 PM org.ccnx.ccn.impl.security.keys.BasicKeyManager getKeyLocator
INFORMAÇÕES: getKeyLocator: returning locator NAME: /ccnx.org/Users/Repository/Keys/%C1.M.K%00K=88BB633AD3703A8B229E3DB316E7EBAA673879525261007F7BEDCA1D64ED4D/=FD054B82D37000 KEY:is8ndhjlkrg7a5i57htmcbefqtacss7ikiic407uuvdp8em9rad for key S4i7YzrTcDqLIp49sxbn66pnOHlSUmEAf3vtyh1k7U0=
Jan 15, 2015 6:12:23 PM org.ccnx.ccn.impl.security.keys.BasicKeyManager getKeyLocator
INFORMAÇÕES: getKeyLocator: returning locator NAME: /ccnx.org/Users/Repository/Keys/%C1.M.K%00K=88BB633AD3703A8B229E3DB316E7EBAA673879525261007F7BEDCA1D64ED4D/=FD054B82D37000 KEY:is8ndhjlkrg7a5i57htmcbefqtacss7ikiic407uuvdp8em9rad for key S4i7YzrTcDqLIp49sxbn66pnOHlSUmEAf3vtyh1k7U0=
Jan 15, 2015 6:12:23 PM org.ccnx.ccn.impl.security.keys.BasicKeyManager getKeyLocator
INFORMAÇÕES: getKeyLocator: returning locator NAME: /ccnx.org/Users/Repository/Keys/%C1.M.K%00K=88BB633AD3703A8B229E3DB316E7EBAA673879525261007F7BEDCA1D64ED4D/=FD054B82D37000 KEY:is8ndhjlkrg7a5i57htmcbefqtacss7ikiic407uuvdp8em9rad for key S4i7YzrTcDqLIp49sxbn66pnOHlSUmEAf3vtyh1k7U0=
Jan 15, 2015 6:12:23 PM org.ccnx.ccn.impl.security.keys.BasicKeyManager getKeyLocator
INFORMAÇÕES: getKeyLocator: returning locator NAME: /ccnx.org/Users/Repository/Keys/%C1.M.K%00K=88BB633AD3703A8B229E3DB316E7EBAA673879525261007F7BEDCA1D64ED4D/=FD054B82D37000 KEY:is8ndhjlkrg7a5i57htmcbefqtacss7ikiic407uuvdp8em9rad for key S4i7YzrTcDqLIp49sxbn66pnOHlSUmEAf3vtyh1k7U0=
Jan 15, 2015 6:12:23 PM org.ccnx.ccn.impl.security.keys.BasicKeyManager getKeyLocator
INFORMAÇÕES: getKeyLocator: returning locator NAME: /ccnx.org/Users/Repository/Keys/%C1.M.K%00K=88BB633AD3703A8B229E3DB316E7EBAA673879525261007F7BEDCA1D64ED4D/=FD054B82D37000 KEY:is8ndhjlkrg7a5i57htmcbefqtacss7ikiic407uuvdp8em9rad for key S4i7YzrTcDqLIp49sxbn66pnOHlSUmEAf3vtyh1k7U0=
Jan 15, 2015 6:12:23 PM org.ccnx.ccn.impl.security.keys.BasicKeyManager getKeyLocator
INFORMAÇÕES: getKeyLocator: returning locator NAME: /ccnx.org/Users/Repository/Keys/%C1.M.K%00K=88BB633AD3703A8B229E3DB316E7EBAA673879525261007F7BEDCA1D64ED4D/=FD054B82D37000 KEY:is8ndhjlkrg7a5i57htmcbefqtacss7ikiic407uuvdp8em9rad for key S4i7YzrTcDqLIp49sxbn66pnOHlSUmEAf3vtyh1k7U0=
Jan 15, 2015 6:12:23 PM org.ccnx.ccn.impl.security.keys.BasicKeyManager getKeyLocator
INFORMAÇÕES: getKeyLocator: returning locator NAME: /ccnx.org/Users/Repository/Keys/%C1.M.K%00K=88BB633AD3703A8B229E3DB316E7EBAA673879525261007F7BEDCA1D64ED4D/=FD054B82D37000 KEY:is8ndhjlkrg7a5i57htmcbefqtacss7ikiic407uuvdp8em9rad for key S4i7YzrTcDqLIp49sxbn66pnOHlSUmEAf3vtyh1k7U0=
Jan 15, 2015 6:12:23 PM org.ccnx.ccn.impl.security.keys.BasicKeyManager getKeyLocator
INFORMAÇÕES: getKeyLocator: returning locator NAME: /ccnx.org/Users/Repository/Keys/%C1.M.K%00K=88BB633AD3703A8B229E3DB316E7EBAA673879525261007F7BEDCA1D64ED4D/=FD054B82D37000 KEY:is8ndhjlkrg7a5i57htmcbefqtacss7ikiic407uuvdp8em9rad for key S4i7YzrTcDqLIp49sxbn66pnOHlSUmEAf3vtyh1k7U0=
Jan 15, 2015 6:12:23 PM org.ccnx.ccn.impl.security.keys.BasicKeyManager getKeyLocator
INFORMAÇÕES: getKeyLocator: returning locator NAME: /ccnx.org/Users/Repository/Keys/%C1.M.K%00K=88BB633AD3703A8B229E3DB316E7EBAA673879525261007F7BEDCA1D64ED4D/=FD054B82D37000 KEY:is8ndhjlkrg7a5i57htmcbefqtacss7ikiic407uuvdp8em9rad for key S4i7YzrTcDqLIp49sxbn66pnOHlSUmEAf3vtyh1k7U0=
Jan 15, 2015 6:12:23 PM org.ccnx.ccn.impl.security.keys.BasicKeyManager getKeyLocator
INFORMAÇÕES: getKeyLocator: returning locator NAME: /ccnx.org/Users/Repository/Keys/%C1.M.K%00K=88BB633AD3703A8B229E3DB316E7EBAA673879525261007F7BEDCA1D64ED4D/=FD054B82D37000 KEY:is8ndhjlkrg7a5i57htmcbefqtacss7ikiic407uuvdp8em9rad for key S4i7YzrTcDqLIp49sxbn66pnOHlSUmEAf3vtyh1k7U0=
Jan 15, 2015 6:12:23 PM org.ccnx.ccn.impl.security.keys.BasicKeyManager getKeyLocator
INFORMAÇÕES: getKeyLocator: returning locator NAME: /ccnx.org/Users/Repository/Keys/%C1.M.K%00K=88BB633AD3703A8B229E3DB316E7EBAA673879525261007F7BEDCA1D64ED4D/=FD054B82D37000 KEY:is8ndhjlkrg7a5i57htmcbefqtacss7ikiic407uuvdp8em9rad for key S4i7YzrTcDqLIp49sxbn66pnOHlSUmEAf3vtyh1k7U0=
Jan 15, 2015 6:12:23 PM org.ccnx.ccn.impl.security.keys.BasicKeyManager getKeyLocator
INFORMAÇÕES: getKeyLocator: returning locator NAME: /ccnx.org/Users/Repository/Keys/%C1.M.K%00K=88BB633AD3703A8B229E3DB316E7EBAA673879525261007F7BEDCA1D64ED4D/=FD054B82D37000 KEY:is8ndhjlkrg7a5i57htmcbefqtacss7ikiic407uuvdp8em9rad for key S4i7YzrTcDqLIp49sxbn66pnOHlSUmEAf3vtyh1k7U0=
Jan 15, 2015 6:12:23 PM org.ccnx.ccn.impl.security.keys.BasicKeyManager getKeyLocator
INFORMAÇÕES: getKeyLocator: returning locator NAME: /ccnx.org/Users/Repository/Keys/%C1.M.K%00K=88BB633AD3703A8B229E3DB316E7EBAA673879525261007F7BEDCA1D64ED4D/=FD054B82D37000 KEY:is8ndhjlkrg7a5i57htmcbefqtacss7ikiic407uuvdp8em9rad for key S4i7YzrTcDqLIp49sxbn66pnOHlSUmEAf3vtyh1k7U0=
Jan 15, 2015 6:12:23 PM org.ccnx.ccn.impl.security.keys.BasicKeyManager getKeyLocator
INFORMAÇÕES: getKeyLocator: returning locator NAME: /ccnx.org/Users/Repository/Keys/%C1.M.K%00K=88BB633AD3703A8B229E3DB316E7EBAA673879525261007F7BEDCA1D64ED4D/=FD054B82D37000 KEY:is8ndhjlkrg7a5i57htmcbefqtacss7ikiic407uuvdp8em9rad for key S4i7YzrTcDqLIp49sxbn66pnOHlSUmEAf3vtyh1k7U0=
Jan 15, 2015 6:12:23 PM org.ccnx.ccn.impl.security.keys.BasicKeyManager getKeyLocator
INFORMAÇÕES: getKeyLocator: returning locator NAME: /ccnx.org/Users/Repository/Keys/%C1.M.K%00K=88BB633AD3703A8B229E3DB316E7EBAA673879525261007F7BEDCA1D64ED4D/=FD054B82D37000 KEY:is8ndhjlkrg7a5i57htmcbefqtacss7ikiic407uuvdp8em9rad for key S4i7YzrTcDqLIp49sxbn66pnOHlSUmEAf3vtyh1k7U0=
Jan 15, 2015 6:12:23 PM org.ccnx.ccn.impl.security.keys.BasicKeyManager getKeyLocator
INFORMAÇÕES: getKeyLocator: returning locator NAME: /ccnx.org/Users/Repository/Keys/%C1.M.K%00K=88BB633AD3703A8B229E3DB316E7EBAA673879525261007F7BEDCA1D64ED4D/=FD054B82D37000 KEY:is8ndhjlkrg7a5i57htmcbefqtacss7ikiic407uuvdp8em9rad for key S4i7YzrTcDqLIp49sxbn66pnOHlSUmEAf3vtyh1k7U0=
Jan 15, 2015 6:12:23 PM org.ccnx.ccn.impl.security.keys.BasicKeyManager getKeyLocator
INFORMAÇÕES: getKeyLocator: returning locator NAME: /ccnx.org/Users/Repository/Keys/%C1.M.K%00K=88BB633AD3703A8B229E3DB316E7EBAA673879525261007F7BEDCA1D64ED4D/=FD054B82D37000 KEY:is8ndhjlkrg7a5i57htmcbefqtacss7ikiic407uuvdp8em9rad for key S4i7YzrTcDqLIp49sxbn66pnOHlSUmEAf3vtyh1k7U0=
Jan 15, 2015 6:12:23 PM org.ccnx.ccn.impl.security.keys.BasicKeyManager getKeyLocator
INFORMAÇÕES: getKeyLocator: returning locator NAME: /ccnx.org/Users/Repository/Keys/%C1.M.K%00K=88BB633AD3703A8B229E3DB316E7EBAA673879525261007F7BEDCA1D64ED4D/=FD054B82D37000 KEY:is8ndhjlkrg7a5i57htmcbefqtacss7ikiic407uuvdp8em9rad for key S4i7YzrTcDqLIp49sxbn66pnOHlSUmEAf3vtyh1k7U0=
Jan 15, 2015 6:12:23 PM org.ccnx.ccn.impl.security.keys.BasicKeyManager getKeyLocator
INFORMAÇÕES: getKeyLocator: returning locator NAME: /ccnx.org/Users/Repository/Keys/%C1.M.K%00K=88BB633AD3703A8B229E3DB316E7EBAA673879525261007F7BEDCA1D64ED4D/=FD054B82D37000 KEY:is8ndhjlkrg7a5i57htmcbefqtacss7ikiic407uuvdp8em9rad for key S4i7YzrTcDqLIp49sxbn66pnOHlSUmEAf3vtyh1k7U0=
Jan 15, 2015 6:12:23 PM org.ccnx.ccn.impl.security.keys.BasicKeyManager getKeyLocator
INFORMAÇÕES: getKeyLocator: returning locator NAME: /ccnx.org/Users/Repository/Keys/%C1.M.K%00K=88BB633AD3703A8B229E3DB316E7EBAA673879525261007F7BEDCA1D64ED4D/=FD054B82D37000 KEY:is8ndhjlkrg7a5i57htmcbefqtacss7ikiic407uuvdp8em9rad for key S4i7YzrTcDqLIp49sxbn66pnOHlSUmEAf3vtyh1k7U0=
Jan 15, 2015 6:12:23 PM org.ccnx.ccn.impl.security.keys.BasicKeyManager getKeyLocator
INFORMAÇÕES: getKeyLocator: returning locator NAME: /ccnx.org/Users/Repository/Keys/%C1.M.K%00K=88BB633AD3703A8B229E3DB316E7EBAA673879525261007F7BEDCA1D64ED4D/=FD054B82D37000 KEY:is8ndhjlkrg7a5i57htmcbefqtacss7ikiic407uuvdp8em9rad for key S4i7YzrTcDqLIp49sxbn66pnOHlSUmEAf3vtyh1k7U0=
Jan 15, 2015 6:12:23 PM org.ccnx.ccn.impl.security.keys.BasicKeyManager getKeyLocator
INFORMAÇÕES: getKeyLocator: returning locator NAME: /ccnx.org/Users/Repository/Keys/%C1.M.K%00K=88BB633AD3703A8B229E3DB316E7EBAA673879525261007F7BEDCA1D64ED4D/=FD054B82D37000 KEY:is8ndhjlkrg7a5i57htmcbefqtacss7ikiic407uuvdp8em9rad for key S4i7YzrTcDqLIp49sxbn66pnOHlSUmEAf3vtyh1k7U0=
Jan 15, 2015 6:12:23 PM org.ccnx.ccn.impl.security.keys.BasicKeyManager getKeyLocator
INFORMAÇÕES: getKeyLocator: returning locator NAME: /ccnx.org/Users/Repository/Keys/%C1.M.K%00K=88BB633AD3703A8B229E3DB316E7EBAA673879525261007F7BEDCA1D64ED4D/=FD054B82D37000 KEY:is8ndhjlkrg7a5i57htmcbefqtacss7ikiic407uuvdp8em9rad for key S4i7YzrTcDqLIp49sxbn66pnOHlSUmEAf3vtyh1k7U0=
Jan 15, 2015 6:12:23 PM org.ccnx.ccn.impl.security.keys.BasicKeyManager getKeyLocator
INFORMAÇÕES: getKeyLocator: returning locator NAME: /ccnx.org/Users/Repository/Keys/%C1.M.K%00K=88BB633AD3703A8B229E3DB316E7EBAA673879525261007F7BEDCA1D64ED4D/=FD054B82D37000 KEY:is8ndhjlkrg7a5i57htmcbefqtacss7ikiic407uuvdp8em9rad for key S4i7YzrTcDqLIp49sxbn66pnOHlSUmEAf3vtyh1k7U0=
Jan 15, 2015 6:12:23 PM org.ccnx.ccn.impl.security.keys.BasicKeyManager getKeyLocator
INFORMAÇÕES: getKeyLocator: returning locator NAME: /ccnx.org/Users/Repository/Keys/%C1.M.K%00K=88BB633AD3703A8B229E3DB316E7EBAA673879525261007F7BEDCA1D64ED4D/=FD054B82D37000 KEY:is8ndhjlkrg7a5i57htmcbefqtacss7ikiic407uuvdp8em9rad for key S4i7YzrTcDqLIp49sxbn66pnOHlSUmEAf3vtyh1k7U0=
Jan 15, 2015 6:12:23 PM org.ccnx.ccn.impl.security.keys.BasicKeyManager getKeyLocator
INFORMAÇÕES: getKeyLocator: returning locator NAME: /ccnx.org/Users/Repository/Keys/%C1.M.K%00K=88BB633AD3703A8B229E3DB316E7EBAA673879525261007F7BEDCA1D64ED4D/=FD054B82D37000 KEY:is8ndhjlkrg7a5i57htmcbefqtacss7ikiic407uuvdp8em9rad for key S4i7YzrTcDqLIp49sxbn66pnOHlSUmEAf3vtyh1k7U0=
Jan 15, 2015 6:12:23 PM org.ccnx.ccn.impl.security.keys.BasicKeyManager getKeyLocator
INFORMAÇÕES: getKeyLocator: returning locator NAME: /ccnx.org/Users/Repository/Keys/%C1.M.K%00K=88BB633AD3703A8B229E3DB316E7EBAA673879525261007F7BEDCA1D64ED4D/=FD054B82D37000 KEY:is8ndhjlkrg7a5i57htmcbefqtacss7ikiic407uuvdp8em9rad for key S4i7YzrTcDqLIp49sxbn66pnOHlSUmEAf3vtyh1k7U0=
Jan 15, 2015 6:12:23 PM org.ccnx.ccn.impl.security.keys.BasicKeyManager getKeyLocator
INFORMAÇÕES: getKeyLocator: returning locator NAME: /ccnx.org/Users/Repository/Keys/%C1.M.K%00K=88BB633AD3703A8B229E3DB316E7EBAA673879525261007F7BEDCA1D64ED4D/=FD054B82D37000 KEY:is8ndhjlkrg7a5i57htmcbefqtacss7ikiic407uuvdp8em9rad for key S4i7YzrTcDqLIp49sxbn66pnOHlSUmEAf3vtyh1k7U0=
Jan 15, 2015 6:12:23 PM org.ccnx.ccn.impl.security.keys.BasicKeyManager getKeyLocator
INFORMAÇÕES: getKeyLocator: returning locator NAME: /ccnx.org/Users/Repository/Keys/%C1.M.K%00K=88BB633AD3703A8B229E3DB316E7EBAA673879525261007F7BEDCA1D64ED4D/=FD054B82D37000 KEY:is8ndhjlkrg7a5i57htmcbefqtacss7ikiic407uuvdp8em9rad for key S4i7YzrTcDqLIp49sxbn66pnOHlSUmEAf3vtyh1k7U0=
Jan 15, 2015 6:12:23 PM org.ccnx.ccn.impl.security.keys.BasicKeyManager getKeyLocator
INFORMAÇÕES: getKeyLocator: returning locator NAME: /ccnx.org/Users/Repository/Keys/%C1.M.K%00K=88BB633AD3703A8B229E3DB316E7EBAA673879525261007F7BEDCA1D64ED4D/=FD054B82D37000 KEY:is8ndhjlkrg7a5i57htmcbefqtacss7ikiic407uuvdp8em9rad for key S4i7YzrTcDqLIp49sxbn66pnOHlSUmEAf3vtyh1k7U0=
Jan 15, 2015 6:12:23 PM org.ccnx.ccn.impl.security.keys.BasicKeyManager getKeyLocator
INFORMAÇÕES: getKeyLocator: returning locator NAME: /ccnx.org/Users/Repository/Keys/%C1.M.K%00K=88BB633AD3703A8B229E3DB316E7EBAA673879525261007F7BEDCA1D64ED4D/=FD054B82D37000 KEY:is8ndhjlkrg7a5i57htmcbefqtacss7ikiic407uuvdp8em9rad for key S4i7YzrTcDqLIp49sxbn66pnOHlSUmEAf3vtyh1k7U0=
Jan 15, 2015 6:12:23 PM org.ccnx.ccn.impl.security.keys.BasicKeyManager getKeyLocator
INFORMAÇÕES: getKeyLocator: returning locator NAME: /ccnx.org/Users/Repository/Keys/%C1.M.K%00K=88BB633AD3703A8B229E3DB316E7EBAA673879525261007F7BEDCA1D64ED4D/=FD054B82D37000 KEY:is8ndhjlkrg7a5i57htmcbefqtacss7ikiic407uuvdp8em9rad for key S4i7YzrTcDqLIp49sxbn66pnOHlSUmEAf3vtyh1k7U0=
Jan 15, 2015 6:12:23 PM org.ccnx.ccn.impl.security.keys.BasicKeyManager getKeyLocator
INFORMAÇÕES: getKeyLocator: returning locator NAME: /ccnx.org/Users/Repository/Keys/%C1.M.K%00K=88BB633AD3703A8B229E3DB316E7EBAA673879525261007F7BEDCA1D64ED4D/=FD054B82D37000 KEY:is8ndhjlkrg7a5i57htmcbefqtacss7ikiic407uuvdp8em9rad for key S4i7YzrTcDqLIp49sxbn66pnOHlSUmEAf3vtyh1k7U0=
Jan 15, 2015 6:12:23 PM org.ccnx.ccn.impl.security.keys.BasicKeyManager getKeyLocator
INFORMAÇÕES: getKeyLocator: returning locator NAME: /ccnx.org/Users/Repository/Keys/%C1.M.K%00K=88BB633AD3703A8B229E3DB316E7EBAA673879525261007F7BEDCA1D64ED4D/=FD054B82D37000 KEY:is8ndhjlkrg7a5i57htmcbefqtacss7ikiic407uuvdp8em9rad for key S4i7YzrTcDqLIp49sxbn66pnOHlSUmEAf3vtyh1k7U0=
Jan 15, 2015 6:12:23 PM org.ccnx.ccn.impl.security.keys.BasicKeyManager getKeyLocator
INFORMAÇÕES: getKeyLocator: returning locator NAME: /ccnx.org/Users/Repository/Keys/%C1.M.K%00K=88BB633AD3703A8B229E3DB316E7EBAA673879525261007F7BEDCA1D64ED4D/=FD054B82D37000 KEY:is8ndhjlkrg7a5i57htmcbefqtacss7ikiic407uuvdp8em9rad for key S4i7YzrTcDqLIp49sxbn66pnOHlSUmEAf3vtyh1k7U0=
Jan 15, 2015 6:12:23 PM org.ccnx.ccn.impl.security.keys.BasicKeyManager getKeyLocator
INFORMAÇÕES: getKeyLocator: returning locator NAME: /ccnx.org/Users/Repository/Keys/%C1.M.K%00K=88BB633AD3703A8B229E3DB316E7EBAA673879525261007F7BEDCA1D64ED4D/=FD054B82D37000 KEY:is8ndhjlkrg7a5i57htmcbefqtacss7ikiic407uuvdp8em9rad for key S4i7YzrTcDqLIp49sxbn66pnOHlSUmEAf3vtyh1k7U0=
Jan 15, 2015 6:12:23 PM org.ccnx.ccn.impl.security.keys.BasicKeyManager getKeyLocator
INFORMAÇÕES: getKeyLocator: returning locator NAME: /ccnx.org/Users/Repository/Keys/%C1.M.K%00K=88BB633AD3703A8B229E3DB316E7EBAA673879525261007F7BEDCA1D64ED4D/=FD054B82D37000 KEY:is8ndhjlkrg7a5i57htmcbefqtacss7ikiic407uuvdp8em9rad for key S4i7YzrTcDqLIp49sxbn66pnOHlSUmEAf3vtyh1k7U0=
Jan 15, 2015 6:12:23 PM org.ccnx.ccn.impl.security.keys.BasicKeyManager getKeyLocator
INFORMAÇÕES: getKeyLocator: returning locator NAME: /ccnx.org/Users/Repository/Keys/%C1.M.K%00K=88BB633AD3703A8B229E3DB316E7EBAA673879525261007F7BEDCA1D64ED4D/=FD054B82D37000 KEY:is8ndhjlkrg7a5i57htmcbefqtacss7ikiic407uuvdp8em9rad for key S4i7YzrTcDqLIp49sxbn66pnOHlSUmEAf3vtyh1k7U0=
Jan 15, 2015 6:12:23 PM org.ccnx.ccn.impl.security.keys.BasicKeyManager getKeyLocator
INFORMAÇÕES: getKeyLocator: returning locator NAME: /ccnx.org/Users/Repository/Keys/%C1.M.K%00K=88BB633AD3703A8B229E3DB316E7EBAA673879525261007F7BEDCA1D64ED4D/=FD054B82D37000 KEY:is8ndhjlkrg7a5i57htmcbefqtacss7ikiic407uuvdp8em9rad for key S4i7YzrTcDqLIp49sxbn66pnOHlSUmEAf3vtyh1k7U0=
Jan 15, 2015 6:12:23 PM org.ccnx.ccn.repo.RFSTest test
INFORMAÇÕES: RFSTEST: Name enumeration prefix:/testFastNameEnumeration/%C1.E.be
Jan 15, 2015 6:12:23 PM org.ccnx.ccn.impl.security.keys.BasicKeyManager getKeyLocator
INFORMAÇÕES: getKeyLocator: returning locator NAME: /ccnx.org/Users/Repository/Keys/%C1.M.K%00K=88BB633AD3703A8B229E3DB316E7EBAA673879525261007F7BEDCA1D64ED4D/=FD054B82D37000 KEY:is8ndhjlkrg7a5i57htmcbefqtacss7ikiic407uuvdp8em9rad for key S4i7YzrTcDqLIp49sxbn66pnOHlSUmEAf3vtyh1k7U0=
Jan 15, 2015 6:12:23 PM org.ccnx.ccn.impl.repo.ContentTree getNamesWithPrefix
INFORMAÇÕES: the new version is a match with the interest!  we should respond: interest = /testFastNameEnumeration/%C1.E.be:  potentialCollectionName = /testFastNameEnumeration/%C1.E.be/=FD054B82D37AE1/=00
Jan 15, 2015 6:12:23 PM org.ccnx.ccn.impl.security.keys.BasicKeyManager getKeyLocator
INFORMAÇÕES: getKeyLocator: returning locator NAME: /ccnx.org/Users/Repository/Keys/%C1.M.K%00K=88BB633AD3703A8B229E3DB316E7EBAA673879525261007F7BEDCA1D64ED4D/=FD054B82D37000 KEY:is8ndhjlkrg7a5i57htmcbefqtacss7ikiic407uuvdp8em9rad for key S4i7YzrTcDqLIp49sxbn66pnOHlSUmEAf3vtyh1k7U0=
Jan 15, 2015 6:12:23 PM org.ccnx.ccn.impl.repo.ContentTree insert
INFORMAÇÕES: we added at least one child, need to send a name enumeration response
Jan 15, 2015 6:12:23 PM org.ccnx.ccn.impl.repo.ContentTree insert
INFORMAÇÕES: prefix for FastNEResponse: /testFastNameEnumeration/%C1.E.be
Jan 15, 2015 6:12:23 PM org.ccnx.ccn.impl.repo.ContentTree insert
INFORMAÇÕES: response name will be: /testFastNameEnumeration/%C1.E.be/%C1.E.be/=FD054B82D37AE9
Jan 15, 2015 6:12:23 PM org.ccnx.ccn.impl.repo.ContentTree insert
INFORMAÇÕES: resetting interestFlag to false
Jan 15, 2015 6:12:23 PM org.ccnx.ccn.impl.security.keys.BasicKeyManager getKeyLocator
INFORMAÇÕES: getKeyLocator: returning locator NAME: /ccnx.org/Users/Repository/Keys/%C1.M.K%00K=88BB633AD3703A8B229E3DB316E7EBAA673879525261007F7BEDCA1D64ED4D/=FD054B82D37000 KEY:is8ndhjlkrg7a5i57htmcbefqtacss7ikiic407uuvdp8em9rad for key S4i7YzrTcDqLIp49sxbn66pnOHlSUmEAf3vtyh1k7U0=
Jan 15, 2015 6:12:23 PM org.ccnx.ccn.impl.repo.ContentTree insert
INFORMAÇÕES: we added at least one child, need to send a name enumeration response
Jan 15, 2015 6:12:23 PM org.ccnx.ccn.impl.repo.ContentTree insert
INFORMAÇÕES: prefix for FastNEResponse: /testFastNameEnumeration/%C1.E.be
Jan 15, 2015 6:12:23 PM org.ccnx.ccn.impl.repo.ContentTree insert
INFORMAÇÕES: response name will be: /testFastNameEnumeration/%C1.E.be/%C1.E.be/=FD054B82D37AFE
Jan 15, 2015 6:12:23 PM org.ccnx.ccn.impl.repo.ContentTree insert
INFORMAÇÕES: resetting interestFlag to false
Jan 15, 2015 6:12:23 PM org.ccnx.ccn.impl.repo.LogStructRepoStore shutDown
INFORMAÇÕES: LogStructRepoStore.shutdown()
Jan 15, 2015 6:12:23 PM org.ccnx.ccn.impl.repo.RepositoryStoreBase shutDown
INFORMAÇÕES: RespositoryStoreBase.shutdown()
Jan 15, 2015 6:12:23 PM org.ccnx.ccn.impl.CCNNetworkManager shutdown
INFORMAÇÕES: NetworkManager 5: Shutdown requested
Jan 15, 2015 6:12:23 PM org.ccnx.ccn.impl.CCNNetworkChannel close
INFORMAÇÕES: NetworkChannel 5: close(false)
Jan 15, 2015 6:12:23 PM org.ccnx.ccn.impl.CCNNetworkManager shutdown
INFORMAÇÕES: NetworkManager 4: Shutdown requested
Jan 15, 2015 6:12:23 PM org.ccnx.ccn.impl.CCNNetworkManager run
INFORMAÇÕES: NetworkManager 4: Shutdown complete for port: 63000
Jan 15, 2015 6:12:23 PM org.ccnx.ccn.impl.CCNNetworkChannel close
INFORMAÇÕES: NetworkChannel 4: close(false)
Jan 15, 2015 6:12:23 PM org.ccnx.ccn.impl.security.keys.BasicKeyManager saveSecureKeyCache
INFORMAÇÕES: Not saving key manager secure key cache data in response to user configuration variable.
Jan 15, 2015 6:12:23 PM org.ccnx.ccn.impl.repo.LogStructRepoStore initialize
INFORMAÇÕES: LogStructRepoStore.initialize()
Jan 15, 2015 6:12:23 PM org.ccnx.ccn.impl.repo.LogStructRepoStore initialize
ADVERTÊNCIA: Starting repository; repository root is: /home/barbara/jaime/ccnx-0.8.1/javasrc/testout/repotest
Jan 15, 2015 6:12:23 PM org.ccnx.ccn.impl.security.keys.BasicKeyManager loadKeyStore
INFORMAÇÕES: Loading CCN key store from /home/barbara/jaime/ccnx-0.8.1/javasrc/testout/repotest/ccnx_repository_keystore...last modified 1421356343000(ms).
Jan 15, 2015 6:12:23 PM org.ccnx.ccn.impl.security.keys.BasicKeyManager readKeyStore
INFORMAÇÕES: Loading CCN key store...
Jan 15, 2015 6:12:23 PM org.ccnx.ccn.impl.security.keys.BasicKeyManager loadKeyStore
INFORMAÇÕES: Loaded CCN key store from /home/barbara/jaime/ccnx-0.8.1/javasrc/testout/repotest/ccnx_repository_keystore...version 2015-01-15 18:12:23.0 ms: 1421356343000
Jan 15, 2015 6:12:23 PM org.ccnx.ccn.impl.security.keys.BasicKeyManager loadValuesFromKeystore
INFORMAÇÕES: Loading key store file:/home/barbara/jaime/ccnx-0.8.1/javasrc/testout/repotest/ccnx_repository_keystore version 2015-01-15 18:12:23.0 version component =FD054B82D37000 millis 1421356343000
Jan 15, 2015 6:12:23 PM org.ccnx.ccn.impl.security.keys.BasicKeyManager loadValuesFromKeystore
INFORMAÇÕES: Default key ID for user Repository: S4i7YzrTcDqLIp49sxbn66pnOHlSUmEAf3vtyh1k7U0=
Jan 15, 2015 6:12:23 PM org.ccnx.ccn.impl.security.keys.SecureKeyCache loadKeyStore
INFORMAÇÕES: KeyCache: loading signing key S4i7YzrTcDqLIp49sxbn66pnOHlSUmEAf3vtyh1k7U0=, remembering public key in public key cache.
Jan 15, 2015 6:12:23 PM org.ccnx.ccn.impl.security.keys.SecureKeyCache addMySigningKey
INFORMAÇÕES: SecureKeyCache: adding my private key 4b88bb633ad3703a8b229e3db316e7ebaa673879525261007f7bedca1d64ed4d
Jan 15, 2015 6:12:23 PM org.ccnx.ccn.impl.security.keys.BasicKeyManager loadValuesFromConfiguration
INFORMAÇÕES: Not loading key manager configuration data in response to user configuration variable.
Jan 15, 2015 6:12:23 PM org.ccnx.ccn.impl.CCNNetworkManager <init>
ADVERTÊNCIA: NetworkManager 6: Non-standard CCN agent port 63000 per property ccn.agent.port
Jan 15, 2015 6:12:23 PM org.ccnx.ccn.impl.CCNNetworkManager <init>
INFORMAÇÕES: NetworkManager 6: Contacting CCN agent at localhost:63000
Jan 15, 2015 6:12:23 PM org.ccnx.ccn.impl.CCNNetworkChannel <init>
INFORMAÇÕES: NetworkChannel 6: Starting up CCNNetworkChannel using TCP.
Jan 15, 2015 6:12:23 PM org.ccnx.ccn.impl.CCNNetworkChannel open
INFORMAÇÕES: NetworkChannel 6: open()
Jan 15, 2015 6:12:23 PM org.ccnx.ccn.impl.CCNNetworkChannel open
INFORMAÇÕES: NetworkChannel 6: Contacting CCN agent at localhost:63000 on local port 40181
Jan 15, 2015 6:12:23 PM org.ccnx.ccn.CCNHandle <init>
INFORMAÇÕES: CCNHandle 6: Handle is now open
Jan 15, 2015 6:12:23 PM org.ccnx.ccn.impl.CCNNetworkManager run
INFORMAÇÕES: NetworkManager 6: CCNNetworkManager processing thread started for port: 63000
Jan 15, 2015 6:12:23 PM org.ccnx.ccn.impl.security.keys.PublicKeyCache getPublicKey
INFORMAÇÕES: Repository looking up a key that is contained in the locator...
Jan 15, 2015 6:12:23 PM org.ccnx.ccn.impl.CCNFlowControl addNameSpace
INFORMAÇÕES: Flow controller addNameSpace: added namespace: /ccnx.org/Users/Repository/Keys/%C1.M.K%00K=88BB633AD3703A8B229E3DB316E7EBAA673879525261007F7BEDCA1D64ED4D/=FD054B82D37000
Jan 15, 2015 6:12:23 PM org.ccnx.ccn.impl.security.keys.BasicKeyManager getKeyLocator
INFORMAÇÕES: getKeyLocator: returning locator KEY: S4i7YzrTcDqLIp49sxbn66pnOHlSUmEAf3vtyh1k7U0= for key S4i7YzrTcDqLIp49sxbn66pnOHlSUmEAf3vtyh1k7U0=
Jan 15, 2015 6:12:23 PM org.ccnx.ccn.KeyManager publishKey
INFORMAÇÕES: publishKey: key not previously published, making new key object /ccnx.org/Users/Repository/Keys/%C1.M.K%00K=88BB633AD3703A8B229E3DB316E7EBAA673879525261007F7BEDCA1D64ED4D with version 2015-01-15 18:12:23.0 displayed as =FD054B82D37000
Jan 15, 2015 6:12:23 PM org.ccnx.ccn.io.CCNAbstractOutputStream <init>
INFORMAÇÕES: CCNAbstractOutputStream: /ccnx.org/Users/Repository/Keys/%C1.M.K%00K=88BB633AD3703A8B229E3DB316E7EBAA673879525261007F7BEDCA1D64ED4D/=FD054B82D37000 blocksize is 4096
Jan 15, 2015 6:12:23 PM org.ccnx.ccn.io.CCNAbstractOutputStream startWrite
INFORMAÇÕES: CCNAbstractOutputStream: startWrite -- searching for keys.
Jan 15, 2015 6:12:23 PM org.ccnx.ccn.io.CCNOutputStream flushToNetwork
INFORMAÇÕES: flush: outputting to the segmenter, baseName /ccnx.org/Users/Repository/Keys/%C1.M.K%00K=88BB633AD3703A8B229E3DB316E7EBAA673879525261007F7BEDCA1D64ED4D/=FD054B82D37000 basenameindex =00; 162 bytes written, holding back 162 flushing final blocks? false.
Jan 15, 2015 6:12:23 PM org.ccnx.ccn.io.CCNOutputStream flushToNetwork
INFORMAÇÕES: HEADER: CCNOutputStream: flushToNetwork: new _baseNameIndex 0
Jan 15, 2015 6:12:23 PM org.ccnx.ccn.io.CCNOutputStream flushToNetwork
INFORMAÇÕES: flush: outputting to the segmenter, baseName /ccnx.org/Users/Repository/Keys/%C1.M.K%00K=88BB633AD3703A8B229E3DB316E7EBAA673879525261007F7BEDCA1D64ED4D/=FD054B82D37000 basenameindex =00; 162 bytes written, holding back 0 flushing final blocks? true.
Jan 15, 2015 6:12:23 PM org.ccnx.ccn.io.CCNOutputStream flushToNetwork
INFORMAÇÕES: HEADER: CCNOutputStream: flushToNetwork: new _baseNameIndex 1
Jan 15, 2015 6:12:23 PM org.ccnx.ccn.io.CCNOutputStream close
INFORMAÇÕES: CCNOutputStream close: /ccnx.org/Users/Repository/Keys/%C1.M.K%00K=88BB633AD3703A8B229E3DB316E7EBAA673879525261007F7BEDCA1D64ED4D/=FD054B82D37000
Jan 15, 2015 6:12:23 PM org.ccnx.ccn.KeyManager publishKey
INFORMAÇÕES: Published key Sun RSA public key, 1024 bits
  modulus: 98729377285944538465654956187621095622677951714248211360140917608734483559715223520334906132288194480350362537812985517558301519177055488150813821216139774229467697924672398800354015829065146829515241059906091543682694035243938592326788092684795643863022466657863905576446292930838490580910344904710395128307
  public exponent: 65537 to name /ccnx.org/Users/Repository/Keys/%C1.M.K%00K=88BB633AD3703A8B229E3DB316E7EBAA673879525261007F7BEDCA1D64ED4D/=FD054B82D37000 with key locator NAME: /ccnx.org/Users/Repository/Keys/%C1.M.K%00K=88BB633AD3703A8B229E3DB316E7EBAA673879525261007F7BEDCA1D64ED4D/=FD054B82D37000 KEY:is8ndhjlkrg7a5i57htmcbefqtacss7ikiic407uuvdp8em9rad; ephemeral digest 5Rr%84L=A3C4EF6CDF86B356421A1A7B2D04295BA0C9D09B6BEBA5D41FBC6F.
Jan 15, 2015 6:12:23 PM org.ccnx.ccn.impl.security.keys.BasicKeyManager publishKey
INFORMAÇÕES: publishKey: published key S4i7YzrTcDqLIp49sxbn66pnOHlSUmEAf3vtyh1k7U0=
 under specified key name /ccnx.org/Users/Repository/Keys/%C1.M.K%00K=88BB633AD3703A8B229E3DB316E7EBAA673879525261007F7BEDCA1D64ED4D/=FD054B82D37000
 key locator: NAME: /ccnx.org/Users/Repository/Keys/%C1.M.K%00K=88BB633AD3703A8B229E3DB316E7EBAA673879525261007F7BEDCA1D64ED4D/=FD054B82D37000 KEY:is8ndhjlkrg7a5i57htmcbefqtacss7ikiic407uuvdp8em9rad
Jan 15, 2015 6:12:23 PM org.ccnx.ccn.impl.security.keys.BasicKeyManager publishKey
INFORMAÇÕES: publishKey: storing key locator S4i7YzrTcDqLIp49sxbn66pnOHlSUmEAf3vtyh1k7U0= for key NAME: /ccnx.org/Users/Repository/Keys/%C1.M.K%00K=88BB633AD3703A8B229E3DB316E7EBAA673879525261007F7BEDCA1D64ED4D/=FD054B82D37000 KEY:is8ndhjlkrg7a5i57htmcbefqtacss7ikiic407uuvdp8em9rad
Jan 15, 2015 6:12:23 PM org.ccnx.ccn.KeyManager setDefaultKeyManager
INFORMAÇÕES: Setting default key manager: new KeyManager org.ccnx.ccn.impl.security.keys.BasicKeyManager
Jan 15, 2015 6:12:23 PM org.ccnx.ccn.impl.CCNNetworkManager <init>
ADVERTÊNCIA: NetworkManager 7: Non-standard CCN agent port 63000 per property ccn.agent.port
Jan 15, 2015 6:12:23 PM org.ccnx.ccn.impl.CCNNetworkManager <init>
INFORMAÇÕES: NetworkManager 7: Contacting CCN agent at localhost:63000
Jan 15, 2015 6:12:23 PM org.ccnx.ccn.impl.CCNNetworkChannel <init>
INFORMAÇÕES: NetworkChannel 7: Starting up CCNNetworkChannel using TCP.
Jan 15, 2015 6:12:23 PM org.ccnx.ccn.impl.CCNNetworkChannel open
INFORMAÇÕES: NetworkChannel 7: open()
Jan 15, 2015 6:12:23 PM org.ccnx.ccn.impl.CCNNetworkChannel open
INFORMAÇÕES: NetworkChannel 7: Contacting CCN agent at localhost:63000 on local port 40182
Jan 15, 2015 6:12:23 PM org.ccnx.ccn.CCNHandle <init>
INFORMAÇÕES: CCNHandle 7: Handle is now open
Jan 15, 2015 6:12:23 PM org.ccnx.ccn.impl.CCNFlowControl addNameSpace
INFORMAÇÕES: Flow controller addNameSpace: added namespace: /%C1.M.S.localhost/%C1.M.SRV/repository/KEY/%C1.M.K%00K=88BB633AD3703A8B229E3DB316E7EBAA673879525261007F7BEDCA1D64ED4D
Jan 15, 2015 6:12:23 PM org.ccnx.ccn.impl.security.keys.BasicKeyManager getKeyLocator
INFORMAÇÕES: getKeyLocator: returning locator NAME: /ccnx.org/Users/Repository/Keys/%C1.M.K%00K=88BB633AD3703A8B229E3DB316E7EBAA673879525261007F7BEDCA1D64ED4D/=FD054B82D37000 KEY:is8ndhjlkrg7a5i57htmcbefqtacss7ikiic407uuvdp8em9rad for key S4i7YzrTcDqLIp49sxbn66pnOHlSUmEAf3vtyh1k7U0=
Jan 15, 2015 6:12:23 PM org.ccnx.ccn.KeyManager publishKey
INFORMAÇÕES: publishKey: key not previously published, making new key object /%C1.M.S.localhost/%C1.M.SRV/repository/KEY/%C1.M.K%00K=88BB633AD3703A8B229E3DB316E7EBAA673879525261007F7BEDCA1D64ED4D with version 2015-01-15 18:12:23.745117187 displayed as <no version>
Jan 15, 2015 6:12:23 PM org.ccnx.ccn.io.CCNAbstractOutputStream <init>
INFORMAÇÕES: CCNAbstractOutputStream: /%C1.M.S.localhost/%C1.M.SRV/repository/KEY/%C1.M.K%00K=88BB633AD3703A8B229E3DB316E7EBAA673879525261007F7BEDCA1D64ED4D/=FD054B82D37BEC blocksize is 4096
Jan 15, 2015 6:12:23 PM org.ccnx.ccn.io.CCNAbstractOutputStream startWrite
INFORMAÇÕES: CCNAbstractOutputStream: startWrite -- searching for keys.
Jan 15, 2015 6:12:23 PM org.ccnx.ccn.io.CCNOutputStream flushToNetwork
INFORMAÇÕES: flush: outputting to the segmenter, baseName /%C1.M.S.localhost/%C1.M.SRV/repository/KEY/%C1.M.K%00K=88BB633AD3703A8B229E3DB316E7EBAA673879525261007F7BEDCA1D64ED4D/=FD054B82D37BEC basenameindex =00; 162 bytes written, holding back 162 flushing final blocks? false.
Jan 15, 2015 6:12:23 PM org.ccnx.ccn.io.CCNOutputStream flushToNetwork
INFORMAÇÕES: HEADER: CCNOutputStream: flushToNetwork: new _baseNameIndex 0
Jan 15, 2015 6:12:23 PM org.ccnx.ccn.io.CCNOutputStream flushToNetwork
INFORMAÇÕES: flush: outputting to the segmenter, baseName /%C1.M.S.localhost/%C1.M.SRV/repository/KEY/%C1.M.K%00K=88BB633AD3703A8B229E3DB316E7EBAA673879525261007F7BEDCA1D64ED4D/=FD054B82D37BEC basenameindex =00; 162 bytes written, holding back 0 flushing final blocks? true.
Jan 15, 2015 6:12:23 PM org.ccnx.ccn.io.CCNOutputStream flushToNetwork
INFORMAÇÕES: HEADER: CCNOutputStream: flushToNetwork: new _baseNameIndex 1
Jan 15, 2015 6:12:23 PM org.ccnx.ccn.io.CCNOutputStream close
INFORMAÇÕES: CCNOutputStream close: /%C1.M.S.localhost/%C1.M.SRV/repository/KEY/%C1.M.K%00K=88BB633AD3703A8B229E3DB316E7EBAA673879525261007F7BEDCA1D64ED4D/=FD054B82D37BEC
Jan 15, 2015 6:12:23 PM org.ccnx.ccn.KeyManager publishKey
INFORMAÇÕES: Published key Sun RSA public key, 1024 bits
  modulus: 98729377285944538465654956187621095622677951714248211360140917608734483559715223520334906132288194480350362537812985517558301519177055488150813821216139774229467697924672398800354015829065146829515241059906091543682694035243938592326788092684795643863022466657863905576446292930838490580910344904710395128307
  public exponent: 65537 to name /%C1.M.S.localhost/%C1.M.SRV/repository/KEY/%C1.M.K%00K=88BB633AD3703A8B229E3DB316E7EBAA673879525261007F7BEDCA1D64ED4D/=FD054B82D37BEC with key locator NAME: /%C1.M.S.localhost/%C1.M.SRV/repository/KEY/%C1.M.K%00K=88BB633AD3703A8B229E3DB316E7EBAA673879525261007F7BEDCA1D64ED4D/=FD054B82D37BEC KEY:is8ndhjlkrg7a5i57htmcbefqtacss7ikiic407uuvdp8em9rad; ephemeral digest %40q=F43E2A710BA206E8D1E06099DF8A34D8046126C9ECACA65A5C56820502BB.
Jan 15, 2015 6:12:23 PM org.ccnx.ccn.impl.security.keys.BasicKeyManager publishKey
INFORMAÇÕES: publishKey: published key S4i7YzrTcDqLIp49sxbn66pnOHlSUmEAf3vtyh1k7U0=
 under specified key name /%C1.M.S.localhost/%C1.M.SRV/repository/KEY/%C1.M.K%00K=88BB633AD3703A8B229E3DB316E7EBAA673879525261007F7BEDCA1D64ED4D/=FD054B82D37BEC
 key locator: NAME: /%C1.M.S.localhost/%C1.M.SRV/repository/KEY/%C1.M.K%00K=88BB633AD3703A8B229E3DB316E7EBAA673879525261007F7BEDCA1D64ED4D/=FD054B82D37BEC KEY:is8ndhjlkrg7a5i57htmcbefqtacss7ikiic407uuvdp8em9rad
Jan 15, 2015 6:12:23 PM org.ccnx.ccn.impl.CCNFlowControl addNameSpace
INFORMAÇÕES: Flow controller addNameSpace: added namespace: /%C1.M.S.localhost/%C1.M.SRV/repository/KEY
Jan 15, 2015 6:12:23 PM org.ccnx.ccn.impl.repo.LogStructRepoStore createIndex
INFORMAÇÕES: at the end of the file
Jan 15, 2015 6:12:23 PM org.ccnx.ccn.impl.repo.LogStructRepoStore initialize
INFORMAÇÕES: REPO: initializing repository: global prefix /parc.com/csl/ccn/repositories/TestRepository, local name TestRepository
Jan 15, 2015 6:12:23 PM org.ccnx.ccn.impl.repo.LogStructRepoStore initialize
INFORMAÇÕES: REPO: initializing policy location: TestRepository for global prefix /parc.com/csl/ccn/repositories/TestRepository and local name TestRepository
Jan 15, 2015 6:12:23 PM org.ccnx.ccn.impl.repo.LogStructRepoStore shutDown
INFORMAÇÕES: LogStructRepoStore.shutdown()
Jan 15, 2015 6:12:23 PM org.ccnx.ccn.impl.repo.RepositoryStoreBase shutDown
INFORMAÇÕES: RespositoryStoreBase.shutdown()
Jan 15, 2015 6:12:23 PM org.ccnx.ccn.impl.CCNNetworkManager shutdown
INFORMAÇÕES: NetworkManager 7: Shutdown requested
Jan 15, 2015 6:12:23 PM org.ccnx.ccn.impl.CCNNetworkChannel close
INFORMAÇÕES: NetworkChannel 7: close(false)
Jan 15, 2015 6:12:23 PM org.ccnx.ccn.impl.CCNNetworkManager shutdown
INFORMAÇÕES: NetworkManager 6: Shutdown requested
Jan 15, 2015 6:12:23 PM org.ccnx.ccn.impl.CCNNetworkManager run
INFORMAÇÕES: NetworkManager 6: Shutdown complete for port: 63000
Jan 15, 2015 6:12:23 PM org.ccnx.ccn.impl.CCNNetworkChannel close
INFORMAÇÕES: NetworkChannel 6: close(false)
Jan 15, 2015 6:12:23 PM org.ccnx.ccn.impl.security.keys.BasicKeyManager saveSecureKeyCache
INFORMAÇÕES: Not saving key manager secure key cache data in response to user configuration variable.
Jan 15, 2015 6:12:23 PM org.ccnx.ccn.repo.RFSTest testRepo
INFORMAÇÕES: Completed testRepo
Jan 15, 2015 6:12:23 PM org.ccnx.ccn.repo.RFSTest testBulkImport
INFORMAÇÕES: Starting testBulkImport
Jan 15, 2015 6:12:23 PM org.ccnx.ccn.impl.repo.LogStructRepoStore initialize
INFORMAÇÕES: LogStructRepoStore.initialize()
Jan 15, 2015 6:12:23 PM org.ccnx.ccn.impl.repo.LogStructRepoStore initialize
ADVERTÊNCIA: Starting repository; repository root is: /home/barbara/jaime/ccnx-0.8.1/javasrc/testout/repotest
Jan 15, 2015 6:12:23 PM org.ccnx.ccn.impl.security.keys.BasicKeyManager loadKeyStore
INFORMAÇÕES: Loading CCN key store from /home/barbara/jaime/ccnx-0.8.1/javasrc/testout/repotest/ccnx_repository_keystore...last modified 1421356343000(ms).
Jan 15, 2015 6:12:23 PM org.ccnx.ccn.impl.security.keys.BasicKeyManager readKeyStore
INFORMAÇÕES: Loading CCN key store...
Jan 15, 2015 6:12:23 PM org.ccnx.ccn.impl.security.keys.BasicKeyManager loadKeyStore
INFORMAÇÕES: Loaded CCN key store from /home/barbara/jaime/ccnx-0.8.1/javasrc/testout/repotest/ccnx_repository_keystore...version 2015-01-15 18:12:23.0 ms: 1421356343000
Jan 15, 2015 6:12:23 PM org.ccnx.ccn.impl.security.keys.BasicKeyManager loadValuesFromKeystore
INFORMAÇÕES: Loading key store file:/home/barbara/jaime/ccnx-0.8.1/javasrc/testout/repotest/ccnx_repository_keystore version 2015-01-15 18:12:23.0 version component =FD054B82D37000 millis 1421356343000
Jan 15, 2015 6:12:23 PM org.ccnx.ccn.impl.security.keys.BasicKeyManager loadValuesFromKeystore
INFORMAÇÕES: Default key ID for user Repository: S4i7YzrTcDqLIp49sxbn66pnOHlSUmEAf3vtyh1k7U0=
Jan 15, 2015 6:12:23 PM org.ccnx.ccn.impl.security.keys.SecureKeyCache loadKeyStore
INFORMAÇÕES: KeyCache: loading signing key S4i7YzrTcDqLIp49sxbn66pnOHlSUmEAf3vtyh1k7U0=, remembering public key in public key cache.
Jan 15, 2015 6:12:23 PM org.ccnx.ccn.impl.security.keys.SecureKeyCache addMySigningKey
INFORMAÇÕES: SecureKeyCache: adding my private key 4b88bb633ad3703a8b229e3db316e7ebaa673879525261007f7bedca1d64ed4d
Jan 15, 2015 6:12:23 PM org.ccnx.ccn.impl.security.keys.BasicKeyManager loadValuesFromConfiguration
INFORMAÇÕES: Not loading key manager configuration data in response to user configuration variable.
Jan 15, 2015 6:12:23 PM org.ccnx.ccn.impl.CCNNetworkManager <init>
ADVERTÊNCIA: NetworkManager 8: Non-standard CCN agent port 63000 per property ccn.agent.port
Jan 15, 2015 6:12:23 PM org.ccnx.ccn.impl.CCNNetworkManager <init>
INFORMAÇÕES: NetworkManager 8: Contacting CCN agent at localhost:63000
Jan 15, 2015 6:12:23 PM org.ccnx.ccn.impl.CCNNetworkChannel <init>
INFORMAÇÕES: NetworkChannel 8: Starting up CCNNetworkChannel using TCP.
Jan 15, 2015 6:12:23 PM org.ccnx.ccn.impl.CCNNetworkChannel open
INFORMAÇÕES: NetworkChannel 8: open()
Jan 15, 2015 6:12:23 PM org.ccnx.ccn.impl.CCNNetworkChannel open
INFORMAÇÕES: NetworkChannel 8: Contacting CCN agent at localhost:63000 on local port 40183
Jan 15, 2015 6:12:23 PM org.ccnx.ccn.CCNHandle <init>
INFORMAÇÕES: CCNHandle 8: Handle is now open
Jan 15, 2015 6:12:23 PM org.ccnx.ccn.impl.CCNNetworkManager run
INFORMAÇÕES: NetworkManager 8: CCNNetworkManager processing thread started for port: 63000
Jan 15, 2015 6:12:23 PM org.ccnx.ccn.impl.security.keys.PublicKeyCache getPublicKey
INFORMAÇÕES: Repository looking up a key that is contained in the locator...
Jan 15, 2015 6:12:23 PM org.ccnx.ccn.impl.CCNFlowControl addNameSpace
INFORMAÇÕES: Flow controller addNameSpace: added namespace: /ccnx.org/Users/Repository/Keys/%C1.M.K%00K=88BB633AD3703A8B229E3DB316E7EBAA673879525261007F7BEDCA1D64ED4D/=FD054B82D37000
Jan 15, 2015 6:12:23 PM org.ccnx.ccn.impl.security.keys.BasicKeyManager getKeyLocator
INFORMAÇÕES: getKeyLocator: returning locator KEY: S4i7YzrTcDqLIp49sxbn66pnOHlSUmEAf3vtyh1k7U0= for key S4i7YzrTcDqLIp49sxbn66pnOHlSUmEAf3vtyh1k7U0=
Jan 15, 2015 6:12:23 PM org.ccnx.ccn.KeyManager publishKey
INFORMAÇÕES: publishKey: key not previously published, making new key object /ccnx.org/Users/Repository/Keys/%C1.M.K%00K=88BB633AD3703A8B229E3DB316E7EBAA673879525261007F7BEDCA1D64ED4D with version 2015-01-15 18:12:23.0 displayed as =FD054B82D37000
Jan 15, 2015 6:12:23 PM org.ccnx.ccn.io.CCNAbstractOutputStream <init>
INFORMAÇÕES: CCNAbstractOutputStream: /ccnx.org/Users/Repository/Keys/%C1.M.K%00K=88BB633AD3703A8B229E3DB316E7EBAA673879525261007F7BEDCA1D64ED4D/=FD054B82D37000 blocksize is 4096
Jan 15, 2015 6:12:23 PM org.ccnx.ccn.io.CCNAbstractOutputStream startWrite
INFORMAÇÕES: CCNAbstractOutputStream: startWrite -- searching for keys.
Jan 15, 2015 6:12:23 PM org.ccnx.ccn.io.CCNOutputStream flushToNetwork
INFORMAÇÕES: flush: outputting to the segmenter, baseName /ccnx.org/Users/Repository/Keys/%C1.M.K%00K=88BB633AD3703A8B229E3DB316E7EBAA673879525261007F7BEDCA1D64ED4D/=FD054B82D37000 basenameindex =00; 162 bytes written, holding back 162 flushing final blocks? false.
Jan 15, 2015 6:12:23 PM org.ccnx.ccn.io.CCNOutputStream flushToNetwork
INFORMAÇÕES: HEADER: CCNOutputStream: flushToNetwork: new _baseNameIndex 0
Jan 15, 2015 6:12:23 PM org.ccnx.ccn.io.CCNOutputStream flushToNetwork
INFORMAÇÕES: flush: outputting to the segmenter, baseName /ccnx.org/Users/Repository/Keys/%C1.M.K%00K=88BB633AD3703A8B229E3DB316E7EBAA673879525261007F7BEDCA1D64ED4D/=FD054B82D37000 basenameindex =00; 162 bytes written, holding back 0 flushing final blocks? true.
Jan 15, 2015 6:12:23 PM org.ccnx.ccn.io.CCNOutputStream flushToNetwork
INFORMAÇÕES: HEADER: CCNOutputStream: flushToNetwork: new _baseNameIndex 1
Jan 15, 2015 6:12:23 PM org.ccnx.ccn.io.CCNOutputStream close
INFORMAÇÕES: CCNOutputStream close: /ccnx.org/Users/Repository/Keys/%C1.M.K%00K=88BB633AD3703A8B229E3DB316E7EBAA673879525261007F7BEDCA1D64ED4D/=FD054B82D37000
Jan 15, 2015 6:12:23 PM org.ccnx.ccn.KeyManager publishKey
INFORMAÇÕES: Published key Sun RSA public key, 1024 bits
  modulus: 98729377285944538465654956187621095622677951714248211360140917608734483559715223520334906132288194480350362537812985517558301519177055488150813821216139774229467697924672398800354015829065146829515241059906091543682694035243938592326788092684795643863022466657863905576446292930838490580910344904710395128307
  public exponent: 65537 to name /ccnx.org/Users/Repository/Keys/%C1.M.K%00K=88BB633AD3703A8B229E3DB316E7EBAA673879525261007F7BEDCA1D64ED4D/=FD054B82D37000 with key locator NAME: /ccnx.org/Users/Repository/Keys/%C1.M.K%00K=88BB633AD3703A8B229E3DB316E7EBAA673879525261007F7BEDCA1D64ED4D/=FD054B82D37000 KEY:is8ndhjlkrg7a5i57htmcbefqtacss7ikiic407uuvdp8em9rad; ephemeral digest =2B29F03636AEB335CEE835E15A4DEDA285B13AD9E899CCEF51B8882A8D4F30CE.
[...]
  public exponent: 65537 to name /%C1.M.S.localhost/%C1.M.SRV/repository/KEY/%C1.M.K=00B885B376F64527B19FBF54A2ABA60A300E0018D825FB28CEA9FD695A8A9CC388/=FD054B82D37F50 with key locator NAME: /%C1.M.S.localhost/%C1.M.SRV/repository/KEY/%C1.M.K=00B885B376F64527B19FBF54A2ABA60A300E0018D825FB28CEA9FD695A8A9CC388/=FD054B82D37F50 KEY:-hrq9i4gjemo9pg41aqtahcvbjvhvvjifmg4qsolc0kmklqm6f3o; ephemeral digest =B095A711508C05F09CD7431A99B22DF9FDC17D30F864B82FD8A22C0DC39C0436.
Jan 15, 2015 6:12:23 PM org.ccnx.ccn.impl.security.keys.BasicKeyManager publishKey
INFORMAÇÕES: publishKey: published key uIWzdvZFJ7Gfv1Siq6YKMA4AGNgl+yjOqf1pWoqcw4g=
 under specified key name /%C1.M.S.localhost/%C1.M.SRV/repository/KEY/%C1.M.K=00B885B376F64527B19FBF54A2ABA60A300E0018D825FB28CEA9FD695A8A9CC388/=FD054B82D37F50
 key locator: NAME: /%C1.M.S.localhost/%C1.M.SRV/repository/KEY/%C1.M.K=00B885B376F64527B19FBF54A2ABA60A300E0018D825FB28CEA9FD695A8A9CC388/=FD054B82D37F50 KEY:-hrq9i4gjemo9pg41aqtahcvbjvhvvjifmg4qsolc0kmklqm6f3o
Jan 15, 2015 6:12:23 PM org.ccnx.ccn.impl.CCNFlowControl addNameSpace
INFORMAÇÕES: Flow controller addNameSpace: added namespace: /%C1.M.S.localhost/%C1.M.SRV/repository/KEY
Jan 15, 2015 6:12:23 PM org.ccnx.ccn.impl.repo.LogStructRepoStore initialize
INFORMAÇÕES: REPO: initializing repository: global prefix /parc.com/csl/ccn/repositories/TestRepository, local name TestRepository2
Jan 15, 2015 6:12:23 PM org.ccnx.ccn.impl.repo.LogStructRepoStore initialize
INFORMAÇÕES: REPO: initializing policy location: TestRepository2 for global prefix /parc.com/csl/ccn/repositories/TestRepository and local name TestRepository2
Jan 15, 2015 6:12:23 PM org.ccnx.ccn.impl.security.keys.BasicKeyManager getKeyLocator
INFORMAÇÕES: getKeyLocator: returning locator NAME: /ccnx.org/Users/Repository/Keys/%C1.M.K=00B885B376F64527B19FBF54A2ABA60A300E0018D825FB28CEA9FD695A8A9CC388/=FD054AE7DE2000 KEY:-hrq9i4gjemo9pg41aqtahcvbjvhvvjifmg4qsolc0kmklqm6f3o for key uIWzdvZFJ7Gfv1Siq6YKMA4AGNgl+yjOqf1pWoqcw4g=
Jan 15, 2015 6:12:23 PM org.ccnx.ccn.impl.repo.LogStructRepoStore shutDown
INFORMAÇÕES: LogStructRepoStore.shutdown()
Jan 15, 2015 6:12:23 PM org.ccnx.ccn.impl.repo.RepositoryStoreBase shutDown
INFORMAÇÕES: RespositoryStoreBase.shutdown()
Jan 15, 2015 6:12:23 PM org.ccnx.ccn.impl.CCNNetworkManager shutdown
INFORMAÇÕES: NetworkManager 11: Shutdown requested
Jan 15, 2015 6:12:23 PM org.ccnx.ccn.impl.CCNNetworkChannel close
INFORMAÇÕES: NetworkChannel 11: close(false)
Jan 15, 2015 6:12:23 PM org.ccnx.ccn.impl.CCNNetworkManager shutdown
INFORMAÇÕES: NetworkManager 10: Shutdown requested
Jan 15, 2015 6:12:23 PM org.ccnx.ccn.impl.CCNNetworkManager run
INFORMAÇÕES: NetworkManager 10: Shutdown complete for port: 63000
Jan 15, 2015 6:12:23 PM org.ccnx.ccn.impl.CCNNetworkChannel close
INFORMAÇÕES: NetworkChannel 10: close(false)
Jan 15, 2015 6:12:23 PM org.ccnx.ccn.impl.security.keys.BasicKeyManager saveSecureKeyCache
INFORMAÇÕES: Not saving key manager secure key cache data in response to user configuration variable.
Jan 15, 2015 6:12:23 PM org.ccnx.ccn.impl.repo.LogStructRepoStore createIndex
INFORMAÇÕES: at the end of the file
Jan 15, 2015 6:12:23 PM org.ccnx.ccn.impl.repo.LogStructRepoStore shutDown
INFORMAÇÕES: LogStructRepoStore.shutdown()
Jan 15, 2015 6:12:23 PM org.ccnx.ccn.impl.repo.RepositoryStoreBase shutDown
INFORMAÇÕES: RespositoryStoreBase.shutdown()
Jan 15, 2015 6:12:23 PM org.ccnx.ccn.impl.CCNNetworkManager shutdown
INFORMAÇÕES: NetworkManager 9: Shutdown requested
Jan 15, 2015 6:12:23 PM org.ccnx.ccn.impl.CCNNetworkChannel close
INFORMAÇÕES: NetworkChannel 9: close(false)
Jan 15, 2015 6:12:23 PM org.ccnx.ccn.repo.RFSTest testBulkImport
INFORMAÇÕES: Completed testBulkImport
Jan 15, 2015 6:12:23 PM org.ccnx.ccn.repo.RFSTest testPolicy
INFORMAÇÕES: Starting testPolicy
Jan 15, 2015 6:12:23 PM org.ccnx.ccn.impl.repo.LogStructRepoStore initialize
INFORMAÇÕES: LogStructRepoStore.initialize()
Jan 15, 2015 6:12:23 PM org.ccnx.ccn.impl.repo.BasicPolicy createPolicyXML
INFORMAÇÕES: Creating policy file
Jan 15, 2015 6:12:24 PM org.ccnx.ccn.impl.repo.BasicPolicy update
INFORMAÇÕES: Updating policy
Jan 15, 2015 6:12:24 PM org.ccnx.ccn.impl.repo.LogStructRepoStore initialize
INFORMAÇÕES: LogStructRepoStore.initialize()
Jan 15, 2015 6:12:24 PM org.ccnx.ccn.impl.repo.BasicPolicy createPolicyXML
INFORMAÇÕES: Creating policy file
Jan 15, 2015 6:12:24 PM org.ccnx.ccn.impl.repo.BasicPolicy update
INFORMAÇÕES: Updating policy
Jan 15, 2015 6:12:24 PM org.ccnx.ccn.impl.repo.BasicPolicy update
ADVERTÊNCIA: Bad version in policy file: foobar
Jan 15, 2015 6:12:24 PM org.ccnx.ccn.impl.repo.LogStructRepoStore initialize
INFORMAÇÕES: LogStructRepoStore.initialize()
Jan 15, 2015 6:12:24 PM org.ccnx.ccn.impl.repo.BasicPolicy createPolicyXML
INFORMAÇÕES: Creating policy file
Jan 15, 2015 6:12:24 PM org.ccnx.ccn.impl.repo.BasicPolicy update
INFORMAÇÕES: Updating policy
Jan 15, 2015 6:12:24 PM org.ccnx.ccn.impl.repo.BasicPolicy update
INFORMAÇÕES: Policy has been updated. New namespace is: /parc.com/csl/ccn/repositories/TestRepository:/testNameSpace:/testNameSpace2:
Jan 15, 2015 6:12:24 PM org.ccnx.ccn.impl.repo.LogStructRepoStore initialize
ADVERTÊNCIA: Starting repository; repository root is: /home/barbara/jaime/ccnx-0.8.1/javasrc/testout/repotest
Jan 15, 2015 6:12:24 PM org.ccnx.ccn.impl.security.keys.BasicKeyManager loadKeyStore
INFORMAÇÕES: Loading CCN key store from /home/barbara/jaime/ccnx-0.8.1/javasrc/testout/repotest/ccnx_repository_keystore...last modified 1421356343000(ms).
Jan 15, 2015 6:12:24 PM org.ccnx.ccn.impl.security.keys.BasicKeyManager readKeyStore
INFORMAÇÕES: Loading CCN key store...
Jan 15, 2015 6:12:24 PM org.ccnx.ccn.impl.security.keys.BasicKeyManager loadKeyStore
INFORMAÇÕES: Loaded CCN key store from /home/barbara/jaime/ccnx-0.8.1/javasrc/testout/repotest/ccnx_repository_keystore...version 2015-01-15 18:12:23.0 ms: 1421356343000
Jan 15, 2015 6:12:24 PM org.ccnx.ccn.impl.security.keys.BasicKeyManager loadValuesFromKeystore
INFORMAÇÕES: Loading key store file:/home/barbara/jaime/ccnx-0.8.1/javasrc/testout/repotest/ccnx_repository_keystore version 2015-01-15 18:12:23.0 version component =FD054B82D37000 millis 1421356343000
Jan 15, 2015 6:12:24 PM org.ccnx.ccn.impl.security.keys.BasicKeyManager loadValuesFromKeystore
INFORMAÇÕES: Default key ID for user Repository: S4i7YzrTcDqLIp49sxbn66pnOHlSUmEAf3vtyh1k7U0=
Jan 15, 2015 6:12:24 PM org.ccnx.ccn.impl.security.keys.SecureKeyCache loadKeyStore
INFORMAÇÕES: KeyCache: loading signing key S4i7YzrTcDqLIp49sxbn66pnOHlSUmEAf3vtyh1k7U0=, remembering public key in public key cache.
Jan 15, 2015 6:12:24 PM org.ccnx.ccn.impl.security.keys.SecureKeyCache addMySigningKey
INFORMAÇÕES: SecureKeyCache: adding my private key 4b88bb633ad3703a8b229e3db316e7ebaa673879525261007f7bedca1d64ed4d
Jan 15, 2015 6:12:24 PM org.ccnx.ccn.impl.security.keys.BasicKeyManager loadValuesFromConfiguration
INFORMAÇÕES: Not loading key manager configuration data in response to user configuration variable.
Jan 15, 2015 6:12:24 PM org.ccnx.ccn.impl.CCNNetworkManager <init>
ADVERTÊNCIA: NetworkManager 12: Non-standard CCN agent port 63000 per property ccn.agent.port
Jan 15, 2015 6:12:24 PM org.ccnx.ccn.impl.CCNNetworkManager <init>
INFORMAÇÕES: NetworkManager 12: Contacting CCN agent at localhost:63000
Jan 15, 2015 6:12:24 PM org.ccnx.ccn.impl.CCNNetworkChannel <init>
INFORMAÇÕES: NetworkChannel 12: Starting up CCNNetworkChannel using TCP.
Jan 15, 2015 6:12:24 PM org.ccnx.ccn.impl.CCNNetworkChannel open
INFORMAÇÕES: NetworkChannel 12: open()
Jan 15, 2015 6:12:24 PM org.ccnx.ccn.impl.CCNNetworkChannel open
INFORMAÇÕES: NetworkChannel 12: Contacting CCN agent at localhost:63000 on local port 40187
Jan 15, 2015 6:12:24 PM org.ccnx.ccn.CCNHandle <init>
INFORMAÇÕES: CCNHandle 12: Handle is now open
Jan 15, 2015 6:12:24 PM org.ccnx.ccn.impl.CCNNetworkManager run
INFORMAÇÕES: NetworkManager 12: CCNNetworkManager processing thread started for port: 63000
Jan 15, 2015 6:12:24 PM org.ccnx.ccn.impl.security.keys.PublicKeyCache getPublicKey
INFORMAÇÕES: Repository looking up a key that is contained in the locator...
Jan 15, 2015 6:12:24 PM org.ccnx.ccn.impl.CCNFlowControl addNameSpace
INFORMAÇÕES: Flow controller addNameSpace: added namespace: /ccnx.org/Users/Repository/Keys/%C1.M.K%00K=88BB633AD3703A8B229E3DB316E7EBAA673879525261007F7BEDCA1D64ED4D/=FD054B82D37000
Jan 15, 2015 6:12:24 PM org.ccnx.ccn.impl.security.keys.BasicKeyManager getKeyLocator
INFORMAÇÕES: getKeyLocator: returning locator KEY: S4i7YzrTcDqLIp49sxbn66pnOHlSUmEAf3vtyh1k7U0= for key S4i7YzrTcDqLIp49sxbn66pnOHlSUmEAf3vtyh1k7U0=
Jan 15, 2015 6:12:24 PM org.ccnx.ccn.KeyManager publishKey
INFORMAÇÕES: publishKey: key not previously published, making new key object /ccnx.org/Users/Repository/Keys/%C1.M.K%00K=88BB633AD3703A8B229E3DB316E7EBAA673879525261007F7BEDCA1D64ED4D with version 2015-01-15 18:12:23.0 displayed as =FD054B82D37000
Jan 15, 2015 6:12:24 PM org.ccnx.ccn.io.CCNAbstractOutputStream <init>
INFORMAÇÕES: CCNAbstractOutputStream: /ccnx.org/Users/Repository/Keys/%C1.M.K%00K=88BB633AD3703A8B229E3DB316E7EBAA673879525261007F7BEDCA1D64ED4D/=FD054B82D37000 blocksize is 4096
Jan 15, 2015 6:12:24 PM org.ccnx.ccn.io.CCNAbstractOutputStream startWrite
INFORMAÇÕES: CCNAbstractOutputStream: startWrite -- searching for keys.
Jan 15, 2015 6:12:24 PM org.ccnx.ccn.io.CCNOutputStream flushToNetwork
INFORMAÇÕES: flush: outputting to the segmenter, baseName /ccnx.org/Users/Repository/Keys/%C1.M.K%00K=88BB633AD3703A8B229E3DB316E7EBAA673879525261007F7BEDCA1D64ED4D/=FD054B82D37000 basenameindex =00; 162 bytes written, holding back 162 flushing final blocks? false.
Jan 15, 2015 6:12:24 PM org.ccnx.ccn.io.CCNOutputStream flushToNetwork
INFORMAÇÕES: HEADER: CCNOutputStream: flushToNetwork: new _baseNameIndex 0
Jan 15, 2015 6:12:24 PM org.ccnx.ccn.io.CCNOutputStream flushToNetwork
INFORMAÇÕES: flush: outputting to the segmenter, baseName /ccnx.org/Users/Repository/Keys/%C1.M.K%00K=88BB633AD3703A8B229E3DB316E7EBAA673879525261007F7BEDCA1D64ED4D/=FD054B82D37000 basenameindex =00; 162 bytes written, holding back 0 flushing final blocks? true.
Jan 15, 2015 6:12:24 PM org.ccnx.ccn.io.CCNOutputStream flushToNetwork
INFORMAÇÕES: HEADER: CCNOutputStream: flushToNetwork: new _baseNameIndex 1
Jan 15, 2015 6:12:24 PM org.ccnx.ccn.io.CCNOutputStream close
INFORMAÇÕES: CCNOutputStream close: /ccnx.org/Users/Repository/Keys/%C1.M.K%00K=88BB633AD3703A8B229E3DB316E7EBAA673879525261007F7BEDCA1D64ED4D/=FD054B82D37000
Jan 15, 2015 6:12:24 PM org.ccnx.ccn.KeyManager publishKey
INFORMAÇÕES: Published key Sun RSA public key, 1024 bits
  modulus: 98729377285944538465654956187621095622677951714248211360140917608734483559715223520334906132288194480350362537812985517558301519177055488150813821216139774229467697924672398800354015829065146829515241059906091543682694035243938592326788092684795643863022466657863905576446292930838490580910344904710395128307
  public exponent: 65537 to name /ccnx.org/Users/Repository/Keys/%C1.M.K%00K=88BB633AD3703A8B229E3DB316E7EBAA673879525261007F7BEDCA1D64ED4D/=FD054B82D37000 with key locator NAME: /ccnx.org/Users/Repository/Keys/%C1.M.K%00K=88BB633AD3703A8B229E3DB316E7EBAA673879525261007F7BEDCA1D64ED4D/=FD054B82D37000 KEY:is8ndhjlkrg7a5i57htmcbefqtacss7ikiic407uuvdp8em9rad; ephemeral digest %90r%20.=1D1A4B8FC3C8361BE9A2010330E9ED681A20564DFE55C7CF0F9BA6F2.
Jan 15, 2015 6:12:24 PM org.ccnx.ccn.impl.security.keys.BasicKeyManager publishKey
INFORMAÇÕES: publishKey: published key S4i7YzrTcDqLIp49sxbn66pnOHlSUmEAf3vtyh1k7U0=
 under specified key name /ccnx.org/Users/Repository/Keys/%C1.M.K%00K=88BB633AD3703A8B229E3DB316E7EBAA673879525261007F7BEDCA1D64ED4D/=FD054B82D37000
 key locator: NAME: /ccnx.org/Users/Repository/Keys/%C1.M.K%00K=88BB633AD3703A8B229E3DB316E7EBAA673879525261007F7BEDCA1D64ED4D/=FD054B82D37000 KEY:is8ndhjlkrg7a5i57htmcbefqtacss7ikiic407uuvdp8em9rad
Jan 15, 2015 6:12:24 PM org.ccnx.ccn.impl.security.keys.BasicKeyManager publishKey
INFORMAÇÕES: publishKey: storing key locator S4i7YzrTcDqLIp49sxbn66pnOHlSUmEAf3vtyh1k7U0= for key NAME: /ccnx.org/Users/Repository/Keys/%C1.M.K%00K=88BB633AD3703A8B229E3DB316E7EBAA673879525261007F7BEDCA1D64ED4D/=FD054B82D37000 KEY:is8ndhjlkrg7a5i57htmcbefqtacss7ikiic407uuvdp8em9rad
Jan 15, 2015 6:12:24 PM org.ccnx.ccn.KeyManager setDefaultKeyManager
INFORMAÇÕES: Setting default key manager: new KeyManager org.ccnx.ccn.impl.security.keys.BasicKeyManager
Jan 15, 2015 6:12:24 PM org.ccnx.ccn.impl.CCNNetworkManager <init>
ADVERTÊNCIA: NetworkManager 13: Non-standard CCN agent port 63000 per property ccn.agent.port
Jan 15, 2015 6:12:24 PM org.ccnx.ccn.impl.CCNNetworkManager <init>
INFORMAÇÕES: NetworkManager 13: Contacting CCN agent at localhost:63000
Jan 15, 2015 6:12:24 PM org.ccnx.ccn.impl.CCNNetworkChannel <init>
INFORMAÇÕES: NetworkChannel 13: Starting up CCNNetworkChannel using TCP.
Jan 15, 2015 6:12:24 PM org.ccnx.ccn.impl.CCNNetworkChannel open
INFORMAÇÕES: NetworkChannel 13: open()
Jan 15, 2015 6:12:24 PM org.ccnx.ccn.impl.CCNNetworkChannel open
INFORMAÇÕES: NetworkChannel 13: Contacting CCN agent at localhost:63000 on local port 40188
Jan 15, 2015 6:12:24 PM org.ccnx.ccn.CCNHandle <init>
INFORMAÇÕES: CCNHandle 13: Handle is now open
Jan 15, 2015 6:12:24 PM org.ccnx.ccn.impl.CCNFlowControl addNameSpace
INFORMAÇÕES: Flow controller addNameSpace: added namespace: /%C1.M.S.localhost/%C1.M.SRV/repository/KEY/%C1.M.K%00K=88BB633AD3703A8B229E3DB316E7EBAA673879525261007F7BEDCA1D64ED4D
Jan 15, 2015 6:12:24 PM org.ccnx.ccn.impl.security.keys.BasicKeyManager getKeyLocator
INFORMAÇÕES: getKeyLocator: returning locator NAME: /ccnx.org/Users/Repository/Keys/%C1.M.K%00K=88BB633AD3703A8B229E3DB316E7EBAA673879525261007F7BEDCA1D64ED4D/=FD054B82D37000 KEY:is8ndhjlkrg7a5i57htmcbefqtacss7ikiic407uuvdp8em9rad for key S4i7YzrTcDqLIp49sxbn66pnOHlSUmEAf3vtyh1k7U0=
Jan 15, 2015 6:12:24 PM org.ccnx.ccn.KeyManager publishKey
INFORMAÇÕES: publishKey: key not previously published, making new key object /%C1.M.S.localhost/%C1.M.SRV/repository/KEY/%C1.M.K%00K=88BB633AD3703A8B229E3DB316E7EBAA673879525261007F7BEDCA1D64ED4D with version 2015-01-15 18:12:24.089111328 displayed as <no version>
Jan 15, 2015 6:12:24 PM org.ccnx.ccn.io.CCNAbstractOutputStream <init>
INFORMAÇÕES: CCNAbstractOutputStream: /%C1.M.S.localhost/%C1.M.SRV/repository/KEY/%C1.M.K%00K=88BB633AD3703A8B229E3DB316E7EBAA673879525261007F7BEDCA1D64ED4D/=FD054B82D3816D blocksize is 4096
Jan 15, 2015 6:12:24 PM org.ccnx.ccn.io.CCNAbstractOutputStream startWrite
INFORMAÇÕES: CCNAbstractOutputStream: startWrite -- searching for keys.
Jan 15, 2015 6:12:24 PM org.ccnx.ccn.io.CCNOutputStream flushToNetwork
INFORMAÇÕES: flush: outputting to the segmenter, baseName /%C1.M.S.localhost/%C1.M.SRV/repository/KEY/%C1.M.K%00K=88BB633AD3703A8B229E3DB316E7EBAA673879525261007F7BEDCA1D64ED4D/=FD054B82D3816D basenameindex =00; 162 bytes written, holding back 162 flushing final blocks? false.
Jan 15, 2015 6:12:24 PM org.ccnx.ccn.io.CCNOutputStream flushToNetwork
INFORMAÇÕES: HEADER: CCNOutputStream: flushToNetwork: new _baseNameIndex 0
Jan 15, 2015 6:12:24 PM org.ccnx.ccn.io.CCNOutputStream flushToNetwork
INFORMAÇÕES: flush: outputting to the segmenter, baseName /%C1.M.S.localhost/%C1.M.SRV/repository/KEY/%C1.M.K%00K=88BB633AD3703A8B229E3DB316E7EBAA673879525261007F7BEDCA1D64ED4D/=FD054B82D3816D basenameindex =00; 162 bytes written, holding back 0 flushing final blocks? true.
Jan 15, 2015 6:12:24 PM org.ccnx.ccn.io.CCNOutputStream flushToNetwork
INFORMAÇÕES: HEADER: CCNOutputStream: flushToNetwork: new _baseNameIndex 1
Jan 15, 2015 6:12:24 PM org.ccnx.ccn.io.CCNOutputStream close
INFORMAÇÕES: CCNOutputStream close: /%C1.M.S.localhost/%C1.M.SRV/repository/KEY/%C1.M.K%00K=88BB633AD3703A8B229E3DB316E7EBAA673879525261007F7BEDCA1D64ED4D/=FD054B82D3816D
Jan 15, 2015 6:12:24 PM org.ccnx.ccn.KeyManager publishKey
INFORMAÇÕES: Published key Sun RSA public key, 1024 bits
  modulus: 98729377285944538465654956187621095622677951714248211360140917608734483559715223520334906132288194480350362537812985517558301519177055488150813821216139774229467697924672398800354015829065146829515241059906091543682694035243938592326788092684795643863022466657863905576446292930838490580910344904710395128307
  public exponent: 65537 to name /%C1.M.S.localhost/%C1.M.SRV/repository/KEY/%C1.M.K%00K=88BB633AD3703A8B229E3DB316E7EBAA673879525261007F7BEDCA1D64ED4D/=FD054B82D3816D with key locator NAME: /%C1.M.S.localhost/%C1.M.SRV/repository/KEY/%C1.M.K%00K=88BB633AD3703A8B229E3DB316E7EBAA673879525261007F7BEDCA1D64ED4D/=FD054B82D3816D KEY:is8ndhjlkrg7a5i57htmcbefqtacss7ikiic407uuvdp8em9rad; ephemeral digest =3A3A7F53F9668A926056B5A1C9EA7CEA9081CE5581CBB1587F198AC39C0D5800.
Jan 15, 2015 6:12:24 PM org.ccnx.ccn.impl.security.keys.BasicKeyManager publishKey
INFORMAÇÕES: publishKey: published key S4i7YzrTcDqLIp49sxbn66pnOHlSUmEAf3vtyh1k7U0=
 under specified key name /%C1.M.S.localhost/%C1.M.SRV/repository/KEY/%C1.M.K%00K=88BB633AD3703A8B229E3DB316E7EBAA673879525261007F7BEDCA1D64ED4D/=FD054B82D3816D
 key locator: NAME: /%C1.M.S.localhost/%C1.M.SRV/repository/KEY/%C1.M.K%00K=88BB633AD3703A8B229E3DB316E7EBAA673879525261007F7BEDCA1D64ED4D/=FD054B82D3816D KEY:is8ndhjlkrg7a5i57htmcbefqtacss7ikiic407uuvdp8em9rad
Jan 15, 2015 6:12:24 PM org.ccnx.ccn.impl.CCNFlowControl addNameSpace
INFORMAÇÕES: Flow controller addNameSpace: added namespace: /%C1.M.S.localhost/%C1.M.SRV/repository/KEY
Jan 15, 2015 6:12:24 PM org.ccnx.ccn.impl.repo.LogStructRepoStore createIndex
INFORMAÇÕES: at the end of the file
Jan 15, 2015 6:12:24 PM org.ccnx.ccn.impl.repo.LogStructRepoStore createIndex
INFORMAÇÕES: at the end of the file
Jan 15, 2015 6:12:24 PM org.ccnx.ccn.impl.repo.LogStructRepoStore initialize
INFORMAÇÕES: REPO: initializing repository: global prefix /parc.com/csl/ccn/repositories/TestRepository, local name TestRepository
Jan 15, 2015 6:12:24 PM org.ccnx.ccn.impl.repo.LogStructRepoStore initialize
INFORMAÇÕES: REPO: initializing policy location: TestRepository for global prefix /parc.com/csl/ccn/repositories/TestRepository and local name TestRepository
Jan 15, 2015 6:12:24 PM org.ccnx.ccn.impl.repo.LogStructRepoStore shutDown
INFORMAÇÕES: LogStructRepoStore.shutdown()
Jan 15, 2015 6:12:24 PM org.ccnx.ccn.impl.repo.RepositoryStoreBase shutDown
INFORMAÇÕES: RespositoryStoreBase.shutdown()
Jan 15, 2015 6:12:24 PM org.ccnx.ccn.impl.CCNNetworkManager shutdown
INFORMAÇÕES: NetworkManager 13: Shutdown requested
Jan 15, 2015 6:12:24 PM org.ccnx.ccn.impl.CCNNetworkChannel close
INFORMAÇÕES: NetworkChannel 13: close(false)
Jan 15, 2015 6:12:24 PM org.ccnx.ccn.impl.CCNNetworkManager shutdown
INFORMAÇÕES: NetworkManager 12: Shutdown requested
Jan 15, 2015 6:12:24 PM org.ccnx.ccn.impl.CCNNetworkManager run
INFORMAÇÕES: NetworkManager 12: Shutdown complete for port: 63000
Jan 15, 2015 6:12:24 PM org.ccnx.ccn.impl.CCNNetworkChannel close
INFORMAÇÕES: NetworkChannel 12: close(false)
Jan 15, 2015 6:12:24 PM org.ccnx.ccn.impl.security.keys.BasicKeyManager saveSecureKeyCache
INFORMAÇÕES: Not saving key manager secure key cache data in response to user configuration variable.
Jan 15, 2015 6:12:24 PM org.ccnx.ccn.repo.RFSTest testPolicy
INFORMAÇÕES: Completed testPolicy
Jan 15, 2015 6:12:24 PM org.ccnx.ccn.impl.CCNNetworkManager shutdown
INFORMAÇÕES: NetworkManager 2: Shutdown requested
Jan 15, 2015 6:12:24 PM org.ccnx.ccn.impl.CCNNetworkChannel close
INFORMAÇÕES: NetworkChannel 2: close(false)
Jan 15, 2015 6:12:24 PM org.ccnx.ccn.impl.CCNNetworkManager shutdown
INFORMAÇÕES: NetworkManager 3: Shutdown requested
Jan 15, 2015 6:12:24 PM org.ccnx.ccn.impl.CCNNetworkChannel close
INFORMAÇÕES: NetworkChannel 3: close(false)
]]></system-err>
</testsuite>
