<?xml version="1.0" encoding="UTF-8" ?>
<testsuite errors="0" failures="0" hostname="barbara-Notebook" name="org.ccnx.ccn.io.CCNFileStreamTestRepo" skipped="0" tests="1" time="1.066" timestamp="2015-01-15T21:24:34">
  <properties>
[...]
</properties>
  <testcase classname="org.ccnx.ccn.io.CCNFileStreamTestRepo" name="testRepoFileOutputStream" time="0.515" />
  <system-out><![CDATA[Writing log records to /home/barbara/jaime/ccnx-0.8.1/javasrc/testout/log/ccn_15-01-15-182434-5986.log
]]></system-out>
  <system-err><![CDATA[Jan 15, 2015 6:24:34 PM org.ccnx.ccn.CCNTestHelper <init>
INFORMAÇÕES: Initializing test org.ccnx.ccn.io.CCNFileStreamTestRepo, data can be found under /ccnx.org/test/CCNFileStreamTestRepo-15-01-15-18.24.34.
Jan 15, 2015 6:24:34 PM org.ccnx.ccn.impl.security.keys.BasicKeyManager loadKeyStore
INFORMAÇÕES: Loading CCN key store from /root/.ccnx/.ccnx_keystore...last modified 1420721633000(ms).
Jan 15, 2015 6:24:34 PM org.ccnx.ccn.impl.security.keys.BasicKeyManager readKeyStore
INFORMAÇÕES: Loading CCN key store...
Jan 15, 2015 6:24:34 PM org.ccnx.ccn.impl.security.keys.BasicKeyManager loadKeyStore
INFORMAÇÕES: Loaded CCN key store from /root/.ccnx/.ccnx_keystore...version 2015-01-08 09:53:53.0 ms: 1420721633000
Jan 15, 2015 6:24:34 PM org.ccnx.ccn.impl.security.keys.BasicKeyManager loadValuesFromKeystore
INFORMAÇÕES: Loading key store file:/root/.ccnx/.ccnx_keystore version 2015-01-08 09:53:53.0 version component =FD054AE7DE1000 millis 1420721633000
Jan 15, 2015 6:24:34 PM org.ccnx.ccn.impl.security.keys.BasicKeyManager loadValuesFromKeystore
INFORMAÇÕES: Default key ID for user root: kjSt7EfRnj5qKvNi1E4Jq2tx9DsZALoGIvtF8qW32fY=
Jan 15, 2015 6:24:34 PM org.ccnx.ccn.impl.security.keys.SecureKeyCache loadKeyStore
INFORMAÇÕES: KeyCache: loading signing key kjSt7EfRnj5qKvNi1E4Jq2tx9DsZALoGIvtF8qW32fY=, remembering public key in public key cache.
Jan 15, 2015 6:24:34 PM org.ccnx.ccn.impl.security.keys.SecureKeyCache addMySigningKey
INFORMAÇÕES: SecureKeyCache: adding my private key 9234adec47d19e3e6a2af362d44e09ab6b71f43b1900ba0622fb45f2a5b7d9f6
Jan 15, 2015 6:24:34 PM org.ccnx.ccn.impl.security.keys.BasicKeyManager loadValuesFromConfiguration
INFORMAÇÕES: Not loading key manager configuration data in response to user configuration variable.
Jan 15, 2015 6:24:34 PM org.ccnx.ccn.impl.CCNNetworkManager <init>
ADVERTÊNCIA: NetworkManager 1: Non-standard CCN agent port 63000 per property ccn.agent.port
Jan 15, 2015 6:24:34 PM org.ccnx.ccn.impl.CCNNetworkManager <init>
INFORMAÇÕES: NetworkManager 1: Contacting CCN agent at localhost:63000
Jan 15, 2015 6:24:34 PM org.ccnx.ccn.impl.CCNNetworkChannel <init>
INFORMAÇÕES: NetworkChannel 1: Starting up CCNNetworkChannel using TCP.
Jan 15, 2015 6:24:34 PM org.ccnx.ccn.impl.CCNNetworkChannel open
INFORMAÇÕES: NetworkChannel 1: open()
Jan 15, 2015 6:24:34 PM org.ccnx.ccn.impl.CCNNetworkChannel open
INFORMAÇÕES: NetworkChannel 1: Contacting CCN agent at localhost:63000 on local port 40659
Jan 15, 2015 6:24:34 PM org.ccnx.ccn.CCNHandle <init>
INFORMAÇÕES: CCNHandle 1: Handle is now open
Jan 15, 2015 6:24:34 PM org.ccnx.ccn.impl.CCNNetworkManager run
INFORMAÇÕES: NetworkManager 1: CCNNetworkManager processing thread started for port: 63000
Jan 15, 2015 6:24:34 PM org.ccnx.ccn.impl.security.keys.PublicKeyCache getPublicKeyObject
INFORMAÇÕES: Retrieved key 1jYqtWb54a3hYuudALlY+uWoa+H6XEFakodAe1T6/ws= using locator NAME: /%C1.M.S.localhost/%C1.M.SRV/ccnd/KEY/%C1.M.K=00D6362AB566F9E1ADE162EB9D00B958FAE5A86BE1FA5C415A9287407B54FAFF0B/=FD054B82D339C9.
Jan 15, 2015 6:24:34 PM org.ccnx.ccn.impl.security.keys.PublicKeyCache getPublicKeyObject
INFORMAÇÕES: Retrieved key 1jYqtWb54a3hYuudALlY+uWoa+H6XEFakodAe1T6/ws= using locator NAME: /%C1.M.S.localhost/%C1.M.SRV/ccnd/KEY/%C1.M.K=00D6362AB566F9E1ADE162EB9D00B958FAE5A86BE1FA5C415A9287407B54FAFF0B/=FD054B82D339C9 - got /%C1.M.S.localhost/%C1.M.SRV/ccnd/KEY/%C1.M.K=00D6362AB566F9E1ADE162EB9D00B958FAE5A86BE1FA5C415A9287407B54FAFF0B/=FD054B82D339C9/=00
Jan 15, 2015 6:24:34 PM org.ccnx.ccn.io.CCNAbstractInputStream <init>
INFORMAÇÕES: CCNAbstractInputStream: /%C1.M.S.localhost/%C1.M.SRV/ccnd/KEY/%C1.M.K=00D6362AB566F9E1ADE162EB9D00B958FAE5A86BE1FA5C415A9287407B54FAFF0B/=FD054B82D339C9 segment 0
Jan 15, 2015 6:24:34 PM org.ccnx.ccn.impl.security.keys.PublicKeyCache getPublicKeyObject
INFORMAÇÕES: Retrieved public key using name: /%C1.M.S.localhost/%C1.M.SRV/ccnd/KEY/%C1.M.K=00D6362AB566F9E1ADE162EB9D00B958FAE5A86BE1FA5C415A9287407B54FAFF0B/=FD054B82D339C9
Jan 15, 2015 6:24:34 PM org.ccnx.ccn.impl.security.keys.PublicKeyCache getPublicKey
INFORMAÇÕES: Retrieved key 1jYqtWb54a3hYuudALlY+uWoa+H6XEFakodAe1T6/ws= from network with locator NAME: /%C1.M.S.localhost/%C1.M.SRV/ccnd/KEY/%C1.M.K=00D6362AB566F9E1ADE162EB9D00B958FAE5A86BE1FA5C415A9287407B54FAFF0B/=FD054B82D339C9!
Jan 15, 2015 6:24:34 PM org.ccnx.ccn.config.PlatformConfiguration <clinit>
INFORMAÇÕES: BC provider: BC
Jan 15, 2015 6:24:34 PM org.ccnx.ccn.config.PlatformConfiguration <clinit>
INFORMAÇÕES: Provider info: BouncyCastle Security Provider v1.43 version: 1.43
Jan 15, 2015 6:24:34 PM org.ccnx.ccn.config.PlatformConfiguration <clinit>
INFORMAÇÕES: java.vm.name = OpenJDK 64-Bit Server VM
Jan 15, 2015 6:24:34 PM org.ccnx.ccn.impl.CCNFlowControl addNameSpace
INFORMAÇÕES: Flow controller addNameSpace: added namespace: /ccnx.org/Users/root/Keys/%C1.M.K=009234ADEC47D19E3E6A2AF362D44E09AB6B71F43B1900BA0622FB45F2A5B7D9F6/=FD054AE7DE1000
Jan 15, 2015 6:24:34 PM org.ccnx.ccn.impl.security.keys.BasicKeyManager getKeyLocator
INFORMAÇÕES: getKeyLocator: returning locator KEY: kjSt7EfRnj5qKvNi1E4Jq2tx9DsZALoGIvtF8qW32fY= for key kjSt7EfRnj5qKvNi1E4Jq2tx9DsZALoGIvtF8qW32fY=
Jan 15, 2015 6:24:34 PM org.ccnx.ccn.KeyManager publishKey
INFORMAÇÕES: publishKey: key not previously published, making new key object /ccnx.org/Users/root/Keys/%C1.M.K=009234ADEC47D19E3E6A2AF362D44E09AB6B71F43B1900BA0622FB45F2A5B7D9F6 with version 2015-01-08 09:53:53.0 displayed as =FD054AE7DE1000
Jan 15, 2015 6:24:34 PM org.ccnx.ccn.io.CCNAbstractOutputStream <init>
INFORMAÇÕES: CCNAbstractOutputStream: /ccnx.org/Users/root/Keys/%C1.M.K=009234ADEC47D19E3E6A2AF362D44E09AB6B71F43B1900BA0622FB45F2A5B7D9F6/=FD054AE7DE1000 blocksize is 4096
Jan 15, 2015 6:24:34 PM org.ccnx.ccn.io.CCNAbstractOutputStream startWrite
INFORMAÇÕES: CCNAbstractOutputStream: startWrite -- searching for keys.
Jan 15, 2015 6:24:34 PM org.ccnx.ccn.profiles.security.access.AccessControlManager keysForOutput
INFORMAÇÕES: keysForOutput: found an acm: (null)
Jan 15, 2015 6:24:34 PM org.ccnx.ccn.io.CCNOutputStream flushToNetwork
INFORMAÇÕES: flush: outputting to the segmenter, baseName /ccnx.org/Users/root/Keys/%C1.M.K=009234ADEC47D19E3E6A2AF362D44E09AB6B71F43B1900BA0622FB45F2A5B7D9F6/=FD054AE7DE1000 basenameindex =00; 162 bytes written, holding back 162 flushing final blocks? false.
Jan 15, 2015 6:24:34 PM org.ccnx.ccn.io.CCNOutputStream flushToNetwork
INFORMAÇÕES: HEADER: CCNOutputStream: flushToNetwork: new _baseNameIndex 0
Jan 15, 2015 6:24:34 PM org.ccnx.ccn.io.CCNOutputStream flushToNetwork
INFORMAÇÕES: flush: outputting to the segmenter, baseName /ccnx.org/Users/root/Keys/%C1.M.K=009234ADEC47D19E3E6A2AF362D44E09AB6B71F43B1900BA0622FB45F2A5B7D9F6/=FD054AE7DE1000 basenameindex =00; 162 bytes written, holding back 0 flushing final blocks? true.
Jan 15, 2015 6:24:34 PM org.ccnx.ccn.io.CCNOutputStream flushToNetwork
INFORMAÇÕES: HEADER: CCNOutputStream: flushToNetwork: new _baseNameIndex 1
Jan 15, 2015 6:24:34 PM org.ccnx.ccn.io.CCNOutputStream close
INFORMAÇÕES: CCNOutputStream close: /ccnx.org/Users/root/Keys/%C1.M.K=009234ADEC47D19E3E6A2AF362D44E09AB6B71F43B1900BA0622FB45F2A5B7D9F6/=FD054AE7DE1000
Jan 15, 2015 6:24:34 PM org.ccnx.ccn.KeyManager publishKey
INFORMAÇÕES: Published key Sun RSA public key, 1024 bits
  modulus: 110921138301212145392004253279917995950258669333863662056871643271976607790547016315269834949391078948318860805625603844022322721344201027571021917379901461301585327002407293702110801478794762434747364279565414349376821790585553127606947398240644540011141381284624017866806283409148649866001587866016004087361
  public exponent: 65537 to name /ccnx.org/Users/root/Keys/%C1.M.K=009234ADEC47D19E3E6A2AF362D44E09AB6B71F43B1900BA0622FB45F2A5B7D9F6/=FD054AE7DE1000 with key locator NAME: /ccnx.org/Users/root/Keys/%C1.M.K=009234ADEC47D19E3E6A2AF362D44E09AB6B71F43B1900BA0622FB45F2A5B7D9F6/=FD054AE7DE1000 KEY:-reba89rgbj1o6ata34t5eovcl4kho5s9pnv8nstq15q1ld4g9ga; ephemeral digest %A8W=1CEF3B13528498F8CC7CB1F325033809E3C5C023B5EDFDB75AEAFE4D756C.
Jan 15, 2015 6:24:34 PM org.ccnx.ccn.impl.security.keys.BasicKeyManager publishKey
INFORMAÇÕES: publishKey: published key kjSt7EfRnj5qKvNi1E4Jq2tx9DsZALoGIvtF8qW32fY=
 under specified key name /ccnx.org/Users/root/Keys/%C1.M.K=009234ADEC47D19E3E6A2AF362D44E09AB6B71F43B1900BA0622FB45F2A5B7D9F6/=FD054AE7DE1000
 key locator: NAME: /ccnx.org/Users/root/Keys/%C1.M.K=009234ADEC47D19E3E6A2AF362D44E09AB6B71F43B1900BA0622FB45F2A5B7D9F6/=FD054AE7DE1000 KEY:-reba89rgbj1o6ata34t5eovcl4kho5s9pnv8nstq15q1ld4g9ga
Jan 15, 2015 6:24:34 PM org.ccnx.ccn.impl.security.keys.BasicKeyManager publishKey
INFORMAÇÕES: publishKey: storing key locator kjSt7EfRnj5qKvNi1E4Jq2tx9DsZALoGIvtF8qW32fY= for key NAME: /ccnx.org/Users/root/Keys/%C1.M.K=009234ADEC47D19E3E6A2AF362D44E09AB6B71F43B1900BA0622FB45F2A5B7D9F6/=FD054AE7DE1000 KEY:-reba89rgbj1o6ata34t5eovcl4kho5s9pnv8nstq15q1ld4g9ga
Jan 15, 2015 6:24:34 PM org.ccnx.ccn.impl.CCNNetworkManager <init>
ADVERTÊNCIA: NetworkManager 2: Non-standard CCN agent port 63000 per property ccn.agent.port
Jan 15, 2015 6:24:34 PM org.ccnx.ccn.impl.CCNNetworkManager <init>
INFORMAÇÕES: NetworkManager 2: Contacting CCN agent at localhost:63000
Jan 15, 2015 6:24:34 PM org.ccnx.ccn.impl.CCNNetworkChannel <init>
INFORMAÇÕES: NetworkChannel 2: Starting up CCNNetworkChannel using TCP.
Jan 15, 2015 6:24:34 PM org.ccnx.ccn.impl.CCNNetworkChannel open
INFORMAÇÕES: NetworkChannel 2: open()
Jan 15, 2015 6:24:34 PM org.ccnx.ccn.impl.CCNNetworkChannel open
INFORMAÇÕES: NetworkChannel 2: Contacting CCN agent at localhost:63000 on local port 40660
Jan 15, 2015 6:24:34 PM org.ccnx.ccn.CCNHandle <init>
INFORMAÇÕES: CCNHandle 2: Handle is now open
Jan 15, 2015 6:24:34 PM org.ccnx.ccn.impl.CCNNetworkManager <init>
ADVERTÊNCIA: NetworkManager 3: Non-standard CCN agent port 63000 per property ccn.agent.port
Jan 15, 2015 6:24:34 PM org.ccnx.ccn.impl.CCNNetworkManager <init>
INFORMAÇÕES: NetworkManager 3: Contacting CCN agent at localhost:63000
Jan 15, 2015 6:24:34 PM org.ccnx.ccn.impl.CCNNetworkChannel <init>
INFORMAÇÕES: NetworkChannel 3: Starting up CCNNetworkChannel using TCP.
Jan 15, 2015 6:24:34 PM org.ccnx.ccn.impl.CCNNetworkChannel open
INFORMAÇÕES: NetworkChannel 3: open()
Jan 15, 2015 6:24:34 PM org.ccnx.ccn.impl.CCNNetworkChannel open
INFORMAÇÕES: NetworkChannel 3: Contacting CCN agent at localhost:63000 on local port 40661
Jan 15, 2015 6:24:34 PM org.ccnx.ccn.CCNHandle <init>
INFORMAÇÕES: CCNHandle 3: Handle is now open
Jan 15, 2015 6:24:34 PM org.ccnx.ccn.io.CCNFileStreamTestRepo testRepoFileOutputStream
INFORMAÇÕES: Started testRepoFileOutputStream
Jan 15, 2015 6:24:34 PM org.ccnx.ccn.impl.CCNFlowControl <init>
INFORMAÇÕES: adding namespace: /ccnx.org/test/CCNFileStreamTestRepo-15-01-15-18.24.34/testRepoFileOutputStream/outputFile.bin
Jan 15, 2015 6:24:34 PM org.ccnx.ccn.impl.CCNNetworkManager run
INFORMAÇÕES: NetworkManager 2: CCNNetworkManager processing thread started for port: 63000
Jan 15, 2015 6:24:34 PM org.ccnx.ccn.impl.security.keys.BasicKeyManager getKeyLocator
INFORMAÇÕES: getKeyLocator: returning locator NAME: /ccnx.org/Users/root/Keys/%C1.M.K=009234ADEC47D19E3E6A2AF362D44E09AB6B71F43B1900BA0622FB45F2A5B7D9F6/=FD054AE7DE1000 KEY:-reba89rgbj1o6ata34t5eovcl4kho5s9pnv8nstq15q1ld4g9ga for key kjSt7EfRnj5qKvNi1E4Jq2tx9DsZALoGIvtF8qW32fY=
Jan 15, 2015 6:24:34 PM org.ccnx.ccn.io.CCNAbstractOutputStream <init>
INFORMAÇÕES: CCNAbstractOutputStream: /ccnx.org/test/CCNFileStreamTestRepo-15-01-15-18.24.34/testRepoFileOutputStream/outputFile.bin/=FD054B83012BC3 blocksize is 4096
Jan 15, 2015 6:24:34 PM org.ccnx.ccn.io.CCNAbstractOutputStream startWrite
INFORMAÇÕES: CCNAbstractOutputStream: startWrite -- searching for keys.
Jan 15, 2015 6:24:34 PM org.ccnx.ccn.profiles.security.access.AccessControlManager keysForOutput
INFORMAÇÕES: keysForOutput: found an acm: (null)
Jan 15, 2015 6:24:34 PM org.ccnx.ccn.impl.repo.RepositoryFlowControl startWrite
INFORMAÇÕES: RepositoryFlowControl.startWrite called for name /ccnx.org/test/CCNFileStreamTestRepo-15-01-15-18.24.34/testRepoFileOutputStream/outputFile.bin/=FD054B83012BC3, shape STREAM
Jan 15, 2015 6:24:34 PM org.ccnx.ccn.impl.repo.RepositoryFlowControl handleContent
INFORMAÇÕES: handleContent: got potential repo message: /ccnx.org/test/CCNFileStreamTestRepo-15-01-15-18.24.34/testRepoFileOutputStream/outputFile.bin/=FD054B83012BC3/%C1.R.sw/%C1.N=0092F83B812D934055
Jan 15, 2015 6:24:34 PM org.ccnx.ccn.io.CCNOutputStream flushToNetwork
INFORMAÇÕES: flush: outputting to the segmenter, baseName /ccnx.org/test/CCNFileStreamTestRepo-15-01-15-18.24.34/testRepoFileOutputStream/outputFile.bin/=FD054B83012BC3 basenameindex =00; 1515 bytes written, holding back 1515 flushing final blocks? false.
Jan 15, 2015 6:24:34 PM org.ccnx.ccn.io.CCNOutputStream flushToNetwork
INFORMAÇÕES: HEADER: CCNOutputStream: flushToNetwork: new _baseNameIndex 0
Jan 15, 2015 6:24:34 PM org.ccnx.ccn.io.CCNOutputStream flushToNetwork
INFORMAÇÕES: flush: outputting to the segmenter, baseName /ccnx.org/test/CCNFileStreamTestRepo-15-01-15-18.24.34/testRepoFileOutputStream/outputFile.bin/=FD054B83012BC3 basenameindex =00; 1515 bytes written, holding back 1515 flushing final blocks? false.
Jan 15, 2015 6:24:34 PM org.ccnx.ccn.io.CCNOutputStream flushToNetwork
INFORMAÇÕES: HEADER: CCNOutputStream: flushToNetwork: new _baseNameIndex 0
Jan 15, 2015 6:24:34 PM org.ccnx.ccn.io.CCNOutputStream flushToNetwork
INFORMAÇÕES: flush: outputting to the segmenter, baseName /ccnx.org/test/CCNFileStreamTestRepo-15-01-15-18.24.34/testRepoFileOutputStream/outputFile.bin/=FD054B83012BC3 basenameindex =00; 1515 bytes written, holding back 0 flushing final blocks? true.
Jan 15, 2015 6:24:34 PM org.ccnx.ccn.io.CCNOutputStream flushToNetwork
INFORMAÇÕES: HEADER: CCNOutputStream: flushToNetwork: new _baseNameIndex 1
Jan 15, 2015 6:24:34 PM org.ccnx.ccn.io.CCNAbstractOutputStream <init>
INFORMAÇÕES: CCNAbstractOutputStream: /ccnx.org/test/CCNFileStreamTestRepo-15-01-15-18.24.34/testRepoFileOutputStream/outputFile.bin/=FD054B83012BC3/%C1.META.M/.header/=FD054B83012C29 blocksize is 4096
Jan 15, 2015 6:24:34 PM org.ccnx.ccn.io.CCNAbstractOutputStream startWrite
INFORMAÇÕES: CCNAbstractOutputStream: startWrite -- searching for keys.
Jan 15, 2015 6:24:34 PM org.ccnx.ccn.profiles.security.access.AccessControlManager keysForOutput
INFORMAÇÕES: keysForOutput: found an acm: (null)
Jan 15, 2015 6:24:34 PM org.ccnx.ccn.impl.repo.RepositoryFlowControl startWrite
INFORMAÇÕES: RepositoryFlowControl.startWrite called for name /ccnx.org/test/CCNFileStreamTestRepo-15-01-15-18.24.34/testRepoFileOutputStream/outputFile.bin/=FD054B83012BC3/%C1.META.M/.header/=FD054B83012C29, shape STREAM
Jan 15, 2015 6:24:34 PM org.ccnx.ccn.impl.repo.RepositoryFlowControl handleContent
INFORMAÇÕES: handleContent: got potential repo message: /ccnx.org/test/CCNFileStreamTestRepo-15-01-15-18.24.34/testRepoFileOutputStream/outputFile.bin/=FD054B83012BC3/%C1.META.M/.header/=FD054B83012C29/%C1.R.sw/%C1.N=00BCBD4D6FA023F7F0
Jan 15, 2015 6:24:34 PM org.ccnx.ccn.io.CCNOutputStream flushToNetwork
INFORMAÇÕES: flush: outputting to the segmenter, baseName /ccnx.org/test/CCNFileStreamTestRepo-15-01-15-18.24.34/testRepoFileOutputStream/outputFile.bin/=FD054B83012BC3/%C1.META.M/.header/=FD054B83012C29 basenameindex =00; 66 bytes written, holding back 66 flushing final blocks? false.
Jan 15, 2015 6:24:34 PM org.ccnx.ccn.io.CCNOutputStream flushToNetwork
INFORMAÇÕES: HEADER: CCNOutputStream: flushToNetwork: new _baseNameIndex 0
Jan 15, 2015 6:24:34 PM org.ccnx.ccn.io.CCNOutputStream flushToNetwork
INFORMAÇÕES: flush: outputting to the segmenter, baseName /ccnx.org/test/CCNFileStreamTestRepo-15-01-15-18.24.34/testRepoFileOutputStream/outputFile.bin/=FD054B83012BC3/%C1.META.M/.header/=FD054B83012C29 basenameindex =00; 66 bytes written, holding back 66 flushing final blocks? false.
Jan 15, 2015 6:24:34 PM org.ccnx.ccn.io.CCNOutputStream flushToNetwork
INFORMAÇÕES: HEADER: CCNOutputStream: flushToNetwork: new _baseNameIndex 0
Jan 15, 2015 6:24:34 PM org.ccnx.ccn.io.CCNOutputStream flushToNetwork
INFORMAÇÕES: flush: outputting to the segmenter, baseName /ccnx.org/test/CCNFileStreamTestRepo-15-01-15-18.24.34/testRepoFileOutputStream/outputFile.bin/=FD054B83012BC3/%C1.META.M/.header/=FD054B83012C29 basenameindex =00; 66 bytes written, holding back 0 flushing final blocks? true.
Jan 15, 2015 6:24:34 PM org.ccnx.ccn.io.CCNOutputStream flushToNetwork
INFORMAÇÕES: HEADER: CCNOutputStream: flushToNetwork: new _baseNameIndex 1
Jan 15, 2015 6:24:34 PM org.ccnx.ccn.io.CCNOutputStream close
INFORMAÇÕES: CCNOutputStream close: /ccnx.org/test/CCNFileStreamTestRepo-15-01-15-18.24.34/testRepoFileOutputStream/outputFile.bin/=FD054B83012BC3/%C1.META.M/.header/=FD054B83012C29
Jan 15, 2015 6:24:34 PM org.ccnx.ccn.io.CCNOutputStream close
INFORMAÇÕES: CCNOutputStream close: /ccnx.org/test/CCNFileStreamTestRepo-15-01-15-18.24.34/testRepoFileOutputStream/outputFile.bin/=FD054B83012BC3
Jan 15, 2015 6:24:34 PM org.ccnx.ccn.io.CCNFileStreamTestRepo testRepoFileOutputStream
INFORMAÇÕES: Wrote file to repository: /ccnx.org/test/CCNFileStreamTestRepo-15-01-15-18.24.34/testRepoFileOutputStream/outputFile.bin/=FD054B83012BC3
Jan 15, 2015 6:24:34 PM org.ccnx.ccn.io.CCNAbstractInputStream <init>
INFORMAÇÕES: CCNAbstractInputStream: /ccnx.org/test/CCNFileStreamTestRepo-15-01-15-18.24.34/testRepoFileOutputStream/outputFile.bin segment 0
Jan 15, 2015 6:24:34 PM org.ccnx.ccn.io.CCNVersionedInputStream getFirstSegment
INFORMAÇÕES: getFirstSegment: getting latest version of /ccnx.org/test/CCNFileStreamTestRepo-15-01-15-18.24.34/testRepoFileOutputStream/outputFile.bin
Jan 15, 2015 6:24:34 PM org.ccnx.ccn.impl.CCNNetworkManager run
INFORMAÇÕES: NetworkManager 3: CCNNetworkManager processing thread started for port: 63000
Jan 15, 2015 6:24:34 PM org.ccnx.ccn.profiles.VersioningProfile getLatestVersion
INFORMAÇÕES: gLV getLatestVersion: retrieved latest version object /ccnx.org/test/CCNFileStreamTestRepo-15-01-15-18.24.34/testRepoFileOutputStream/outputFile.bin/=FD054B83012BC3/=00 type: DATA
Jan 15, 2015 6:24:35 PM org.ccnx.ccn.profiles.VersioningProfile getLatestVersion
INFORMAÇÕES: getFirstBlockOfLatestVersion: no block available for later version of /ccnx.org/test/CCNFileStreamTestRepo-15-01-15-18.24.34/testRepoFileOutputStream/outputFile.bin/=FD054B83012BC3
Jan 15, 2015 6:24:35 PM org.ccnx.ccn.io.CCNVersionedInputStream getFirstSegment
INFORMAÇÕES: getFirstSegment: retrieved latest version object /ccnx.org/test/CCNFileStreamTestRepo-15-01-15-18.24.34/testRepoFileOutputStream/outputFile.bin/=FD054B83012BC3/=00 type: DATA
Jan 15, 2015 6:24:35 PM org.ccnx.ccn.io.CCNFileInputStream requestHeader
INFORMAÇÕES: Retrieving header : /ccnx.org/test/CCNFileStreamTestRepo-15-01-15-18.24.34/testRepoFileOutputStream/outputFile.bin/=FD054B83012BC3/%C1.META.M/.header in background.
Jan 15, 2015 6:24:35 PM org.ccnx.ccn.io.content.CCNNetworkObject updateInBackground
INFORMAÇÕES: updateInBackground: getting latest version after /ccnx.org/test/CCNFileStreamTestRepo-15-01-15-18.24.34/testRepoFileOutputStream/outputFile.bin/=FD054B83012BC3/%C1.META.M/.header in background.
Jan 15, 2015 6:24:35 PM org.ccnx.ccn.io.content.CCNNetworkObject updateInBackground
INFORMAÇÕES: updateInBackground: initial interest: /ccnx.org/test/CCNFileStreamTestRepo-15-01-15-18.24.34/testRepoFileOutputStream/outputFile.bin/=FD054B83012BC3/%C1.META.M/.header:  maxsc:3 minsc:3 ex(B,=FD00FFFFFFFFFF,=FE000000000000,B)
Jan 15, 2015 6:24:35 PM org.ccnx.ccn.io.CCNFileInputStream requestHeader
INFORMAÇÕES: Retrieving header under old name: /ccnx.org/test/CCNFileStreamTestRepo-15-01-15-18.24.34/testRepoFileOutputStream/outputFile.bin/=FD054B83012BC3/_meta_/.header in background.
Jan 15, 2015 6:24:35 PM org.ccnx.ccn.io.content.CCNNetworkObject updateInBackground
INFORMAÇÕES: updateInBackground: getting latest version after /ccnx.org/test/CCNFileStreamTestRepo-15-01-15-18.24.34/testRepoFileOutputStream/outputFile.bin/=FD054B83012BC3/_meta_/.header in background.
Jan 15, 2015 6:24:35 PM org.ccnx.ccn.io.content.CCNNetworkObject.Updater.BackgroundUpdater run
INFORMAÇÕES: updateInBackground: handleContent: /ccnx.org/test/CCNFileStreamTestRepo-15-01-15-18.24.34/testRepoFileOutputStream/outputFile.bin/=FD054B83012BC3/%C1.META.M/.header:  maxsc:3 minsc:3 ex(B,=FD00FFFFFFFFFF,=FE000000000000,B) retrieved /ccnx.org/test/CCNFileStreamTestRepo-15-01-15-18.24.34/testRepoFileOutputStream/outputFile.bin/=FD054B83012BC3/%C1.META.M/.header/=FD054B83012C29/=00
Jan 15, 2015 6:24:35 PM org.ccnx.ccn.io.content.CCNNetworkObject updateInBackground
INFORMAÇÕES: updateInBackground: initial interest: /ccnx.org/test/CCNFileStreamTestRepo-15-01-15-18.24.34/testRepoFileOutputStream/outputFile.bin/=FD054B83012BC3/_meta_/.header:  maxsc:3 minsc:3 ex(B,=FD00FFFFFFFFFF,=FE000000000000,B)
Jan 15, 2015 6:24:35 PM org.ccnx.ccn.io.content.CCNNetworkObject.Updater.BackgroundUpdater run
INFORMAÇÕES: updateInBackground: Background updating of /ccnx.org/test/CCNFileStreamTestRepo-15-01-15-18.24.34/testRepoFileOutputStream/outputFile.bin/=FD054B83012BC3/%C1.META.M/.header, got first segment: /ccnx.org/test/CCNFileStreamTestRepo-15-01-15-18.24.34/testRepoFileOutputStream/outputFile.bin/=FD054B83012BC3/%C1.META.M/.header/=FD054B83012C29/=00
Jan 15, 2015 6:24:35 PM org.ccnx.ccn.profiles.repo.RepositoryControl localRepoSync
INFORMAÇÕES: RepositoryControl.localRepoSync called for name /ccnx.org/test/CCNFileStreamTestRepo-15-01-15-18.24.34/testRepoFileOutputStream/outputFile.bin/=FD054B83012BC3
Jan 15, 2015 6:24:35 PM org.ccnx.ccn.io.CCNAbstractInputStream <init>
INFORMAÇÕES: CCNAbstractInputStream: /ccnx.org/test/CCNFileStreamTestRepo-15-01-15-18.24.34/testRepoFileOutputStream/outputFile.bin/=FD054B83012BC3/%C1.META.M/.header/=FD054B83012C29 segment 0
Jan 15, 2015 6:24:35 PM org.ccnx.ccn.profiles.repo.RepositoryControl doLocalCheckedWrite
INFORMAÇÕES: Checked write to repository: /ccnx.org/test/CCNFileStreamTestRepo-15-01-15-18.24.34/testRepoFileOutputStream/outputFile.bin/=FD054B83012BC3
Jan 15, 2015 6:24:35 PM org.ccnx.ccn.io.content.CCNNetworkObject.Updater.BackgroundUpdater run
INFORMAÇÕES: updateInBackground: handleContent: got a new version, not continuous updates, returning null.
Jan 15, 2015 6:24:35 PM org.ccnx.ccn.impl.security.keys.PublicKeyCache getPublicKey
INFORMAÇÕES: Repository looking up a key that is contained in the locator...
Jan 15, 2015 6:24:35 PM org.ccnx.ccn.io.CCNFileStreamTestRepo testRepoFileOutputStream
INFORMAÇÕES: Read file from repository: /ccnx.org/test/CCNFileStreamTestRepo-15-01-15-18.24.34/testRepoFileOutputStream/outputFile.bin/=FD054B83012BC3 has header? true
Jan 15, 2015 6:24:35 PM org.ccnx.ccn.io.CCNFileStreamTestRepo testRepoFileOutputStream
INFORMAÇÕES: Read file size: 1515 written size: 1515 header file size 1515
Jan 15, 2015 6:24:35 PM org.ccnx.ccn.io.CCNFileStreamTestRepo testRepoFileOutputStream
INFORMAÇÕES: Read digest: grhhj4of2f0ohhbgf2btud0mqcqxrmwsu6dkuuox4ius50id5j wrote digest: grhhj4of2f0ohhbgf2btud0mqcqxrmwsu6dkuuox4ius50id5j
Jan 15, 2015 6:24:35 PM org.ccnx.ccn.io.CCNAbstractInputStream <init>
INFORMAÇÕES: CCNAbstractInputStream: /ccnx.org/test/CCNFileStreamTestRepo-15-01-15-18.24.34/testRepoFileOutputStream/outputFile.bin/=FD054B83012BC3 segment 0
Jan 15, 2015 6:24:35 PM org.ccnx.ccn.io.CCNFileInputStream requestHeader
INFORMAÇÕES: Retrieving header : /ccnx.org/test/CCNFileStreamTestRepo-15-01-15-18.24.34/testRepoFileOutputStream/outputFile.bin/=FD054B83012BC3/%C1.META.M/.header in background.
Jan 15, 2015 6:24:35 PM org.ccnx.ccn.io.content.CCNNetworkObject updateInBackground
INFORMAÇÕES: updateInBackground: getting latest version after /ccnx.org/test/CCNFileStreamTestRepo-15-01-15-18.24.34/testRepoFileOutputStream/outputFile.bin/=FD054B83012BC3/%C1.META.M/.header in background.
Jan 15, 2015 6:24:35 PM org.ccnx.ccn.io.content.CCNNetworkObject updateInBackground
INFORMAÇÕES: updateInBackground: initial interest: /ccnx.org/test/CCNFileStreamTestRepo-15-01-15-18.24.34/testRepoFileOutputStream/outputFile.bin/=FD054B83012BC3/%C1.META.M/.header:  maxsc:3 minsc:3 ex(B,=FD00FFFFFFFFFF,=FE000000000000,B)
Jan 15, 2015 6:24:35 PM org.ccnx.ccn.io.CCNFileInputStream requestHeader
INFORMAÇÕES: Retrieving header under old name: /ccnx.org/test/CCNFileStreamTestRepo-15-01-15-18.24.34/testRepoFileOutputStream/outputFile.bin/=FD054B83012BC3/_meta_/.header in background.
Jan 15, 2015 6:24:35 PM org.ccnx.ccn.io.content.CCNNetworkObject.Updater.BackgroundUpdater run
INFORMAÇÕES: updateInBackground: handleContent: /ccnx.org/test/CCNFileStreamTestRepo-15-01-15-18.24.34/testRepoFileOutputStream/outputFile.bin/=FD054B83012BC3/%C1.META.M/.header:  maxsc:3 minsc:3 ex(B,=FD00FFFFFFFFFF,=FE000000000000,B) retrieved /ccnx.org/test/CCNFileStreamTestRepo-15-01-15-18.24.34/testRepoFileOutputStream/outputFile.bin/=FD054B83012BC3/%C1.META.M/.header/=FD054B83012C29/=00
Jan 15, 2015 6:24:35 PM org.ccnx.ccn.io.content.CCNNetworkObject updateInBackground
INFORMAÇÕES: updateInBackground: getting latest version after /ccnx.org/test/CCNFileStreamTestRepo-15-01-15-18.24.34/testRepoFileOutputStream/outputFile.bin/=FD054B83012BC3/_meta_/.header in background.
Jan 15, 2015 6:24:35 PM org.ccnx.ccn.io.content.CCNNetworkObject.Updater.BackgroundUpdater run
INFORMAÇÕES: updateInBackground: Background updating of /ccnx.org/test/CCNFileStreamTestRepo-15-01-15-18.24.34/testRepoFileOutputStream/outputFile.bin/=FD054B83012BC3/%C1.META.M/.header, got first segment: /ccnx.org/test/CCNFileStreamTestRepo-15-01-15-18.24.34/testRepoFileOutputStream/outputFile.bin/=FD054B83012BC3/%C1.META.M/.header/=FD054B83012C29/=00
Jan 15, 2015 6:24:35 PM org.ccnx.ccn.io.content.CCNNetworkObject updateInBackground
INFORMAÇÕES: updateInBackground: initial interest: /ccnx.org/test/CCNFileStreamTestRepo-15-01-15-18.24.34/testRepoFileOutputStream/outputFile.bin/=FD054B83012BC3/_meta_/.header:  maxsc:3 minsc:3 ex(B,=FD00FFFFFFFFFF,=FE000000000000,B)
Jan 15, 2015 6:24:35 PM org.ccnx.ccn.io.CCNAbstractInputStream <init>
INFORMAÇÕES: CCNAbstractInputStream: /ccnx.org/test/CCNFileStreamTestRepo-15-01-15-18.24.34/testRepoFileOutputStream/outputFile.bin/=FD054B83012BC3/%C1.META.M/.header/=FD054B83012C29 segment 0
Jan 15, 2015 6:24:35 PM org.ccnx.ccn.io.CCNFileStreamTestRepo testRepoFileOutputStream
INFORMAÇÕES: Read file from repository again: /ccnx.org/test/CCNFileStreamTestRepo-15-01-15-18.24.34/testRepoFileOutputStream/outputFile.bin/=FD054B83012BC3 has header? false
Jan 15, 2015 6:24:35 PM org.ccnx.ccn.io.content.CCNNetworkObject.Updater.BackgroundUpdater run
INFORMAÇÕES: updateInBackground: handleContent: got a new version, not continuous updates, returning null.
Jan 15, 2015 6:24:35 PM org.ccnx.ccn.io.CCNFileStreamTestRepo testRepoFileOutputStream
INFORMAÇÕES: Read file size: 1515 written size: 1515 header file size 1515
Jan 15, 2015 6:24:35 PM org.ccnx.ccn.io.CCNFileStreamTestRepo testRepoFileOutputStream
INFORMAÇÕES: Read digest: grhhj4of2f0ohhbgf2btud0mqcqxrmwsu6dkuuox4ius50id5j wrote digest: grhhj4of2f0ohhbgf2btud0mqcqxrmwsu6dkuuox4ius50id5j
Jan 15, 2015 6:24:35 PM org.ccnx.ccn.io.CCNFileStreamTestRepo testRepoFileOutputStream
INFORMAÇÕES: Completed testRepoFileOutputStream
Jan 15, 2015 6:24:35 PM org.ccnx.ccn.impl.CCNNetworkManager shutdown
INFORMAÇÕES: NetworkManager 2: Shutdown requested
Jan 15, 2015 6:24:35 PM org.ccnx.ccn.impl.CCNNetworkChannel close
INFORMAÇÕES: NetworkChannel 2: close(false)
Jan 15, 2015 6:24:35 PM org.ccnx.ccn.impl.CCNNetworkManager run
INFORMAÇÕES: NetworkManager 2: Shutdown complete for port: 63000
Jan 15, 2015 6:24:35 PM org.ccnx.ccn.impl.CCNNetworkManager shutdown
INFORMAÇÕES: NetworkManager 3: Shutdown requested
Jan 15, 2015 6:24:35 PM org.ccnx.ccn.impl.CCNNetworkManager run
INFORMAÇÕES: NetworkManager 3: Shutdown complete for port: 63000
Jan 15, 2015 6:24:35 PM org.ccnx.ccn.impl.CCNNetworkChannel close
INFORMAÇÕES: NetworkChannel 3: close(false)
Jan 15, 2015 6:24:35 PM org.ccnx.ccn.impl.CCNNetworkManager shutdown
INFORMAÇÕES: NetworkManager 1: Shutdown requested
Jan 15, 2015 6:24:35 PM org.ccnx.ccn.impl.CCNNetworkManager run
INFORMAÇÕES: NetworkManager 1: Shutdown complete for port: 63000
Jan 15, 2015 6:24:35 PM org.ccnx.ccn.impl.CCNNetworkChannel close
INFORMAÇÕES: NetworkChannel 1: close(false)
Jan 15, 2015 6:24:35 PM org.ccnx.ccn.impl.security.keys.BasicKeyManager saveSecureKeyCache
INFORMAÇÕES: Not saving key manager secure key cache data in response to user configuration variable.
]]></system-err>
</testsuite>
