<?xml version="1.0" encoding="UTF-8" ?>
<testsuite errors="0" failures="0" hostname="barbara-Notebook" name="org.ccnx.ccn.impl.CCNNetworkTestRepo" skipped="0" tests="2" time="25.242" timestamp="2015-01-15T21:17:24">
  <properties>
[...]
</properties>
  <testcase classname="org.ccnx.ccn.impl.CCNNetworkTestRepo" name="testObjectIOLoop" time="9.691" />
  <testcase classname="org.ccnx.ccn.impl.CCNNetworkTestRepo" name="testBadCallback" time="15.008" />
  <system-out><![CDATA[Writing log records to /home/barbara/jaime/ccnx-0.8.1/javasrc/testout/log/ccn_15-01-15-181724-5586.log
Trying for object 0
0
Trying for object 1
1
Trying for object 2
2
Trying for object 3
3
Trying for object 4
4
Trying for object 5
5
Trying for object 6
6
Trying for object 7
7
Trying for object 8
8
Trying for object 9
9
Trying for object 10
10
Trying for object 11
11
Trying for object 12
12
Trying for object 13
13
Trying for object 14
14
Trying for object 15
15
Trying for object 16
16
Trying for object 17
17
Trying for object 18
18
Trying for object 19
19
Trying for object 20
20
Trying for object 21
21
Trying for object 22
22
Trying for object 23
23
Trying for object 24
24
Trying for object 25
25
Trying for object 26
26
Trying for object 27
27
Trying for object 28
28
Trying for object 29
29
Trying for object 30
30
Trying for object 31
31
Trying for object 32
32
Trying for object 33
33
Trying for object 34
34
Trying for object 35
35
Trying for object 36
36
Trying for object 37
37
Trying for object 38
38
Trying for object 39
39
Trying for object 40
40
Trying for object 41
41
Trying for object 42
42
Trying for object 43
43
Trying for object 44
44
Trying for object 45
45
Trying for object 46
46
Trying for object 47
47
Trying for object 48
48
Trying for object 49
49
Trying for object 50
50
Trying for object 51
51
Trying for object 52
52
Trying for object 53
53
Trying for object 54
54
Trying for object 55
55
Trying for object 56
56
Trying for object 57
57
Trying for object 58
58
Trying for object 59
59
Trying for object 60
60
Trying for object 61
61
Trying for object 62
62
Trying for object 63
63
Trying for object 64
64
Trying for object 65
65
Trying for object 66
66
Trying for object 67
67
Trying for object 68
68
Trying for object 69
69
Trying for object 70
70
Trying for object 71
71
Trying for object 72
72
Trying for object 73
73
Trying for object 74
74
Trying for object 75
75
Trying for object 76
76
Trying for object 77
77
Trying for object 78
78
Trying for object 79
79
Trying for object 80
80
Trying for object 81
81
Trying for object 82
82
Trying for object 83
83
Trying for object 84
84
Trying for object 85
85
Trying for object 86
86
Trying for object 87
87
Trying for object 88
88
Trying for object 89
89
Trying for object 90
90
Trying for object 91
91
Trying for object 92
92
Trying for object 93
93
Trying for object 94
94
Trying for object 95
95
Trying for object 96
96
Trying for object 97
97
Trying for object 98
98
Trying for object 99
99
]]></system-out>
  <system-err><![CDATA[Jan 15, 2015 6:17:24 PM org.ccnx.ccn.CCNTestHelper <init>
INFORMAÇÕES: Initializing test org.ccnx.ccn.impl.CCNNetworkTestRepo, data can be found under /ccnx.org/test/CCNNetworkTestRepo-15-01-15-18.17.24.
Jan 15, 2015 6:17:25 PM org.ccnx.ccn.impl.security.keys.BasicKeyManager loadKeyStore
INFORMAÇÕES: Loading CCN key store from /root/.ccnx/.ccnx_keystore...last modified 1420721633000(ms).
Jan 15, 2015 6:17:25 PM org.ccnx.ccn.impl.security.keys.BasicKeyManager readKeyStore
INFORMAÇÕES: Loading CCN key store...
Jan 15, 2015 6:17:25 PM org.ccnx.ccn.impl.security.keys.BasicKeyManager loadKeyStore
INFORMAÇÕES: Loaded CCN key store from /root/.ccnx/.ccnx_keystore...version 2015-01-08 09:53:53.0 ms: 1420721633000
Jan 15, 2015 6:17:25 PM org.ccnx.ccn.impl.security.keys.BasicKeyManager loadValuesFromKeystore
INFORMAÇÕES: Loading key store file:/root/.ccnx/.ccnx_keystore version 2015-01-08 09:53:53.0 version component =FD054AE7DE1000 millis 1420721633000
Jan 15, 2015 6:17:25 PM org.ccnx.ccn.impl.security.keys.BasicKeyManager loadValuesFromKeystore
INFORMAÇÕES: Default key ID for user root: kjSt7EfRnj5qKvNi1E4Jq2tx9DsZALoGIvtF8qW32fY=
Jan 15, 2015 6:17:25 PM org.ccnx.ccn.impl.security.keys.SecureKeyCache loadKeyStore
INFORMAÇÕES: KeyCache: loading signing key kjSt7EfRnj5qKvNi1E4Jq2tx9DsZALoGIvtF8qW32fY=, remembering public key in public key cache.
Jan 15, 2015 6:17:25 PM org.ccnx.ccn.impl.security.keys.SecureKeyCache addMySigningKey
INFORMAÇÕES: SecureKeyCache: adding my private key 9234adec47d19e3e6a2af362d44e09ab6b71f43b1900ba0622fb45f2a5b7d9f6
Jan 15, 2015 6:17:25 PM org.ccnx.ccn.impl.security.keys.BasicKeyManager loadValuesFromConfiguration
INFORMAÇÕES: Not loading key manager configuration data in response to user configuration variable.
Jan 15, 2015 6:17:25 PM org.ccnx.ccn.impl.CCNNetworkManager <init>
ADVERTÊNCIA: NetworkManager 1: Non-standard CCN agent port 63000 per property ccn.agent.port
Jan 15, 2015 6:17:25 PM org.ccnx.ccn.impl.CCNNetworkManager <init>
INFORMAÇÕES: NetworkManager 1: Contacting CCN agent at localhost:63000
Jan 15, 2015 6:17:25 PM org.ccnx.ccn.impl.CCNNetworkChannel <init>
INFORMAÇÕES: NetworkChannel 1: Starting up CCNNetworkChannel using TCP.
Jan 15, 2015 6:17:25 PM org.ccnx.ccn.impl.CCNNetworkChannel open
INFORMAÇÕES: NetworkChannel 1: open()
Jan 15, 2015 6:17:25 PM org.ccnx.ccn.impl.CCNNetworkChannel open
INFORMAÇÕES: NetworkChannel 1: Contacting CCN agent at localhost:63000 on local port 40490
Jan 15, 2015 6:17:25 PM org.ccnx.ccn.CCNHandle <init>
INFORMAÇÕES: CCNHandle 1: Handle is now open
Jan 15, 2015 6:17:25 PM org.ccnx.ccn.impl.CCNNetworkManager run
INFORMAÇÕES: NetworkManager 1: CCNNetworkManager processing thread started for port: 63000
Jan 15, 2015 6:17:25 PM org.ccnx.ccn.impl.security.keys.PublicKeyCache getPublicKeyObject
INFORMAÇÕES: Retrieved key 1jYqtWb54a3hYuudALlY+uWoa+H6XEFakodAe1T6/ws= using locator NAME: /%C1.M.S.localhost/%C1.M.SRV/ccnd/KEY/%C1.M.K=00D6362AB566F9E1ADE162EB9D00B958FAE5A86BE1FA5C415A9287407B54FAFF0B/=FD054B82D339C9.
Jan 15, 2015 6:17:25 PM org.ccnx.ccn.impl.security.keys.PublicKeyCache getPublicKeyObject
INFORMAÇÕES: Retrieved key 1jYqtWb54a3hYuudALlY+uWoa+H6XEFakodAe1T6/ws= using locator NAME: /%C1.M.S.localhost/%C1.M.SRV/ccnd/KEY/%C1.M.K=00D6362AB566F9E1ADE162EB9D00B958FAE5A86BE1FA5C415A9287407B54FAFF0B/=FD054B82D339C9 - got /%C1.M.S.localhost/%C1.M.SRV/ccnd/KEY/%C1.M.K=00D6362AB566F9E1ADE162EB9D00B958FAE5A86BE1FA5C415A9287407B54FAFF0B/=FD054B82D339C9/=00
Jan 15, 2015 6:17:25 PM org.ccnx.ccn.io.CCNAbstractInputStream <init>
INFORMAÇÕES: CCNAbstractInputStream: /%C1.M.S.localhost/%C1.M.SRV/ccnd/KEY/%C1.M.K=00D6362AB566F9E1ADE162EB9D00B958FAE5A86BE1FA5C415A9287407B54FAFF0B/=FD054B82D339C9 segment 0
Jan 15, 2015 6:17:25 PM org.ccnx.ccn.impl.security.keys.PublicKeyCache getPublicKeyObject
INFORMAÇÕES: Retrieved public key using name: /%C1.M.S.localhost/%C1.M.SRV/ccnd/KEY/%C1.M.K=00D6362AB566F9E1ADE162EB9D00B958FAE5A86BE1FA5C415A9287407B54FAFF0B/=FD054B82D339C9
Jan 15, 2015 6:17:25 PM org.ccnx.ccn.impl.security.keys.PublicKeyCache getPublicKey
INFORMAÇÕES: Retrieved key 1jYqtWb54a3hYuudALlY+uWoa+H6XEFakodAe1T6/ws= from network with locator NAME: /%C1.M.S.localhost/%C1.M.SRV/ccnd/KEY/%C1.M.K=00D6362AB566F9E1ADE162EB9D00B958FAE5A86BE1FA5C415A9287407B54FAFF0B/=FD054B82D339C9!
Jan 15, 2015 6:17:25 PM org.ccnx.ccn.config.PlatformConfiguration <clinit>
INFORMAÇÕES: BC provider: BC
Jan 15, 2015 6:17:25 PM org.ccnx.ccn.config.PlatformConfiguration <clinit>
INFORMAÇÕES: Provider info: BouncyCastle Security Provider v1.43 version: 1.43
Jan 15, 2015 6:17:25 PM org.ccnx.ccn.config.PlatformConfiguration <clinit>
INFORMAÇÕES: java.vm.name = OpenJDK 64-Bit Server VM
Jan 15, 2015 6:17:25 PM org.ccnx.ccn.impl.CCNFlowControl addNameSpace
INFORMAÇÕES: Flow controller addNameSpace: added namespace: /ccnx.org/Users/root/Keys/%C1.M.K=009234ADEC47D19E3E6A2AF362D44E09AB6B71F43B1900BA0622FB45F2A5B7D9F6/=FD054AE7DE1000
Jan 15, 2015 6:17:25 PM org.ccnx.ccn.impl.security.keys.BasicKeyManager getKeyLocator
INFORMAÇÕES: getKeyLocator: returning locator KEY: kjSt7EfRnj5qKvNi1E4Jq2tx9DsZALoGIvtF8qW32fY= for key kjSt7EfRnj5qKvNi1E4Jq2tx9DsZALoGIvtF8qW32fY=
Jan 15, 2015 6:17:25 PM org.ccnx.ccn.KeyManager publishKey
INFORMAÇÕES: publishKey: key not previously published, making new key object /ccnx.org/Users/root/Keys/%C1.M.K=009234ADEC47D19E3E6A2AF362D44E09AB6B71F43B1900BA0622FB45F2A5B7D9F6 with version 2015-01-08 09:53:53.0 displayed as =FD054AE7DE1000
Jan 15, 2015 6:17:25 PM org.ccnx.ccn.io.CCNAbstractOutputStream <init>
INFORMAÇÕES: CCNAbstractOutputStream: /ccnx.org/Users/root/Keys/%C1.M.K=009234ADEC47D19E3E6A2AF362D44E09AB6B71F43B1900BA0622FB45F2A5B7D9F6/=FD054AE7DE1000 blocksize is 4096
Jan 15, 2015 6:17:25 PM org.ccnx.ccn.io.CCNAbstractOutputStream startWrite
INFORMAÇÕES: CCNAbstractOutputStream: startWrite -- searching for keys.
Jan 15, 2015 6:17:25 PM org.ccnx.ccn.profiles.security.access.AccessControlManager keysForOutput
INFORMAÇÕES: keysForOutput: found an acm: (null)
Jan 15, 2015 6:17:25 PM org.ccnx.ccn.io.CCNOutputStream flushToNetwork
INFORMAÇÕES: flush: outputting to the segmenter, baseName /ccnx.org/Users/root/Keys/%C1.M.K=009234ADEC47D19E3E6A2AF362D44E09AB6B71F43B1900BA0622FB45F2A5B7D9F6/=FD054AE7DE1000 basenameindex =00; 162 bytes written, holding back 162 flushing final blocks? false.
Jan 15, 2015 6:17:25 PM org.ccnx.ccn.io.CCNOutputStream flushToNetwork
INFORMAÇÕES: HEADER: CCNOutputStream: flushToNetwork: new _baseNameIndex 0
Jan 15, 2015 6:17:25 PM org.ccnx.ccn.io.CCNOutputStream flushToNetwork
INFORMAÇÕES: flush: outputting to the segmenter, baseName /ccnx.org/Users/root/Keys/%C1.M.K=009234ADEC47D19E3E6A2AF362D44E09AB6B71F43B1900BA0622FB45F2A5B7D9F6/=FD054AE7DE1000 basenameindex =00; 162 bytes written, holding back 0 flushing final blocks? true.
Jan 15, 2015 6:17:25 PM org.ccnx.ccn.io.CCNOutputStream flushToNetwork
INFORMAÇÕES: HEADER: CCNOutputStream: flushToNetwork: new _baseNameIndex 1
Jan 15, 2015 6:17:25 PM org.ccnx.ccn.io.CCNOutputStream close
INFORMAÇÕES: CCNOutputStream close: /ccnx.org/Users/root/Keys/%C1.M.K=009234ADEC47D19E3E6A2AF362D44E09AB6B71F43B1900BA0622FB45F2A5B7D9F6/=FD054AE7DE1000
Jan 15, 2015 6:17:25 PM org.ccnx.ccn.KeyManager publishKey
INFORMAÇÕES: Published key Sun RSA public key, 1024 bits
  modulus: 110921138301212145392004253279917995950258669333863662056871643271976607790547016315269834949391078948318860805625603844022322721344201027571021917379901461301585327002407293702110801478794762434747364279565414349376821790585553127606947398240644540011141381284624017866806283409148649866001587866016004087361
  public exponent: 65537 to name /ccnx.org/Users/root/Keys/%C1.M.K=009234ADEC47D19E3E6A2AF362D44E09AB6B71F43B1900BA0622FB45F2A5B7D9F6/=FD054AE7DE1000 with key locator NAME: /ccnx.org/Users/root/Keys/%C1.M.K=009234ADEC47D19E3E6A2AF362D44E09AB6B71F43B1900BA0622FB45F2A5B7D9F6/=FD054AE7DE1000 KEY:-reba89rgbj1o6ata34t5eovcl4kho5s9pnv8nstq15q1ld4g9ga; ephemeral digest =EAEF25DBB2A0D72C67FA6821EF7459576A531B901A8F9DF28ACF83193E5664F2.
Jan 15, 2015 6:17:25 PM org.ccnx.ccn.impl.security.keys.BasicKeyManager publishKey
INFORMAÇÕES: publishKey: published key kjSt7EfRnj5qKvNi1E4Jq2tx9DsZALoGIvtF8qW32fY=
 under specified key name /ccnx.org/Users/root/Keys/%C1.M.K=009234ADEC47D19E3E6A2AF362D44E09AB6B71F43B1900BA0622FB45F2A5B7D9F6/=FD054AE7DE1000
 key locator: NAME: /ccnx.org/Users/root/Keys/%C1.M.K=009234ADEC47D19E3E6A2AF362D44E09AB6B71F43B1900BA0622FB45F2A5B7D9F6/=FD054AE7DE1000 KEY:-reba89rgbj1o6ata34t5eovcl4kho5s9pnv8nstq15q1ld4g9ga
Jan 15, 2015 6:17:25 PM org.ccnx.ccn.impl.security.keys.BasicKeyManager publishKey
INFORMAÇÕES: publishKey: storing key locator kjSt7EfRnj5qKvNi1E4Jq2tx9DsZALoGIvtF8qW32fY= for key NAME: /ccnx.org/Users/root/Keys/%C1.M.K=009234ADEC47D19E3E6A2AF362D44E09AB6B71F43B1900BA0622FB45F2A5B7D9F6/=FD054AE7DE1000 KEY:-reba89rgbj1o6ata34t5eovcl4kho5s9pnv8nstq15q1ld4g9ga
Jan 15, 2015 6:17:25 PM org.ccnx.ccn.impl.CCNNetworkManager <init>
ADVERTÊNCIA: NetworkManager 2: Non-standard CCN agent port 63000 per property ccn.agent.port
Jan 15, 2015 6:17:25 PM org.ccnx.ccn.impl.CCNNetworkManager <init>
INFORMAÇÕES: NetworkManager 2: Contacting CCN agent at localhost:63000
Jan 15, 2015 6:17:25 PM org.ccnx.ccn.impl.CCNNetworkChannel <init>
INFORMAÇÕES: NetworkChannel 2: Starting up CCNNetworkChannel using TCP.
Jan 15, 2015 6:17:25 PM org.ccnx.ccn.impl.CCNNetworkChannel open
INFORMAÇÕES: NetworkChannel 2: open()
Jan 15, 2015 6:17:25 PM org.ccnx.ccn.impl.CCNNetworkChannel open
INFORMAÇÕES: NetworkChannel 2: Contacting CCN agent at localhost:63000 on local port 40491
Jan 15, 2015 6:17:25 PM org.ccnx.ccn.CCNHandle <init>
INFORMAÇÕES: CCNHandle 2: Handle is now open
Jan 15, 2015 6:17:25 PM org.ccnx.ccn.impl.CCNNetworkManager <init>
ADVERTÊNCIA: NetworkManager 3: Non-standard CCN agent port 63000 per property ccn.agent.port
Jan 15, 2015 6:17:25 PM org.ccnx.ccn.impl.CCNNetworkManager <init>
INFORMAÇÕES: NetworkManager 3: Contacting CCN agent at localhost:63000
Jan 15, 2015 6:17:25 PM org.ccnx.ccn.impl.CCNNetworkChannel <init>
INFORMAÇÕES: NetworkChannel 3: Starting up CCNNetworkChannel using TCP.
Jan 15, 2015 6:17:25 PM org.ccnx.ccn.impl.CCNNetworkChannel open
INFORMAÇÕES: NetworkChannel 3: open()
Jan 15, 2015 6:17:25 PM org.ccnx.ccn.impl.CCNNetworkChannel open
INFORMAÇÕES: NetworkChannel 3: Contacting CCN agent at localhost:63000 on local port 40492
Jan 15, 2015 6:17:25 PM org.ccnx.ccn.CCNHandle <init>
INFORMAÇÕES: CCNHandle 3: Handle is now open
Jan 15, 2015 6:17:25 PM org.ccnx.ccn.impl.CCNNetworkTestRepo testObjectIOLoop
INFORMAÇÕES: Starting testObjectIOLoop
Jan 15, 2015 6:17:25 PM org.ccnx.ccn.io.content.CCNNetworkObject createFlowController
INFORMAÇÕES: Created LOCALREPOSITORY flow controller, for prefix /ccnx.org/test/CCNNetworkTestRepo-15-01-15-18.17.24/content_-7499406587867137679, save type LOCALREPOSITORY
Jan 15, 2015 6:17:25 PM org.ccnx.ccn.impl.CCNFlowControl addNameSpace
INFORMAÇÕES: Flow controller addNameSpace: added namespace: /ccnx.org/test/CCNNetworkTestRepo-15-01-15-18.17.24/content_-7499406587867137679
Jan 15, 2015 6:17:25 PM org.ccnx.ccn.impl.security.keys.BasicKeyManager getKeyLocator
INFORMAÇÕES: getKeyLocator: returning locator NAME: /ccnx.org/Users/root/Keys/%C1.M.K=009234ADEC47D19E3E6A2AF362D44E09AB6B71F43B1900BA0622FB45F2A5B7D9F6/=FD054AE7DE1000 KEY:-reba89rgbj1o6ata34t5eovcl4kho5s9pnv8nstq15q1ld4g9ga for key kjSt7EfRnj5qKvNi1E4Jq2tx9DsZALoGIvtF8qW32fY=
Jan 15, 2015 6:17:25 PM org.ccnx.ccn.io.CCNAbstractOutputStream <init>
INFORMAÇÕES: CCNAbstractOutputStream: /ccnx.org/test/CCNNetworkTestRepo-15-01-15-18.17.24/content_-7499406587867137679/=FD054B82E655FC blocksize is 4096
Jan 15, 2015 6:17:25 PM org.ccnx.ccn.io.CCNAbstractOutputStream startWrite
INFORMAÇÕES: CCNAbstractOutputStream: startWrite -- searching for keys.
Jan 15, 2015 6:17:25 PM org.ccnx.ccn.profiles.security.access.AccessControlManager keysForOutput
INFORMAÇÕES: keysForOutput: found an acm: (null)
Jan 15, 2015 6:17:25 PM org.ccnx.ccn.impl.repo.RepositoryFlowControl startWrite
INFORMAÇÕES: RepositoryFlowControl.startWrite called for name /ccnx.org/test/CCNNetworkTestRepo-15-01-15-18.17.24/content_-7499406587867137679/=FD054B82E655FC, shape STREAM
Jan 15, 2015 6:17:25 PM org.ccnx.ccn.impl.repo.RepositoryFlowControl handleContent
INFORMAÇÕES: handleContent: got potential repo message: /ccnx.org/test/CCNNetworkTestRepo-15-01-15-18.17.24/content_-7499406587867137679/=FD054B82E655FC/%C1.R.sw/%C1.N=00D4330CF41C9C5094
Jan 15, 2015 6:17:25 PM org.ccnx.ccn.io.CCNOutputStream flushToNetwork
INFORMAÇÕES: flush: outputting to the segmenter, baseName /ccnx.org/test/CCNNetworkTestRepo-15-01-15-18.17.24/content_-7499406587867137679/=FD054B82E655FC basenameindex =00; 15 bytes written, holding back 15 flushing final blocks? false.
Jan 15, 2015 6:17:25 PM org.ccnx.ccn.io.CCNOutputStream flushToNetwork
INFORMAÇÕES: HEADER: CCNOutputStream: flushToNetwork: new _baseNameIndex 0
Jan 15, 2015 6:17:25 PM org.ccnx.ccn.io.CCNOutputStream flushToNetwork
INFORMAÇÕES: flush: outputting to the segmenter, baseName /ccnx.org/test/CCNNetworkTestRepo-15-01-15-18.17.24/content_-7499406587867137679/=FD054B82E655FC basenameindex =00; 15 bytes written, holding back 0 flushing final blocks? true.
Jan 15, 2015 6:17:25 PM org.ccnx.ccn.io.CCNOutputStream flushToNetwork
INFORMAÇÕES: HEADER: CCNOutputStream: flushToNetwork: new _baseNameIndex 1
Jan 15, 2015 6:17:25 PM org.ccnx.ccn.io.CCNOutputStream close
INFORMAÇÕES: CCNOutputStream close: /ccnx.org/test/CCNNetworkTestRepo-15-01-15-18.17.24/content_-7499406587867137679/=FD054B82E655FC
Jan 15, 2015 6:17:25 PM org.ccnx.ccn.io.content.CCNNetworkObject createFlowController
INFORMAÇÕES: Created LOCALREPOSITORY flow controller, for prefix /ccnx.org/test/CCNNetworkTestRepo-15-01-15-18.17.24/content_-7499406587867137679, save type LOCALREPOSITORY
Jan 15, 2015 6:17:25 PM org.ccnx.ccn.impl.CCNFlowControl addNameSpace
INFORMAÇÕES: Flow controller addNameSpace: added namespace: /ccnx.org/test/CCNNetworkTestRepo-15-01-15-18.17.24/content_-7499406587867137679
Jan 15, 2015 6:17:25 PM org.ccnx.ccn.impl.security.keys.BasicKeyManager getKeyLocator
INFORMAÇÕES: getKeyLocator: returning locator NAME: /ccnx.org/Users/root/Keys/%C1.M.K=009234ADEC47D19E3E6A2AF362D44E09AB6B71F43B1900BA0622FB45F2A5B7D9F6/=FD054AE7DE1000 KEY:-reba89rgbj1o6ata34t5eovcl4kho5s9pnv8nstq15q1ld4g9ga for key kjSt7EfRnj5qKvNi1E4Jq2tx9DsZALoGIvtF8qW32fY=
Jan 15, 2015 6:17:25 PM org.ccnx.ccn.io.CCNAbstractOutputStream <init>
INFORMAÇÕES: CCNAbstractOutputStream: /ccnx.org/test/CCNNetworkTestRepo-15-01-15-18.17.24/content_-7499406587867137679/=FD054B82E6570A blocksize is 4096
Jan 15, 2015 6:17:25 PM org.ccnx.ccn.io.CCNAbstractOutputStream startWrite
INFORMAÇÕES: CCNAbstractOutputStream: startWrite -- searching for keys.
Jan 15, 2015 6:17:25 PM org.ccnx.ccn.profiles.security.access.AccessControlManager keysForOutput
INFORMAÇÕES: keysForOutput: found an acm: (null)
Jan 15, 2015 6:17:25 PM org.ccnx.ccn.impl.repo.RepositoryFlowControl startWrite
INFORMAÇÕES: RepositoryFlowControl.startWrite called for name /ccnx.org/test/CCNNetworkTestRepo-15-01-15-18.17.24/content_-7499406587867137679/=FD054B82E6570A, shape STREAM
Jan 15, 2015 6:17:25 PM org.ccnx.ccn.impl.repo.RepositoryFlowControl handleContent
INFORMAÇÕES: handleContent: got potential repo message: /ccnx.org/test/CCNNetworkTestRepo-15-01-15-18.17.24/content_-7499406587867137679/=FD054B82E6570A/%C1.R.sw/%C1.N=003F6BD6772E77ACD3
Jan 15, 2015 6:17:25 PM org.ccnx.ccn.io.CCNOutputStream flushToNetwork
INFORMAÇÕES: flush: outputting to the segmenter, baseName /ccnx.org/test/CCNNetworkTestRepo-15-01-15-18.17.24/content_-7499406587867137679/=FD054B82E6570A basenameindex =00; 15 bytes written, holding back 15 flushing final blocks? false.
Jan 15, 2015 6:17:25 PM org.ccnx.ccn.io.CCNOutputStream flushToNetwork
INFORMAÇÕES: HEADER: CCNOutputStream: flushToNetwork: new _baseNameIndex 0
Jan 15, 2015 6:17:25 PM org.ccnx.ccn.io.CCNOutputStream flushToNetwork
INFORMAÇÕES: flush: outputting to the segmenter, baseName /ccnx.org/test/CCNNetworkTestRepo-15-01-15-18.17.24/content_-7499406587867137679/=FD054B82E6570A basenameindex =00; 15 bytes written, holding back 0 flushing final blocks? true.
Jan 15, 2015 6:17:25 PM org.ccnx.ccn.io.CCNOutputStream flushToNetwork
INFORMAÇÕES: HEADER: CCNOutputStream: flushToNetwork: new _baseNameIndex 1
Jan 15, 2015 6:17:25 PM org.ccnx.ccn.io.CCNOutputStream close
INFORMAÇÕES: CCNOutputStream close: /ccnx.org/test/CCNNetworkTestRepo-15-01-15-18.17.24/content_-7499406587867137679/=FD054B82E6570A
Jan 15, 2015 6:17:25 PM org.ccnx.ccn.io.content.CCNNetworkObject createFlowController
INFORMAÇÕES: Created LOCALREPOSITORY flow controller, for prefix /ccnx.org/test/CCNNetworkTestRepo-15-01-15-18.17.24/content_-7499406587867137679, save type LOCALREPOSITORY
Jan 15, 2015 6:17:25 PM org.ccnx.ccn.impl.CCNFlowControl addNameSpace
INFORMAÇÕES: Flow controller addNameSpace: added namespace: /ccnx.org/test/CCNNetworkTestRepo-15-01-15-18.17.24/content_-7499406587867137679
Jan 15, 2015 6:17:25 PM org.ccnx.ccn.impl.security.keys.BasicKeyManager getKeyLocator
INFORMAÇÕES: getKeyLocator: returning locator NAME: /ccnx.org/Users/root/Keys/%C1.M.K=009234ADEC47D19E3E6A2AF362D44E09AB6B71F43B1900BA0622FB45F2A5B7D9F6/=FD054AE7DE1000 KEY:-reba89rgbj1o6ata34t5eovcl4kho5s9pnv8nstq15q1ld4g9ga for key kjSt7EfRnj5qKvNi1E4Jq2tx9DsZALoGIvtF8qW32fY=
Jan 15, 2015 6:17:25 PM org.ccnx.ccn.io.CCNAbstractOutputStream <init>
INFORMAÇÕES: CCNAbstractOutputStream: /ccnx.org/test/CCNNetworkTestRepo-15-01-15-18.17.24/content_-7499406587867137679/=FD054B82E658A0 blocksize is 4096
Jan 15, 2015 6:17:25 PM org.ccnx.ccn.io.CCNAbstractOutputStream startWrite
INFORMAÇÕES: CCNAbstractOutputStream: startWrite -- searching for keys.
Jan 15, 2015 6:17:25 PM org.ccnx.ccn.profiles.security.access.AccessControlManager keysForOutput
INFORMAÇÕES: keysForOutput: found an acm: (null)
Jan 15, 2015 6:17:25 PM org.ccnx.ccn.impl.repo.RepositoryFlowControl startWrite
INFORMAÇÕES: RepositoryFlowControl.startWrite called for name /ccnx.org/test/CCNNetworkTestRepo-15-01-15-18.17.24/content_-7499406587867137679/=FD054B82E658A0, shape STREAM
Jan 15, 2015 6:17:25 PM org.ccnx.ccn.impl.repo.RepositoryFlowControl handleContent
INFORMAÇÕES: handleContent: got potential repo message: /ccnx.org/test/CCNNetworkTestRepo-15-01-15-18.17.24/content_-7499406587867137679/=FD054B82E658A0/%C1.R.sw/%C1.N=00D0BE2915BC843C9A
Jan 15, 2015 6:17:25 PM org.ccnx.ccn.io.CCNOutputStream flushToNetwork
INFORMAÇÕES: flush: outputting to the segmenter, baseName /ccnx.org/test/CCNNetworkTestRepo-15-01-15-18.17.24/content_-7499406587867137679/=FD054B82E658A0 basenameindex =00; 15 bytes written, holding back 15 flushing final blocks? false.
Jan 15, 2015 6:17:25 PM org.ccnx.ccn.io.CCNOutputStream flushToNetwork
INFORMAÇÕES: HEADER: CCNOutputStream: flushToNetwork: new _baseNameIndex 0
Jan 15, 2015 6:17:25 PM org.ccnx.ccn.io.CCNOutputStream flushToNetwork
INFORMAÇÕES: flush: outputting to the segmenter, baseName /ccnx.org/test/CCNNetworkTestRepo-15-01-15-18.17.24/content_-7499406587867137679/=FD054B82E658A0 basenameindex =00; 15 bytes written, holding back 0 flushing final blocks? true.
Jan 15, 2015 6:17:25 PM org.ccnx.ccn.io.CCNOutputStream flushToNetwork
INFORMAÇÕES: HEADER: CCNOutputStream: flushToNetwork: new _baseNameIndex 1
Jan 15, 2015 6:17:25 PM org.ccnx.ccn.io.CCNOutputStream close
INFORMAÇÕES: CCNOutputStream close: /ccnx.org/test/CCNNetworkTestRepo-15-01-15-18.17.24/content_-7499406587867137679/=FD054B82E658A0
Jan 15, 2015 6:17:25 PM org.ccnx.ccn.io.content.CCNNetworkObject createFlowController
INFORMAÇÕES: Created LOCALREPOSITORY flow controller, for prefix /ccnx.org/test/CCNNetworkTestRepo-15-01-15-18.17.24/content_-7499406587867137679, save type LOCALREPOSITORY
Jan 15, 2015 6:17:25 PM org.ccnx.ccn.impl.CCNFlowControl addNameSpace
INFORMAÇÕES: Flow controller addNameSpace: added namespace: /ccnx.org/test/CCNNetworkTestRepo-15-01-15-18.17.24/content_-7499406587867137679
Jan 15, 2015 6:17:25 PM org.ccnx.ccn.impl.security.keys.BasicKeyManager getKeyLocator
INFORMAÇÕES: getKeyLocator: returning locator NAME: /ccnx.org/Users/root/Keys/%C1.M.K=009234ADEC47D19E3E6A2AF362D44E09AB6B71F43B1900BA0622FB45F2A5B7D9F6/=FD054AE7DE1000 KEY:-reba89rgbj1o6ata34t5eovcl4kho5s9pnv8nstq15q1ld4g9ga for key kjSt7EfRnj5qKvNi1E4Jq2tx9DsZALoGIvtF8qW32fY=
Jan 15, 2015 6:17:25 PM org.ccnx.ccn.io.CCNAbstractOutputStream <init>
INFORMAÇÕES: CCNAbstractOutputStream: /ccnx.org/test/CCNNetworkTestRepo-15-01-15-18.17.24/content_-7499406587867137679/=FD054B82E65A39 blocksize is 4096
Jan 15, 2015 6:17:25 PM org.ccnx.ccn.io.CCNAbstractOutputStream startWrite
INFORMAÇÕES: CCNAbstractOutputStream: startWrite -- searching for keys.
Jan 15, 2015 6:17:25 PM org.ccnx.ccn.profiles.security.access.AccessControlManager keysForOutput
INFORMAÇÕES: keysForOutput: found an acm: (null)
Jan 15, 2015 6:17:25 PM org.ccnx.ccn.impl.repo.RepositoryFlowControl startWrite
INFORMAÇÕES: RepositoryFlowControl.startWrite called for name /ccnx.org/test/CCNNetworkTestRepo-15-01-15-18.17.24/content_-7499406587867137679/=FD054B82E65A39, shape STREAM
Jan 15, 2015 6:17:25 PM org.ccnx.ccn.impl.repo.RepositoryFlowControl handleContent
INFORMAÇÕES: handleContent: got potential repo message: /ccnx.org/test/CCNNetworkTestRepo-15-01-15-18.17.24/content_-7499406587867137679/=FD054B82E65A39/%C1.R.sw/%C1.N=00D77128C2DA5794AE
Jan 15, 2015 6:17:25 PM org.ccnx.ccn.io.CCNOutputStream flushToNetwork
INFORMAÇÕES: flush: outputting to the segmenter, baseName /ccnx.org/test/CCNNetworkTestRepo-15-01-15-18.17.24/content_-7499406587867137679/=FD054B82E65A39 basenameindex =00; 15 bytes written, holding back 15 flushing final blocks? false.
Jan 15, 2015 6:17:25 PM org.ccnx.ccn.io.CCNOutputStream flushToNetwork
INFORMAÇÕES: HEADER: CCNOutputStream: flushToNetwork: new _baseNameIndex 0
Jan 15, 2015 6:17:25 PM org.ccnx.ccn.io.CCNOutputStream flushToNetwork
INFORMAÇÕES: flush: outputting to the segmenter, baseName /ccnx.org/test/CCNNetworkTestRepo-15-01-15-18.17.24/content_-7499406587867137679/=FD054B82E65A39 basenameindex =00; 15 bytes written, holding back 0 flushing final blocks? true.
Jan 15, 2015 6:17:25 PM org.ccnx.ccn.io.CCNOutputStream flushToNetwork
INFORMAÇÕES: HEADER: CCNOutputStream: flushToNetwork: new _baseNameIndex 1
Jan 15, 2015 6:17:25 PM org.ccnx.ccn.io.CCNOutputStream close
INFORMAÇÕES: CCNOutputStream close: /ccnx.org/test/CCNNetworkTestRepo-15-01-15-18.17.24/content_-7499406587867137679/=FD054B82E65A39
Jan 15, 2015 6:17:25 PM org.ccnx.ccn.io.content.CCNNetworkObject createFlowController
INFORMAÇÕES: Created LOCALREPOSITORY flow controller, for prefix /ccnx.org/test/CCNNetworkTestRepo-15-01-15-18.17.24/content_-7499406587867137679, save type LOCALREPOSITORY
Jan 15, 2015 6:17:25 PM org.ccnx.ccn.impl.CCNFlowControl addNameSpace
INFORMAÇÕES: Flow controller addNameSpace: added namespace: /ccnx.org/test/CCNNetworkTestRepo-15-01-15-18.17.24/content_-7499406587867137679
Jan 15, 2015 6:17:25 PM org.ccnx.ccn.impl.security.keys.BasicKeyManager getKeyLocator
INFORMAÇÕES: getKeyLocator: returning locator NAME: /ccnx.org/Users/root/Keys/%C1.M.K=009234ADEC47D19E3E6A2AF362D44E09AB6B71F43B1900BA0622FB45F2A5B7D9F6/=FD054AE7DE1000 KEY:-reba89rgbj1o6ata34t5eovcl4kho5s9pnv8nstq15q1ld4g9ga for key kjSt7EfRnj5qKvNi1E4Jq2tx9DsZALoGIvtF8qW32fY=
Jan 15, 2015 6:17:25 PM org.ccnx.ccn.io.CCNAbstractOutputStream <init>
INFORMAÇÕES: CCNAbstractOutputStream: /ccnx.org/test/CCNNetworkTestRepo-15-01-15-18.17.24/content_-7499406587867137679/=FD054B82E65BC3 blocksize is 4096
Jan 15, 2015 6:17:25 PM org.ccnx.ccn.io.CCNAbstractOutputStream startWrite
INFORMAÇÕES: CCNAbstractOutputStream: startWrite -- searching for keys.
Jan 15, 2015 6:17:25 PM org.ccnx.ccn.profiles.security.access.AccessControlManager keysForOutput
INFORMAÇÕES: keysForOutput: found an acm: (null)
Jan 15, 2015 6:17:25 PM org.ccnx.ccn.impl.repo.RepositoryFlowControl startWrite
INFORMAÇÕES: RepositoryFlowControl.startWrite called for name /ccnx.org/test/CCNNetworkTestRepo-15-01-15-18.17.24/content_-7499406587867137679/=FD054B82E65BC3, shape STREAM
Jan 15, 2015 6:17:25 PM org.ccnx.ccn.impl.repo.RepositoryFlowControl handleContent
INFORMAÇÕES: handleContent: got potential repo message: /ccnx.org/test/CCNNetworkTestRepo-15-01-15-18.17.24/content_-7499406587867137679/=FD054B82E65BC3/%C1.R.sw/%C1.N%00O%E34y=AD029CC6
Jan 15, 2015 6:17:25 PM org.ccnx.ccn.io.CCNOutputStream flushToNetwork
INFORMAÇÕES: flush: outputting to the segmenter, baseName /ccnx.org/test/CCNNetworkTestRepo-15-01-15-18.17.24/content_-7499406587867137679/=FD054B82E65BC3 basenameindex =00; 15 bytes written, holding back 15 flushing final blocks? false.
Jan 15, 2015 6:17:25 PM org.ccnx.ccn.io.CCNOutputStream flushToNetwork
INFORMAÇÕES: HEADER: CCNOutputStream: flushToNetwork: new _baseNameIndex 0
Jan 15, 2015 6:17:25 PM org.ccnx.ccn.io.CCNOutputStream flushToNetwork
INFORMAÇÕES: flush: outputting to the segmenter, baseName /ccnx.org/test/CCNNetworkTestRepo-15-01-15-18.17.24/content_-7499406587867137679/=FD054B82E65BC3 basenameindex =00; 15 bytes written, holding back 0 flushing final blocks? true.
Jan 15, 2015 6:17:25 PM org.ccnx.ccn.io.CCNOutputStream flushToNetwork
INFORMAÇÕES: HEADER: CCNOutputStream: flushToNetwork: new _baseNameIndex 1
Jan 15, 2015 6:17:25 PM org.ccnx.ccn.io.CCNOutputStream close
INFORMAÇÕES: CCNOutputStream close: /ccnx.org/test/CCNNetworkTestRepo-15-01-15-18.17.24/content_-7499406587867137679/=FD054B82E65BC3
Jan 15, 2015 6:17:25 PM org.ccnx.ccn.io.content.CCNNetworkObject createFlowController
INFORMAÇÕES: Created LOCALREPOSITORY flow controller, for prefix /ccnx.org/test/CCNNetworkTestRepo-15-01-15-18.17.24/content_-7499406587867137679, save type LOCALREPOSITORY
Jan 15, 2015 6:17:25 PM org.ccnx.ccn.impl.CCNFlowControl addNameSpace
INFORMAÇÕES: Flow controller addNameSpace: added namespace: /ccnx.org/test/CCNNetworkTestRepo-15-01-15-18.17.24/content_-7499406587867137679
Jan 15, 2015 6:17:25 PM org.ccnx.ccn.impl.security.keys.BasicKeyManager getKeyLocator
INFORMAÇÕES: getKeyLocator: returning locator NAME: /ccnx.org/Users/root/Keys/%C1.M.K=009234ADEC47D19E3E6A2AF362D44E09AB6B71F43B1900BA0622FB45F2A5B7D9F6/=FD054AE7DE1000 KEY:-reba89rgbj1o6ata34t5eovcl4kho5s9pnv8nstq15q1ld4g9ga for key kjSt7EfRnj5qKvNi1E4Jq2tx9DsZALoGIvtF8qW32fY=
Jan 15, 2015 6:17:25 PM org.ccnx.ccn.io.CCNAbstractOutputStream <init>
INFORMAÇÕES: CCNAbstractOutputStream: /ccnx.org/test/CCNNetworkTestRepo-15-01-15-18.17.24/content_-7499406587867137679/=FD054B82E65D4C blocksize is 4096
Jan 15, 2015 6:17:25 PM org.ccnx.ccn.io.CCNAbstractOutputStream startWrite
INFORMAÇÕES: CCNAbstractOutputStream: startWrite -- searching for keys.
Jan 15, 2015 6:17:25 PM org.ccnx.ccn.profiles.security.access.AccessControlManager keysForOutput
INFORMAÇÕES: keysForOutput: found an acm: (null)
Jan 15, 2015 6:17:25 PM org.ccnx.ccn.impl.repo.RepositoryFlowControl startWrite
INFORMAÇÕES: RepositoryFlowControl.startWrite called for name /ccnx.org/test/CCNNetworkTestRepo-15-01-15-18.17.24/content_-7499406587867137679/=FD054B82E65D4C, shape STREAM
Jan 15, 2015 6:17:25 PM org.ccnx.ccn.impl.repo.RepositoryFlowControl handleContent
INFORMAÇÕES: handleContent: got potential repo message: /ccnx.org/test/CCNNetworkTestRepo-15-01-15-18.17.24/content_-7499406587867137679/=FD054B82E65D4C/%C1.R.sw/%C1.N=00600CF1D9D9C2033C
Jan 15, 2015 6:17:25 PM org.ccnx.ccn.io.CCNOutputStream flushToNetwork
INFORMAÇÕES: flush: outputting to the segmenter, baseName /ccnx.org/test/CCNNetworkTestRepo-15-01-15-18.17.24/content_-7499406587867137679/=FD054B82E65D4C basenameindex =00; 15 bytes written, holding back 15 flushing final blocks? false.
Jan 15, 2015 6:17:25 PM org.ccnx.ccn.io.CCNOutputStream flushToNetwork
INFORMAÇÕES: HEADER: CCNOutputStream: flushToNetwork: new _baseNameIndex 0
Jan 15, 2015 6:17:25 PM org.ccnx.ccn.io.CCNOutputStream flushToNetwork
INFORMAÇÕES: flush: outputting to the segmenter, baseName /ccnx.org/test/CCNNetworkTestRepo-15-01-15-18.17.24/content_-7499406587867137679/=FD054B82E65D4C basenameindex =00; 15 bytes written, holding back 0 flushing final blocks? true.
Jan 15, 2015 6:17:25 PM org.ccnx.ccn.io.CCNOutputStream flushToNetwork
INFORMAÇÕES: HEADER: CCNOutputStream: flushToNetwork: new _baseNameIndex 1
Jan 15, 2015 6:17:25 PM org.ccnx.ccn.io.CCNOutputStream close
INFORMAÇÕES: CCNOutputStream close: /ccnx.org/test/CCNNetworkTestRepo-15-01-15-18.17.24/content_-7499406587867137679/=FD054B82E65D4C
Jan 15, 2015 6:17:25 PM org.ccnx.ccn.io.content.CCNNetworkObject createFlowController
INFORMAÇÕES: Created LOCALREPOSITORY flow controller, for prefix /ccnx.org/test/CCNNetworkTestRepo-15-01-15-18.17.24/content_-7499406587867137679, save type LOCALREPOSITORY
Jan 15, 2015 6:17:25 PM org.ccnx.ccn.impl.CCNFlowControl addNameSpace
INFORMAÇÕES: Flow controller addNameSpace: added namespace: /ccnx.org/test/CCNNetworkTestRepo-15-01-15-18.17.24/content_-7499406587867137679
Jan 15, 2015 6:17:25 PM org.ccnx.ccn.impl.security.keys.BasicKeyManager getKeyLocator
INFORMAÇÕES: getKeyLocator: returning locator NAME: /ccnx.org/Users/root/Keys/%C1.M.K=009234ADEC47D19E3E6A2AF362D44E09AB6B71F43B1900BA0622FB45F2A5B7D9F6/=FD054AE7DE1000 KEY:-reba89rgbj1o6ata34t5eovcl4kho5s9pnv8nstq15q1ld4g9ga for key kjSt7EfRnj5qKvNi1E4Jq2tx9DsZALoGIvtF8qW32fY=
Jan 15, 2015 6:17:25 PM org.ccnx.ccn.io.CCNAbstractOutputStream <init>
INFORMAÇÕES: CCNAbstractOutputStream: /ccnx.org/test/CCNNetworkTestRepo-15-01-15-18.17.24/content_-7499406587867137679/=FD054B82E65EF2 blocksize is 4096
Jan 15, 2015 6:17:25 PM org.ccnx.ccn.io.CCNAbstractOutputStream startWrite
INFORMAÇÕES: CCNAbstractOutputStream: startWrite -- searching for keys.
Jan 15, 2015 6:17:25 PM org.ccnx.ccn.profiles.security.access.AccessControlManager keysForOutput
INFORMAÇÕES: keysForOutput: found an acm: (null)
Jan 15, 2015 6:17:25 PM org.ccnx.ccn.impl.repo.RepositoryFlowControl startWrite
INFORMAÇÕES: RepositoryFlowControl.startWrite called for name /ccnx.org/test/CCNNetworkTestRepo-15-01-15-18.17.24/content_-7499406587867137679/=FD054B82E65EF2, shape STREAM
Jan 15, 2015 6:17:25 PM org.ccnx.ccn.impl.repo.RepositoryFlowControl handleContent
INFORMAÇÕES: handleContent: got potential repo message: /ccnx.org/test/CCNNetworkTestRepo-15-01-15-18.17.24/content_-7499406587867137679/=FD054B82E65EF2/%C1.R.sw/%C1.N%00TO%C6J0AN%8C
Jan 15, 2015 6:17:25 PM org.ccnx.ccn.io.CCNOutputStream flushToNetwork
INFORMAÇÕES: flush: outputting to the segmenter, baseName /ccnx.org/test/CCNNetworkTestRepo-15-01-15-18.17.24/content_-7499406587867137679/=FD054B82E65EF2 basenameindex =00; 15 bytes written, holding back 15 flushing final blocks? false.
Jan 15, 2015 6:17:25 PM org.ccnx.ccn.io.CCNOutputStream flushToNetwork
INFORMAÇÕES: HEADER: CCNOutputStream: flushToNetwork: new _baseNameIndex 0
Jan 15, 2015 6:17:25 PM org.ccnx.ccn.io.CCNOutputStream flushToNetwork
INFORMAÇÕES: flush: outputting to the segmenter, baseName /ccnx.org/test/CCNNetworkTestRepo-15-01-15-18.17.24/content_-7499406587867137679/=FD054B82E65EF2 basenameindex =00; 15 bytes written, holding back 0 flushing final blocks? true.
Jan 15, 2015 6:17:26 PM org.ccnx.ccn.io.CCNOutputStream flushToNetwork
INFORMAÇÕES: HEADER: CCNOutputStream: flushToNetwork: new _baseNameIndex 1
Jan 15, 2015 6:17:26 PM org.ccnx.ccn.io.CCNOutputStream close
INFORMAÇÕES: CCNOutputStream close: /ccnx.org/test/CCNNetworkTestRepo-15-01-15-18.17.24/content_-7499406587867137679/=FD054B82E65EF2
Jan 15, 2015 6:17:26 PM org.ccnx.ccn.io.content.CCNNetworkObject createFlowController
INFORMAÇÕES: Created LOCALREPOSITORY flow controller, for prefix /ccnx.org/test/CCNNetworkTestRepo-15-01-15-18.17.24/content_-7499406587867137679, save type LOCALREPOSITORY
Jan 15, 2015 6:17:26 PM org.ccnx.ccn.impl.CCNFlowControl addNameSpace
INFORMAÇÕES: Flow controller addNameSpace: added namespace: /ccnx.org/test/CCNNetworkTestRepo-15-01-15-18.17.24/content_-7499406587867137679
Jan 15, 2015 6:17:26 PM org.ccnx.ccn.impl.security.keys.BasicKeyManager getKeyLocator
INFORMAÇÕES: getKeyLocator: returning locator NAME: /ccnx.org/Users/root/Keys/%C1.M.K=009234ADEC47D19E3E6A2AF362D44E09AB6B71F43B1900BA0622FB45F2A5B7D9F6/=FD054AE7DE1000 KEY:-reba89rgbj1o6ata34t5eovcl4kho5s9pnv8nstq15q1ld4g9ga for key kjSt7EfRnj5qKvNi1E4Jq2tx9DsZALoGIvtF8qW32fY=
Jan 15, 2015 6:17:26 PM org.ccnx.ccn.io.CCNAbstractOutputStream <init>
INFORMAÇÕES: CCNAbstractOutputStream: /ccnx.org/test/CCNNetworkTestRepo-15-01-15-18.17.24/content_-7499406587867137679/=FD054B82E6609C blocksize is 4096
Jan 15, 2015 6:17:26 PM org.ccnx.ccn.io.CCNAbstractOutputStream startWrite
INFORMAÇÕES: CCNAbstractOutputStream: startWrite -- searching for keys.
Jan 15, 2015 6:17:26 PM org.ccnx.ccn.profiles.security.access.AccessControlManager keysForOutput
INFORMAÇÕES: keysForOutput: found an acm: (null)
Jan 15, 2015 6:17:26 PM org.ccnx.ccn.impl.repo.RepositoryFlowControl startWrite
INFORMAÇÕES: RepositoryFlowControl.startWrite called for name /ccnx.org/test/CCNNetworkTestRepo-15-01-15-18.17.24/content_-7499406587867137679/=FD054B82E6609C, shape STREAM
Jan 15, 2015 6:17:26 PM org.ccnx.ccn.impl.repo.RepositoryFlowControl handleContent
INFORMAÇÕES: handleContent: got potential repo message: /ccnx.org/test/CCNNetworkTestRepo-15-01-15-18.17.24/content_-7499406587867137679/=FD054B82E6609C/%C1.R.sw/%C1.N=00E12B5B38C36DBD84
Jan 15, 2015 6:17:26 PM org.ccnx.ccn.io.CCNOutputStream flushToNetwork
INFORMAÇÕES: flush: outputting to the segmenter, baseName /ccnx.org/test/CCNNetworkTestRepo-15-01-15-18.17.24/content_-7499406587867137679/=FD054B82E6609C basenameindex =00; 15 bytes written, holding back 15 flushing final blocks? false.
Jan 15, 2015 6:17:26 PM org.ccnx.ccn.io.CCNOutputStream flushToNetwork
INFORMAÇÕES: HEADER: CCNOutputStream: flushToNetwork: new _baseNameIndex 0
Jan 15, 2015 6:17:26 PM org.ccnx.ccn.io.CCNOutputStream flushToNetwork
INFORMAÇÕES: flush: outputting to the segmenter, baseName /ccnx.org/test/CCNNetworkTestRepo-15-01-15-18.17.24/content_-7499406587867137679/=FD054B82E6609C basenameindex =00; 15 bytes written, holding back 0 flushing final blocks? true.
Jan 15, 2015 6:17:26 PM org.ccnx.ccn.io.CCNOutputStream flushToNetwork
INFORMAÇÕES: HEADER: CCNOutputStream: flushToNetwork: new _baseNameIndex 1
Jan 15, 2015 6:17:26 PM org.ccnx.ccn.io.CCNOutputStream close
INFORMAÇÕES: CCNOutputStream close: /ccnx.org/test/CCNNetworkTestRepo-15-01-15-18.17.24/content_-7499406587867137679/=FD054B82E6609C
Jan 15, 2015 6:17:26 PM org.ccnx.ccn.io.content.CCNNetworkObject createFlowController
INFORMAÇÕES: Created LOCALREPOSITORY flow controller, for prefix /ccnx.org/test/CCNNetworkTestRepo-15-01-15-18.17.24/content_-7499406587867137679, save type LOCALREPOSITORY
Jan 15, 2015 6:17:26 PM org.ccnx.ccn.impl.CCNFlowControl addNameSpace
INFORMAÇÕES: Flow controller addNameSpace: added namespace: /ccnx.org/test/CCNNetworkTestRepo-15-01-15-18.17.24/content_-7499406587867137679
Jan 15, 2015 6:17:26 PM org.ccnx.ccn.impl.security.keys.BasicKeyManager getKeyLocator
INFORMAÇÕES: getKeyLocator: returning locator NAME: /ccnx.org/Users/root/Keys/%C1.M.K=009234ADEC47D19E3E6A2AF362D44E09AB6B71F43B1900BA0622FB45F2A5B7D9F6/=FD054AE7DE1000 KEY:-reba89rgbj1o6ata34t5eovcl4kho5s9pnv8nstq15q1ld4g9ga for key kjSt7EfRnj5qKvNi1E4Jq2tx9DsZALoGIvtF8qW32fY=
Jan 15, 2015 6:17:26 PM org.ccnx.ccn.io.CCNAbstractOutputStream <init>
INFORMAÇÕES: CCNAbstractOutputStream: /ccnx.org/test/CCNNetworkTestRepo-15-01-15-18.17.24/content_-7499406587867137679/=FD054B82E6626F blocksize is 4096
Jan 15, 2015 6:17:26 PM org.ccnx.ccn.io.CCNAbstractOutputStream startWrite
INFORMAÇÕES: CCNAbstractOutputStream: startWrite -- searching for keys.
Jan 15, 2015 6:17:26 PM org.ccnx.ccn.profiles.security.access.AccessControlManager keysForOutput
INFORMAÇÕES: keysForOutput: found an acm: (null)
Jan 15, 2015 6:17:26 PM org.ccnx.ccn.impl.repo.RepositoryFlowControl startWrite
INFORMAÇÕES: RepositoryFlowControl.startWrite called for name /ccnx.org/test/CCNNetworkTestRepo-15-01-15-18.17.24/content_-7499406587867137679/=FD054B82E6626F, shape STREAM
Jan 15, 2015 6:17:26 PM org.ccnx.ccn.impl.repo.RepositoryFlowControl handleContent
INFORMAÇÕES: handleContent: got potential repo message: /ccnx.org/test/CCNNetworkTestRepo-15-01-15-18.17.24/content_-7499406587867137679/=FD054B82E6626F/%C1.R.sw/%C1.N=00AAAE7064B449ADA0
Jan 15, 2015 6:17:26 PM org.ccnx.ccn.io.CCNOutputStream flushToNetwork
INFORMAÇÕES: flush: outputting to the segmenter, baseName /ccnx.org/test/CCNNetworkTestRepo-15-01-15-18.17.24/content_-7499406587867137679/=FD054B82E6626F basenameindex =00; 15 bytes written, holding back 15 flushing final blocks? false.
Jan 15, 2015 6:17:26 PM org.ccnx.ccn.io.CCNOutputStream flushToNetwork
INFORMAÇÕES: HEADER: CCNOutputStream: flushToNetwork: new _baseNameIndex 0
Jan 15, 2015 6:17:26 PM org.ccnx.ccn.io.CCNOutputStream flushToNetwork
INFORMAÇÕES: flush: outputting to the segmenter, baseName /ccnx.org/test/CCNNetworkTestRepo-15-01-15-18.17.24/content_-7499406587867137679/=FD054B82E6626F basenameindex =00; 15 bytes written, holding back 0 flushing final blocks? true.
Jan 15, 2015 6:17:26 PM org.ccnx.ccn.io.CCNOutputStream flushToNetwork
INFORMAÇÕES: HEADER: CCNOutputStream: flushToNetwork: new _baseNameIndex 1
Jan 15, 2015 6:17:26 PM org.ccnx.ccn.io.CCNOutputStream close
INFORMAÇÕES: CCNOutputStream close: /ccnx.org/test/CCNNetworkTestRepo-15-01-15-18.17.24/content_-7499406587867137679/=FD054B82E6626F
Jan 15, 2015 6:17:26 PM org.ccnx.ccn.io.content.CCNNetworkObject createFlowController
INFORMAÇÕES: Created LOCALREPOSITORY flow controller, for prefix /ccnx.org/test/CCNNetworkTestRepo-15-01-15-18.17.24/content_-7499406587867137679, save type LOCALREPOSITORY
Jan 15, 2015 6:17:26 PM org.ccnx.ccn.impl.CCNFlowControl addNameSpace
INFORMAÇÕES: Flow controller addNameSpace: added namespace: /ccnx.org/test/CCNNetworkTestRepo-15-01-15-18.17.24/content_-7499406587867137679
Jan 15, 2015 6:17:26 PM org.ccnx.ccn.impl.security.keys.BasicKeyManager getKeyLocator
INFORMAÇÕES: getKeyLocator: returning locator NAME: /ccnx.org/Users/root/Keys/%C1.M.K=009234ADEC47D19E3E6A2AF362D44E09AB6B71F43B1900BA0622FB45F2A5B7D9F6/=FD054AE7DE1000 KEY:-reba89rgbj1o6ata34t5eovcl4kho5s9pnv8nstq15q1ld4g9ga for key kjSt7EfRnj5qKvNi1E4Jq2tx9DsZALoGIvtF8qW32fY=
Jan 15, 2015 6:17:26 PM org.ccnx.ccn.io.CCNAbstractOutputStream <init>
INFORMAÇÕES: CCNAbstractOutputStream: /ccnx.org/test/CCNNetworkTestRepo-15-01-15-18.17.24/content_-7499406587867137679/=FD054B82E6641D blocksize is 4096
Jan 15, 2015 6:17:26 PM org.ccnx.ccn.io.CCNAbstractOutputStream startWrite
INFORMAÇÕES: CCNAbstractOutputStream: startWrite -- searching for keys.
Jan 15, 2015 6:17:26 PM org.ccnx.ccn.profiles.security.access.AccessControlManager keysForOutput
INFORMAÇÕES: keysForOutput: found an acm: (null)
Jan 15, 2015 6:17:26 PM org.ccnx.ccn.impl.repo.RepositoryFlowControl startWrite
INFORMAÇÕES: RepositoryFlowControl.startWrite called for name /ccnx.org/test/CCNNetworkTestRepo-15-01-15-18.17.24/content_-7499406587867137679/=FD054B82E6641D, shape STREAM
Jan 15, 2015 6:17:26 PM org.ccnx.ccn.impl.repo.RepositoryFlowControl handleContent
INFORMAÇÕES: handleContent: got potential repo message: /ccnx.org/test/CCNNetworkTestRepo-15-01-15-18.17.24/content_-7499406587867137679/=FD054B82E6641D/%C1.R.sw/%C1.N%00m=B57CF47F12AFE1
Jan 15, 2015 6:17:26 PM org.ccnx.ccn.io.CCNOutputStream flushToNetwork
INFORMAÇÕES: flush: outputting to the segmenter, baseName /ccnx.org/test/CCNNetworkTestRepo-15-01-15-18.17.24/content_-7499406587867137679/=FD054B82E6641D basenameindex =00; 15 bytes written, holding back 15 flushing final blocks? false.
Jan 15, 2015 6:17:26 PM org.ccnx.ccn.io.CCNOutputStream flushToNetwork
INFORMAÇÕES: HEADER: CCNOutputStream: flushToNetwork: new _baseNameIndex 0
Jan 15, 2015 6:17:26 PM org.ccnx.ccn.io.CCNOutputStream flushToNetwork
INFORMAÇÕES: flush: outputting to the segmenter, baseName /ccnx.org/test/CCNNetworkTestRepo-15-01-15-18.17.24/content_-7499406587867137679/=FD054B82E6641D basenameindex =00; 15 bytes written, holding back 0 flushing final blocks? true.
Jan 15, 2015 6:17:26 PM org.ccnx.ccn.io.CCNOutputStream flushToNetwork
INFORMAÇÕES: HEADER: CCNOutputStream: flushToNetwork: new _baseNameIndex 1
Jan 15, 2015 6:17:26 PM org.ccnx.ccn.io.CCNOutputStream close
INFORMAÇÕES: CCNOutputStream close: /ccnx.org/test/CCNNetworkTestRepo-15-01-15-18.17.24/content_-7499406587867137679/=FD054B82E6641D
Jan 15, 2015 6:17:26 PM org.ccnx.ccn.io.content.CCNNetworkObject createFlowController
INFORMAÇÕES: Created LOCALREPOSITORY flow controller, for prefix /ccnx.org/test/CCNNetworkTestRepo-15-01-15-18.17.24/content_-7499406587867137679, save type LOCALREPOSITORY
Jan 15, 2015 6:17:26 PM org.ccnx.ccn.impl.CCNFlowControl addNameSpace
INFORMAÇÕES: Flow controller addNameSpace: added namespace: /ccnx.org/test/CCNNetworkTestRepo-15-01-15-18.17.24/content_-7499406587867137679
Jan 15, 2015 6:17:26 PM org.ccnx.ccn.impl.security.keys.BasicKeyManager getKeyLocator
INFORMAÇÕES: getKeyLocator: returning locator NAME: /ccnx.org/Users/root/Keys/%C1.M.K=009234ADEC47D19E3E6A2AF362D44E09AB6B71F43B1900BA0622FB45F2A5B7D9F6/=FD054AE7DE1000 KEY:-reba89rgbj1o6ata34t5eovcl4kho5s9pnv8nstq15q1ld4g9ga for key kjSt7EfRnj5qKvNi1E4Jq2tx9DsZALoGIvtF8qW32fY=
Jan 15, 2015 6:17:26 PM org.ccnx.ccn.io.CCNAbstractOutputStream <init>
INFORMAÇÕES: CCNAbstractOutputStream: /ccnx.org/test/CCNNetworkTestRepo-15-01-15-18.17.24/content_-7499406587867137679/=FD054B82E665C7 blocksize is 4096
Jan 15, 2015 6:17:26 PM org.ccnx.ccn.io.CCNAbstractOutputStream startWrite
INFORMAÇÕES: CCNAbstractOutputStream: startWrite -- searching for keys.
Jan 15, 2015 6:17:26 PM org.ccnx.ccn.profiles.security.access.AccessControlManager keysForOutput
INFORMAÇÕES: keysForOutput: found an acm: (null)
Jan 15, 2015 6:17:26 PM org.ccnx.ccn.impl.repo.RepositoryFlowControl startWrite
INFORMAÇÕES: RepositoryFlowControl.startWrite called for name /ccnx.org/test/CCNNetworkTestRepo-15-01-15-18.17.24/content_-7499406587867137679/=FD054B82E665C7, shape STREAM
Jan 15, 2015 6:17:26 PM org.ccnx.ccn.impl.repo.RepositoryFlowControl handleContent
INFORMAÇÕES: handleContent: got potential repo message: /ccnx.org/test/CCNNetworkTestRepo-15-01-15-18.17.24/content_-7499406587867137679/=FD054B82E665C7/%C1.R.sw/%C1.N%0096=E5009CCEBA19
Jan 15, 2015 6:17:26 PM org.ccnx.ccn.io.CCNOutputStream flushToNetwork
INFORMAÇÕES: flush: outputting to the segmenter, baseName /ccnx.org/test/CCNNetworkTestRepo-15-01-15-18.17.24/content_-7499406587867137679/=FD054B82E665C7 basenameindex =00; 16 bytes written, holding back 16 flushing final blocks? false.
Jan 15, 2015 6:17:26 PM org.ccnx.ccn.io.CCNOutputStream flushToNetwork
INFORMAÇÕES: HEADER: CCNOutputStream: flushToNetwork: new _baseNameIndex 0
Jan 15, 2015 6:17:26 PM org.ccnx.ccn.io.CCNOutputStream flushToNetwork
INFORMAÇÕES: flush: outputting to the segmenter, baseName /ccnx.org/test/CCNNetworkTestRepo-15-01-15-18.17.24/content_-7499406587867137679/=FD054B82E665C7 basenameindex =00; 16 bytes written, holding back 0 flushing final blocks? true.
Jan 15, 2015 6:17:26 PM org.ccnx.ccn.io.CCNOutputStream flushToNetwork
INFORMAÇÕES: HEADER: CCNOutputStream: flushToNetwork: new _baseNameIndex 1
Jan 15, 2015 6:17:26 PM org.ccnx.ccn.io.CCNOutputStream close
INFORMAÇÕES: CCNOutputStream close: /ccnx.org/test/CCNNetworkTestRepo-15-01-15-18.17.24/content_-7499406587867137679/=FD054B82E665C7
Jan 15, 2015 6:17:26 PM org.ccnx.ccn.io.content.CCNNetworkObject createFlowController
INFORMAÇÕES: Created LOCALREPOSITORY flow controller, for prefix /ccnx.org/test/CCNNetworkTestRepo-15-01-15-18.17.24/content_-7499406587867137679, save type LOCALREPOSITORY
Jan 15, 2015 6:17:26 PM org.ccnx.ccn.impl.CCNFlowControl addNameSpace
INFORMAÇÕES: Flow controller addNameSpace: added namespace: /ccnx.org/test/CCNNetworkTestRepo-15-01-15-18.17.24/content_-7499406587867137679
Jan 15, 2015 6:17:26 PM org.ccnx.ccn.impl.security.keys.BasicKeyManager getKeyLocator
INFORMAÇÕES: getKeyLocator: returning locator NAME: /ccnx.org/Users/root/Keys/%C1.M.K=009234ADEC47D19E3E6A2AF362D44E09AB6B71F43B1900BA0622FB45F2A5B7D9F6/=FD054AE7DE1000 KEY:-reba89rgbj1o6ata34t5eovcl4kho5s9pnv8nstq15q1ld4g9ga for key kjSt7EfRnj5qKvNi1E4Jq2tx9DsZALoGIvtF8qW32fY=
Jan 15, 2015 6:17:26 PM org.ccnx.ccn.io.CCNAbstractOutputStream <init>
INFORMAÇÕES: CCNAbstractOutputStream: /ccnx.org/test/CCNNetworkTestRepo-15-01-15-18.17.24/content_-7499406587867137679/=FD054B82E66758 blocksize is 4096
Jan 15, 2015 6:17:26 PM org.ccnx.ccn.io.CCNAbstractOutputStream startWrite
INFORMAÇÕES: CCNAbstractOutputStream: startWrite -- searching for keys.
Jan 15, 2015 6:17:26 PM org.ccnx.ccn.profiles.security.access.AccessControlManager keysForOutput
INFORMAÇÕES: keysForOutput: found an acm: (null)
Jan 15, 2015 6:17:26 PM org.ccnx.ccn.impl.repo.RepositoryFlowControl startWrite
INFORMAÇÕES: RepositoryFlowControl.startWrite called for name /ccnx.org/test/CCNNetworkTestRepo-15-01-15-18.17.24/content_-7499406587867137679/=FD054B82E66758, shape STREAM
Jan 15, 2015 6:17:26 PM org.ccnx.ccn.impl.repo.RepositoryFlowControl handleContent
INFORMAÇÕES: handleContent: got potential repo message: /ccnx.org/test/CCNNetworkTestRepo-15-01-15-18.17.24/content_-7499406587867137679/=FD054B82E66758/%C1.R.sw/%C1.N=0097EF44BFA041BCF5
Jan 15, 2015 6:17:26 PM org.ccnx.ccn.io.CCNOutputStream flushToNetwork
INFORMAÇÕES: flush: outputting to the segmenter, baseName /ccnx.org/test/CCNNetworkTestRepo-15-01-15-18.17.24/content_-7499406587867137679/=FD054B82E66758 basenameindex =00; 16 bytes written, holding back 16 flushing final blocks? false.
Jan 15, 2015 6:17:26 PM org.ccnx.ccn.io.CCNOutputStream flushToNetwork
INFORMAÇÕES: HEADER: CCNOutputStream: flushToNetwork: new _baseNameIndex 0
Jan 15, 2015 6:17:26 PM org.ccnx.ccn.io.CCNOutputStream flushToNetwork
INFORMAÇÕES: flush: outputting to the segmenter, baseName /ccnx.org/test/CCNNetworkTestRepo-15-01-15-18.17.24/content_-7499406587867137679/=FD054B82E66758 basenameindex =00; 16 bytes written, holding back 0 flushing final blocks? true.
Jan 15, 2015 6:17:26 PM org.ccnx.ccn.io.CCNOutputStream flushToNetwork
INFORMAÇÕES: HEADER: CCNOutputStream: flushToNetwork: new _baseNameIndex 1
Jan 15, 2015 6:17:26 PM org.ccnx.ccn.io.CCNOutputStream close
INFORMAÇÕES: CCNOutputStream close: /ccnx.org/test/CCNNetworkTestRepo-15-01-15-18.17.24/content_-7499406587867137679/=FD054B82E66758
Jan 15, 2015 6:17:26 PM org.ccnx.ccn.io.content.CCNNetworkObject createFlowController
INFORMAÇÕES: Created LOCALREPOSITORY flow controller, for prefix /ccnx.org/test/CCNNetworkTestRepo-15-01-15-18.17.24/content_-7499406587867137679, save type LOCALREPOSITORY
Jan 15, 2015 6:17:26 PM org.ccnx.ccn.impl.CCNFlowControl addNameSpace
INFORMAÇÕES: Flow controller addNameSpace: added namespace: /ccnx.org/test/CCNNetworkTestRepo-15-01-15-18.17.24/content_-7499406587867137679
Jan 15, 2015 6:17:26 PM org.ccnx.ccn.impl.security.keys.BasicKeyManager getKeyLocator
INFORMAÇÕES: getKeyLocator: returning locator NAME: /ccnx.org/Users/root/Keys/%C1.M.K=009234ADEC47D19E3E6A2AF362D44E09AB6B71F43B1900BA0622FB45F2A5B7D9F6/=FD054AE7DE1000 KEY:-reba89rgbj1o6ata34t5eovcl4kho5s9pnv8nstq15q1ld4g9ga for key kjSt7EfRnj5qKvNi1E4Jq2tx9DsZALoGIvtF8qW32fY=
Jan 15, 2015 6:17:26 PM org.ccnx.ccn.io.CCNAbstractOutputStream <init>
INFORMAÇÕES: CCNAbstractOutputStream: /ccnx.org/test/CCNNetworkTestRepo-15-01-15-18.17.24/content_-7499406587867137679/=FD054B82E668E1 blocksize is 4096
Jan 15, 2015 6:17:26 PM org.ccnx.ccn.io.CCNAbstractOutputStream startWrite
INFORMAÇÕES: CCNAbstractOutputStream: startWrite -- searching for keys.
Jan 15, 2015 6:17:26 PM org.ccnx.ccn.profiles.security.access.AccessControlManager keysForOutput
INFORMAÇÕES: keysForOutput: found an acm: (null)
Jan 15, 2015 6:17:26 PM org.ccnx.ccn.impl.repo.RepositoryFlowControl startWrite
INFORMAÇÕES: RepositoryFlowControl.startWrite called for name /ccnx.org/test/CCNNetworkTestRepo-15-01-15-18.17.24/content_-7499406587867137679/=FD054B82E668E1, shape STREAM
Jan 15, 2015 6:17:26 PM org.ccnx.ccn.impl.repo.RepositoryFlowControl handleContent
INFORMAÇÕES: handleContent: got potential repo message: /ccnx.org/test/CCNNetworkTestRepo-15-01-15-18.17.24/content_-7499406587867137679/=FD054B82E668E1/%C1.R.sw/%C1.N=009A1085FB455E0804
Jan 15, 2015 6:17:26 PM org.ccnx.ccn.io.CCNOutputStream flushToNetwork
INFORMAÇÕES: flush: outputting to the segmenter, baseName /ccnx.org/test/CCNNetworkTestRepo-15-01-15-18.17.24/content_-7499406587867137679/=FD054B82E668E1 basenameindex =00; 16 bytes written, holding back 16 flushing final blocks? false.
Jan 15, 2015 6:17:26 PM org.ccnx.ccn.io.CCNOutputStream flushToNetwork
INFORMAÇÕES: HEADER: CCNOutputStream: flushToNetwork: new _baseNameIndex 0
Jan 15, 2015 6:17:26 PM org.ccnx.ccn.io.CCNOutputStream flushToNetwork
INFORMAÇÕES: flush: outputting to the segmenter, baseName /ccnx.org/test/CCNNetworkTestRepo-15-01-15-18.17.24/content_-7499406587867137679/=FD054B82E668E1 basenameindex =00; 16 bytes written, holding back 0 flushing final blocks? true.
Jan 15, 2015 6:17:26 PM org.ccnx.ccn.io.CCNOutputStream flushToNetwork
INFORMAÇÕES: HEADER: CCNOutputStream: flushToNetwork: new _baseNameIndex 1
Jan 15, 2015 6:17:26 PM org.ccnx.ccn.io.CCNOutputStream close
INFORMAÇÕES: CCNOutputStream close: /ccnx.org/test/CCNNetworkTestRepo-15-01-15-18.17.24/content_-7499406587867137679/=FD054B82E668E1
Jan 15, 2015 6:17:26 PM org.ccnx.ccn.io.content.CCNNetworkObject createFlowController
INFORMAÇÕES: Created LOCALREPOSITORY flow controller, for prefix /ccnx.org/test/CCNNetworkTestRepo-15-01-15-18.17.24/content_-7499406587867137679, save type LOCALREPOSITORY
Jan 15, 2015 6:17:26 PM org.ccnx.ccn.impl.CCNFlowControl addNameSpace
INFORMAÇÕES: Flow controller addNameSpace: added namespace: /ccnx.org/test/CCNNetworkTestRepo-15-01-15-18.17.24/content_-7499406587867137679
Jan 15, 2015 6:17:26 PM org.ccnx.ccn.impl.security.keys.BasicKeyManager getKeyLocator
INFORMAÇÕES: getKeyLocator: returning locator NAME: /ccnx.org/Users/root/Keys/%C1.M.K=009234ADEC47D19E3E6A2AF362D44E09AB6B71F43B1900BA0622FB45F2A5B7D9F6/=FD054AE7DE1000 KEY:-reba89rgbj1o6ata34t5eovcl4kho5s9pnv8nstq15q1ld4g9ga for key kjSt7EfRnj5qKvNi1E4Jq2tx9DsZALoGIvtF8qW32fY=
Jan 15, 2015 6:17:26 PM org.ccnx.ccn.io.CCNAbstractOutputStream <init>
INFORMAÇÕES: CCNAbstractOutputStream: /ccnx.org/test/CCNNetworkTestRepo-15-01-15-18.17.24/content_-7499406587867137679/=FD054B82E66A66 blocksize is 4096
Jan 15, 2015 6:17:26 PM org.ccnx.ccn.io.CCNAbstractOutputStream startWrite
INFORMAÇÕES: CCNAbstractOutputStream: startWrite -- searching for keys.
Jan 15, 2015 6:17:26 PM org.ccnx.ccn.profiles.security.access.AccessControlManager keysForOutput
INFORMAÇÕES: keysForOutput: found an acm: (null)
Jan 15, 2015 6:17:26 PM org.ccnx.ccn.impl.repo.RepositoryFlowControl startWrite
INFORMAÇÕES: RepositoryFlowControl.startWrite called for name /ccnx.org/test/CCNNetworkTestRepo-15-01-15-18.17.24/content_-7499406587867137679/=FD054B82E66A66, shape STREAM
Jan 15, 2015 6:17:26 PM org.ccnx.ccn.impl.repo.RepositoryFlowControl handleContent
INFORMAÇÕES: handleContent: got potential repo message: /ccnx.org/test/CCNNetworkTestRepo-15-01-15-18.17.24/content_-7499406587867137679/=FD054B82E66A66/%C1.R.sw/%C1.N=0024D3DFD40B77792D
Jan 15, 2015 6:17:26 PM org.ccnx.ccn.io.CCNOutputStream flushToNetwork
INFORMAÇÕES: flush: outputting to the segmenter, baseName /ccnx.org/test/CCNNetworkTestRepo-15-01-15-18.17.24/content_-7499406587867137679/=FD054B82E66A66 basenameindex =00; 16 bytes written, holding back 16 flushing final blocks? false.
Jan 15, 2015 6:17:26 PM org.ccnx.ccn.io.CCNOutputStream flushToNetwork
INFORMAÇÕES: HEADER: CCNOutputStream: flushToNetwork: new _baseNameIndex 0
Jan 15, 2015 6:17:26 PM org.ccnx.ccn.io.CCNOutputStream flushToNetwork
INFORMAÇÕES: flush: outputting to the segmenter, baseName /ccnx.org/test/CCNNetworkTestRepo-15-01-15-18.17.24/content_-7499406587867137679/=FD054B82E66A66 basenameindex =00; 16 bytes written, holding back 0 flushing final blocks? true.
Jan 15, 2015 6:17:26 PM org.ccnx.ccn.io.CCNOutputStream flushToNetwork
INFORMAÇÕES: HEADER: CCNOutputStream: flushToNetwork: new _baseNameIndex 1
Jan 15, 2015 6:17:26 PM org.ccnx.ccn.io.CCNOutputStream close
INFORMAÇÕES: CCNOutputStream close: /ccnx.org/test/CCNNetworkTestRepo-15-01-15-18.17.24/content_-7499406587867137679/=FD054B82E66A66
Jan 15, 2015 6:17:26 PM org.ccnx.ccn.io.content.CCNNetworkObject createFlowController
INFORMAÇÕES: Created LOCALREPOSITORY flow controller, for prefix /ccnx.org/test/CCNNetworkTestRepo-15-01-15-18.17.24/content_-7499406587867137679, save type LOCALREPOSITORY
Jan 15, 2015 6:17:26 PM org.ccnx.ccn.impl.CCNFlowControl addNameSpace
INFORMAÇÕES: Flow controller addNameSpace: added namespace: /ccnx.org/test/CCNNetworkTestRepo-15-01-15-18.17.24/content_-7499406587867137679
Jan 15, 2015 6:17:26 PM org.ccnx.ccn.impl.security.keys.BasicKeyManager getKeyLocator
INFORMAÇÕES: getKeyLocator: returning locator NAME: /ccnx.org/Users/root/Keys/%C1.M.K=009234ADEC47D19E3E6A2AF362D44E09AB6B71F43B1900BA0622FB45F2A5B7D9F6/=FD054AE7DE1000 KEY:-reba89rgbj1o6ata34t5eovcl4kho5s9pnv8nstq15q1ld4g9ga for key kjSt7EfRnj5qKvNi1E4Jq2tx9DsZALoGIvtF8qW32fY=
Jan 15, 2015 6:17:26 PM org.ccnx.ccn.io.CCNAbstractOutputStream <init>
INFORMAÇÕES: CCNAbstractOutputStream: /ccnx.org/test/CCNNetworkTestRepo-15-01-15-18.17.24/content_-7499406587867137679/=FD054B82E66BDF blocksize is 4096
Jan 15, 2015 6:17:26 PM org.ccnx.ccn.io.CCNAbstractOutputStream startWrite
INFORMAÇÕES: CCNAbstractOutputStream: startWrite -- searching for keys.
Jan 15, 2015 6:17:26 PM org.ccnx.ccn.profiles.security.access.AccessControlManager keysForOutput
INFORMAÇÕES: keysForOutput: found an acm: (null)
Jan 15, 2015 6:17:26 PM org.ccnx.ccn.impl.repo.RepositoryFlowControl startWrite
INFORMAÇÕES: RepositoryFlowControl.startWrite called for name /ccnx.org/test/CCNNetworkTestRepo-15-01-15-18.17.24/content_-7499406587867137679/=FD054B82E66BDF, shape STREAM
Jan 15, 2015 6:17:26 PM org.ccnx.ccn.impl.repo.RepositoryFlowControl handleContent
INFORMAÇÕES: handleContent: got potential repo message: /ccnx.org/test/CCNNetworkTestRepo-15-01-15-18.17.24/content_-7499406587867137679/=FD054B82E66BDF/%C1.R.sw/%C1.N=00EC7FC4864742C122
Jan 15, 2015 6:17:26 PM org.ccnx.ccn.io.CCNOutputStream flushToNetwork
INFORMAÇÕES: flush: outputting to the segmenter, baseName /ccnx.org/test/CCNNetworkTestRepo-15-01-15-18.17.24/content_-7499406587867137679/=FD054B82E66BDF basenameindex =00; 16 bytes written, holding back 16 flushing final blocks? false.
Jan 15, 2015 6:17:26 PM org.ccnx.ccn.io.CCNOutputStream flushToNetwork
INFORMAÇÕES: HEADER: CCNOutputStream: flushToNetwork: new _baseNameIndex 0
Jan 15, 2015 6:17:26 PM org.ccnx.ccn.io.CCNOutputStream flushToNetwork
INFORMAÇÕES: flush: outputting to the segmenter, baseName /ccnx.org/test/CCNNetworkTestRepo-15-01-15-18.17.24/content_-7499406587867137679/=FD054B82E66BDF basenameindex =00; 16 bytes written, holding back 0 flushing final blocks? true.
Jan 15, 2015 6:17:26 PM org.ccnx.ccn.io.CCNOutputStream flushToNetwork
INFORMAÇÕES: HEADER: CCNOutputStream: flushToNetwork: new _baseNameIndex 1
Jan 15, 2015 6:17:26 PM org.ccnx.ccn.io.CCNOutputStream close
INFORMAÇÕES: CCNOutputStream close: /ccnx.org/test/CCNNetworkTestRepo-15-01-15-18.17.24/content_-7499406587867137679/=FD054B82E66BDF
Jan 15, 2015 6:17:26 PM org.ccnx.ccn.io.content.CCNNetworkObject createFlowController
INFORMAÇÕES: Created LOCALREPOSITORY flow controller, for prefix /ccnx.org/test/CCNNetworkTestRepo-15-01-15-18.17.24/content_-7499406587867137679, save type LOCALREPOSITORY
Jan 15, 2015 6:17:26 PM org.ccnx.ccn.impl.CCNFlowControl addNameSpace
INFORMAÇÕES: Flow controller addNameSpace: added namespace: /ccnx.org/test/CCNNetworkTestRepo-15-01-15-18.17.24/content_-7499406587867137679
Jan 15, 2015 6:17:26 PM org.ccnx.ccn.impl.security.keys.BasicKeyManager getKeyLocator
INFORMAÇÕES: getKeyLocator: returning locator NAME: /ccnx.org/Users/root/Keys/%C1.M.K=009234ADEC47D19E3E6A2AF362D44E09AB6B71F43B1900BA0622FB45F2A5B7D9F6/=FD054AE7DE1000 KEY:-reba89rgbj1o6ata34t5eovcl4kho5s9pnv8nstq15q1ld4g9ga for key kjSt7EfRnj5qKvNi1E4Jq2tx9DsZALoGIvtF8qW32fY=
Jan 15, 2015 6:17:26 PM org.ccnx.ccn.io.CCNAbstractOutputStream <init>
INFORMAÇÕES: CCNAbstractOutputStream: /ccnx.org/test/CCNNetworkTestRepo-15-01-15-18.17.24/content_-7499406587867137679/=FD054B82E66D75 blocksize is 4096
Jan 15, 2015 6:17:26 PM org.ccnx.ccn.io.CCNAbstractOutputStream startWrite
INFORMAÇÕES: CCNAbstractOutputStream: startWrite -- searching for keys.
Jan 15, 2015 6:17:26 PM org.ccnx.ccn.profiles.security.access.AccessControlManager keysForOutput
INFORMAÇÕES: keysForOutput: found an acm: (null)
Jan 15, 2015 6:17:26 PM org.ccnx.ccn.impl.repo.RepositoryFlowControl startWrite
INFORMAÇÕES: RepositoryFlowControl.startWrite called for name /ccnx.org/test/CCNNetworkTestRepo-15-01-15-18.17.24/content_-7499406587867137679/=FD054B82E66D75, shape STREAM
Jan 15, 2015 6:17:26 PM org.ccnx.ccn.impl.repo.RepositoryFlowControl handleContent
INFORMAÇÕES: handleContent: got potential repo message: /ccnx.org/test/CCNNetworkTestRepo-15-01-15-18.17.24/content_-7499406587867137679/=FD054B82E66D75/%C1.R.sw/%C1.N=000233316ADC54716F
Jan 15, 2015 6:17:26 PM org.ccnx.ccn.io.CCNOutputStream flushToNetwork
INFORMAÇÕES: flush: outputting to the segmenter, baseName /ccnx.org/test/CCNNetworkTestRepo-15-01-15-18.17.24/content_-7499406587867137679/=FD054B82E66D75 basenameindex =00; 16 bytes written, holding back 16 flushing final blocks? false.
Jan 15, 2015 6:17:26 PM org.ccnx.ccn.io.CCNOutputStream flushToNetwork
INFORMAÇÕES: HEADER: CCNOutputStream: flushToNetwork: new _baseNameIndex 0
Jan 15, 2015 6:17:26 PM org.ccnx.ccn.io.CCNOutputStream flushToNetwork
INFORMAÇÕES: flush: outputting to the segmenter, baseName /ccnx.org/test/CCNNetworkTestRepo-15-01-15-18.17.24/content_-7499406587867137679/=FD054B82E66D75 basenameindex =00; 16 bytes written, holding back 0 flushing final blocks? true.
Jan 15, 2015 6:17:26 PM org.ccnx.ccn.io.CCNOutputStream flushToNetwork
INFORMAÇÕES: HEADER: CCNOutputStream: flushToNetwork: new _baseNameIndex 1
Jan 15, 2015 6:17:26 PM org.ccnx.ccn.io.CCNOutputStream close
INFORMAÇÕES: CCNOutputStream close: /ccnx.org/test/CCNNetworkTestRepo-15-01-15-18.17.24/content_-7499406587867137679/=FD054B82E66D75
Jan 15, 2015 6:17:26 PM org.ccnx.ccn.io.content.CCNNetworkObject createFlowController
INFORMAÇÕES: Created LOCALREPOSITORY flow controller, for prefix /ccnx.org/test/CCNNetworkTestRepo-15-01-15-18.17.24/content_-7499406587867137679, save type LOCALREPOSITORY
Jan 15, 2015 6:17:26 PM org.ccnx.ccn.impl.CCNFlowControl addNameSpace
INFORMAÇÕES: Flow controller addNameSpace: added namespace: /ccnx.org/test/CCNNetworkTestRepo-15-01-15-18.17.24/content_-7499406587867137679
Jan 15, 2015 6:17:26 PM org.ccnx.ccn.impl.security.keys.BasicKeyManager getKeyLocator
INFORMAÇÕES: getKeyLocator: returning locator NAME: /ccnx.org/Users/root/Keys/%C1.M.K=009234ADEC47D19E3E6A2AF362D44E09AB6B71F43B1900BA0622FB45F2A5B7D9F6/=FD054AE7DE1000 KEY:-reba89rgbj1o6ata34t5eovcl4kho5s9pnv8nstq15q1ld4g9ga for key kjSt7EfRnj5qKvNi1E4Jq2tx9DsZALoGIvtF8qW32fY=
Jan 15, 2015 6:17:26 PM org.ccnx.ccn.io.CCNAbstractOutputStream <init>
INFORMAÇÕES: CCNAbstractOutputStream: /ccnx.org/test/CCNNetworkTestRepo-15-01-15-18.17.24/content_-7499406587867137679/=FD054B82E66F12 blocksize is 4096
Jan 15, 2015 6:17:26 PM org.ccnx.ccn.io.CCNAbstractOutputStream startWrite
INFORMAÇÕES: CCNAbstractOutputStream: startWrite -- searching for keys.
Jan 15, 2015 6:17:26 PM org.ccnx.ccn.profiles.security.access.AccessControlManager keysForOutput
INFORMAÇÕES: keysForOutput: found an acm: (null)
Jan 15, 2015 6:17:26 PM org.ccnx.ccn.impl.repo.RepositoryFlowControl startWrite
INFORMAÇÕES: RepositoryFlowControl.startWrite called for name /ccnx.org/test/CCNNetworkTestRepo-15-01-15-18.17.24/content_-7499406587867137679/=FD054B82E66F12, shape STREAM
Jan 15, 2015 6:17:26 PM org.ccnx.ccn.impl.repo.RepositoryFlowControl handleContent
INFORMAÇÕES: handleContent: got potential repo message: /ccnx.org/test/CCNNetworkTestRepo-15-01-15-18.17.24/content_-7499406587867137679/=FD054B82E66F12/%C1.R.sw/%C1.N=00E8C8BD6EF98EDC55
Jan 15, 2015 6:17:27 PM org.ccnx.ccn.io.CCNOutputStream flushToNetwork
INFORMAÇÕES: flush: outputting to the segmenter, baseName /ccnx.org/test/CCNNetworkTestRepo-15-01-15-18.17.24/content_-7499406587867137679/=FD054B82E66F12 basenameindex =00; 16 bytes written, holding back 16 flushing final blocks? false.
Jan 15, 2015 6:17:27 PM org.ccnx.ccn.io.CCNOutputStream flushToNetwork
INFORMAÇÕES: HEADER: CCNOutputStream: flushToNetwork: new _baseNameIndex 0
Jan 15, 2015 6:17:27 PM org.ccnx.ccn.io.CCNOutputStream flushToNetwork
INFORMAÇÕES: flush: outputting to the segmenter, baseName /ccnx.org/test/CCNNetworkTestRepo-15-01-15-18.17.24/content_-7499406587867137679/=FD054B82E66F12 basenameindex =00; 16 bytes written, holding back 0 flushing final blocks? true.
Jan 15, 2015 6:17:27 PM org.ccnx.ccn.io.CCNOutputStream flushToNetwork
INFORMAÇÕES: HEADER: CCNOutputStream: flushToNetwork: new _baseNameIndex 1
Jan 15, 2015 6:17:27 PM org.ccnx.ccn.io.CCNOutputStream close
INFORMAÇÕES: CCNOutputStream close: /ccnx.org/test/CCNNetworkTestRepo-15-01-15-18.17.24/content_-7499406587867137679/=FD054B82E66F12
Jan 15, 2015 6:17:27 PM org.ccnx.ccn.io.content.CCNNetworkObject createFlowController
INFORMAÇÕES: Created LOCALREPOSITORY flow controller, for prefix /ccnx.org/test/CCNNetworkTestRepo-15-01-15-18.17.24/content_-7499406587867137679, save type LOCALREPOSITORY
Jan 15, 2015 6:17:27 PM org.ccnx.ccn.impl.CCNFlowControl addNameSpace
INFORMAÇÕES: Flow controller addNameSpace: added namespace: /ccnx.org/test/CCNNetworkTestRepo-15-01-15-18.17.24/content_-7499406587867137679
Jan 15, 2015 6:17:27 PM org.ccnx.ccn.impl.security.keys.BasicKeyManager getKeyLocator
INFORMAÇÕES: getKeyLocator: returning locator NAME: /ccnx.org/Users/root/Keys/%C1.M.K=009234ADEC47D19E3E6A2AF362D44E09AB6B71F43B1900BA0622FB45F2A5B7D9F6/=FD054AE7DE1000 KEY:-reba89rgbj1o6ata34t5eovcl4kho5s9pnv8nstq15q1ld4g9ga for key kjSt7EfRnj5qKvNi1E4Jq2tx9DsZALoGIvtF8qW32fY=
Jan 15, 2015 6:17:27 PM org.ccnx.ccn.io.CCNAbstractOutputStream <init>
INFORMAÇÕES: CCNAbstractOutputStream: /ccnx.org/test/CCNNetworkTestRepo-15-01-15-18.17.24/content_-7499406587867137679/=FD054B82E670A8 blocksize is 4096
Jan 15, 2015 6:17:27 PM org.ccnx.ccn.io.CCNAbstractOutputStream startWrite
INFORMAÇÕES: CCNAbstractOutputStream: startWrite -- searching for keys.
Jan 15, 2015 6:17:27 PM org.ccnx.ccn.profiles.security.access.AccessControlManager keysForOutput
INFORMAÇÕES: keysForOutput: found an acm: (null)
Jan 15, 2015 6:17:27 PM org.ccnx.ccn.impl.repo.RepositoryFlowControl startWrite
INFORMAÇÕES: RepositoryFlowControl.startWrite called for name /ccnx.org/test/CCNNetworkTestRepo-15-01-15-18.17.24/content_-7499406587867137679/=FD054B82E670A8, shape STREAM
Jan 15, 2015 6:17:27 PM org.ccnx.ccn.impl.repo.RepositoryFlowControl handleContent
INFORMAÇÕES: handleContent: got potential repo message: /ccnx.org/test/CCNNetworkTestRepo-15-01-15-18.17.24/content_-7499406587867137679/=FD054B82E670A8/%C1.R.sw/%C1.N%00y=EFC5EF8A28C89C
Jan 15, 2015 6:17:27 PM org.ccnx.ccn.io.CCNOutputStream flushToNetwork
INFORMAÇÕES: flush: outputting to the segmenter, baseName /ccnx.org/test/CCNNetworkTestRepo-15-01-15-18.17.24/content_-7499406587867137679/=FD054B82E670A8 basenameindex =00; 16 bytes written, holding back 16 flushing final blocks? false.
Jan 15, 2015 6:17:27 PM org.ccnx.ccn.io.CCNOutputStream flushToNetwork
INFORMAÇÕES: HEADER: CCNOutputStream: flushToNetwork: new _baseNameIndex 0
Jan 15, 2015 6:17:27 PM org.ccnx.ccn.io.CCNOutputStream flushToNetwork
INFORMAÇÕES: flush: outputting to the segmenter, baseName /ccnx.org/test/CCNNetworkTestRepo-15-01-15-18.17.24/content_-7499406587867137679/=FD054B82E670A8 basenameindex =00; 16 bytes written, holding back 0 flushing final blocks? true.
Jan 15, 2015 6:17:27 PM org.ccnx.ccn.io.CCNOutputStream flushToNetwork
INFORMAÇÕES: HEADER: CCNOutputStream: flushToNetwork: new _baseNameIndex 1
Jan 15, 2015 6:17:27 PM org.ccnx.ccn.io.CCNOutputStream close
INFORMAÇÕES: CCNOutputStream close: /ccnx.org/test/CCNNetworkTestRepo-15-01-15-18.17.24/content_-7499406587867137679/=FD054B82E670A8
Jan 15, 2015 6:17:27 PM org.ccnx.ccn.io.content.CCNNetworkObject createFlowController
INFORMAÇÕES: Created LOCALREPOSITORY flow controller, for prefix /ccnx.org/test/CCNNetworkTestRepo-15-01-15-18.17.24/content_-7499406587867137679, save type LOCALREPOSITORY
Jan 15, 2015 6:17:27 PM org.ccnx.ccn.impl.CCNFlowControl addNameSpace
INFORMAÇÕES: Flow controller addNameSpace: added namespace: /ccnx.org/test/CCNNetworkTestRepo-15-01-15-18.17.24/content_-7499406587867137679
Jan 15, 2015 6:17:27 PM org.ccnx.ccn.impl.security.keys.BasicKeyManager getKeyLocator
INFORMAÇÕES: getKeyLocator: returning locator NAME: /ccnx.org/Users/root/Keys/%C1.M.K=009234ADEC47D19E3E6A2AF362D44E09AB6B71F43B1900BA0622FB45F2A5B7D9F6/=FD054AE7DE1000 KEY:-reba89rgbj1o6ata34t5eovcl4kho5s9pnv8nstq15q1ld4g9ga for key kjSt7EfRnj5qKvNi1E4Jq2tx9DsZALoGIvtF8qW32fY=
Jan 15, 2015 6:17:27 PM org.ccnx.ccn.io.CCNAbstractOutputStream <init>
INFORMAÇÕES: CCNAbstractOutputStream: /ccnx.org/test/CCNNetworkTestRepo-15-01-15-18.17.24/content_-7499406587867137679/=FD054B82E67246 blocksize is 4096
Jan 15, 2015 6:17:27 PM org.ccnx.ccn.io.CCNAbstractOutputStream startWrite
INFORMAÇÕES: CCNAbstractOutputStream: startWrite -- searching for keys.
Jan 15, 2015 6:17:27 PM org.ccnx.ccn.profiles.security.access.AccessControlManager keysForOutput
INFORMAÇÕES: keysForOutput: found an acm: (null)
Jan 15, 2015 6:17:27 PM org.ccnx.ccn.impl.repo.RepositoryFlowControl startWrite
INFORMAÇÕES: RepositoryFlowControl.startWrite called for name /ccnx.org/test/CCNNetworkTestRepo-15-01-15-18.17.24/content_-7499406587867137679/=FD054B82E67246, shape STREAM
Jan 15, 2015 6:17:27 PM org.ccnx.ccn.impl.repo.RepositoryFlowControl handleContent
INFORMAÇÕES: handleContent: got potential repo message: /ccnx.org/test/CCNNetworkTestRepo-15-01-15-18.17.24/content_-7499406587867137679/=FD054B82E67246/%C1.R.sw/%C1.N%002=3B9FBD3A27E2FD
Jan 15, 2015 6:17:27 PM org.ccnx.ccn.io.CCNOutputStream flushToNetwork
INFORMAÇÕES: flush: outputting to the segmenter, baseName /ccnx.org/test/CCNNetworkTestRepo-15-01-15-18.17.24/content_-7499406587867137679/=FD054B82E67246 basenameindex =00; 16 bytes written, holding back 16 flushing final blocks? false.
Jan 15, 2015 6:17:27 PM org.ccnx.ccn.io.CCNOutputStream flushToNetwork
INFORMAÇÕES: HEADER: CCNOutputStream: flushToNetwork: new _baseNameIndex 0
Jan 15, 2015 6:17:27 PM org.ccnx.ccn.io.CCNOutputStream flushToNetwork
INFORMAÇÕES: flush: outputting to the segmenter, baseName /ccnx.org/test/CCNNetworkTestRepo-15-01-15-18.17.24/content_-7499406587867137679/=FD054B82E67246 basenameindex =00; 16 bytes written, holding back 0 flushing final blocks? true.
Jan 15, 2015 6:17:27 PM org.ccnx.ccn.io.CCNOutputStream flushToNetwork
INFORMAÇÕES: HEADER: CCNOutputStream: flushToNetwork: new _baseNameIndex 1
Jan 15, 2015 6:17:27 PM org.ccnx.ccn.io.CCNOutputStream close
INFORMAÇÕES: CCNOutputStream close: /ccnx.org/test/CCNNetworkTestRepo-15-01-15-18.17.24/content_-7499406587867137679/=FD054B82E67246
Jan 15, 2015 6:17:27 PM org.ccnx.ccn.io.content.CCNNetworkObject createFlowController
INFORMAÇÕES: Created LOCALREPOSITORY flow controller, for prefix /ccnx.org/test/CCNNetworkTestRepo-15-01-15-18.17.24/content_-7499406587867137679, save type LOCALREPOSITORY
Jan 15, 2015 6:17:27 PM org.ccnx.ccn.impl.CCNFlowControl addNameSpace
INFORMAÇÕES: Flow controller addNameSpace: added namespace: /ccnx.org/test/CCNNetworkTestRepo-15-01-15-18.17.24/content_-7499406587867137679
Jan 15, 2015 6:17:27 PM org.ccnx.ccn.impl.security.keys.BasicKeyManager getKeyLocator
INFORMAÇÕES: getKeyLocator: returning locator NAME: /ccnx.org/Users/root/Keys/%C1.M.K=009234ADEC47D19E3E6A2AF362D44E09AB6B71F43B1900BA0622FB45F2A5B7D9F6/=FD054AE7DE1000 KEY:-reba89rgbj1o6ata34t5eovcl4kho5s9pnv8nstq15q1ld4g9ga for key kjSt7EfRnj5qKvNi1E4Jq2tx9DsZALoGIvtF8qW32fY=
Jan 15, 2015 6:17:27 PM org.ccnx.ccn.io.CCNAbstractOutputStream <init>
INFORMAÇÕES: CCNAbstractOutputStream: /ccnx.org/test/CCNNetworkTestRepo-15-01-15-18.17.24/content_-7499406587867137679/=FD054B82E673F0 blocksize is 4096
Jan 15, 2015 6:17:27 PM org.ccnx.ccn.io.CCNAbstractOutputStream startWrite
INFORMAÇÕES: CCNAbstractOutputStream: startWrite -- searching for keys.
Jan 15, 2015 6:17:27 PM org.ccnx.ccn.profiles.security.access.AccessControlManager keysForOutput
INFORMAÇÕES: keysForOutput: found an acm: (null)
Jan 15, 2015 6:17:27 PM org.ccnx.ccn.impl.repo.RepositoryFlowControl startWrite
INFORMAÇÕES: RepositoryFlowControl.startWrite called for name /ccnx.org/test/CCNNetworkTestRepo-15-01-15-18.17.24/content_-7499406587867137679/=FD054B82E673F0, shape STREAM
Jan 15, 2015 6:17:27 PM org.ccnx.ccn.impl.repo.RepositoryFlowControl handleContent
INFORMAÇÕES: handleContent: got potential repo message: /ccnx.org/test/CCNNetworkTestRepo-15-01-15-18.17.24/content_-7499406587867137679/=FD054B82E673F0/%C1.R.sw/%C1.N=009FA8C8FE481EB068
Jan 15, 2015 6:17:27 PM org.ccnx.ccn.io.CCNOutputStream flushToNetwork
INFORMAÇÕES: flush: outputting to the segmenter, baseName /ccnx.org/test/CCNNetworkTestRepo-15-01-15-18.17.24/content_-7499406587867137679/=FD054B82E673F0 basenameindex =00; 16 bytes written, holding back 16 flushing final blocks? false.
Jan 15, 2015 6:17:27 PM org.ccnx.ccn.io.CCNOutputStream flushToNetwork
INFORMAÇÕES: HEADER: CCNOutputStream: flushToNetwork: new _baseNameIndex 0
Jan 15, 2015 6:17:27 PM org.ccnx.ccn.io.CCNOutputStream flushToNetwork
INFORMAÇÕES: flush: outputting to the segmenter, baseName /ccnx.org/test/CCNNetworkTestRepo-15-01-15-18.17.24/content_-7499406587867137679/=FD054B82E673F0 basenameindex =00; 16 bytes written, holding back 0 flushing final blocks? true.
Jan 15, 2015 6:17:27 PM org.ccnx.ccn.io.CCNOutputStream flushToNetwork
INFORMAÇÕES: HEADER: CCNOutputStream: flushToNetwork: new _baseNameIndex 1
Jan 15, 2015 6:17:27 PM org.ccnx.ccn.io.CCNOutputStream close
INFORMAÇÕES: CCNOutputStream close: /ccnx.org/test/CCNNetworkTestRepo-15-01-15-18.17.24/content_-7499406587867137679/=FD054B82E673F0
Jan 15, 2015 6:17:27 PM org.ccnx.ccn.io.content.CCNNetworkObject createFlowController
INFORMAÇÕES: Created LOCALREPOSITORY flow controller, for prefix /ccnx.org/test/CCNNetworkTestRepo-15-01-15-18.17.24/content_-7499406587867137679, save type LOCALREPOSITORY
Jan 15, 2015 6:17:27 PM org.ccnx.ccn.impl.CCNFlowControl addNameSpace
INFORMAÇÕES: Flow controller addNameSpace: added namespace: /ccnx.org/test/CCNNetworkTestRepo-15-01-15-18.17.24/content_-7499406587867137679
Jan 15, 2015 6:17:27 PM org.ccnx.ccn.impl.security.keys.BasicKeyManager getKeyLocator
INFORMAÇÕES: getKeyLocator: returning locator NAME: /ccnx.org/Users/root/Keys/%C1.M.K=009234ADEC47D19E3E6A2AF362D44E09AB6B71F43B1900BA0622FB45F2A5B7D9F6/=FD054AE7DE1000 KEY:-reba89rgbj1o6ata34t5eovcl4kho5s9pnv8nstq15q1ld4g9ga for key kjSt7EfRnj5qKvNi1E4Jq2tx9DsZALoGIvtF8qW32fY=
Jan 15, 2015 6:17:27 PM org.ccnx.ccn.io.CCNAbstractOutputStream <init>
INFORMAÇÕES: CCNAbstractOutputStream: /ccnx.org/test/CCNNetworkTestRepo-15-01-15-18.17.24/content_-7499406587867137679/=FD054B82E67585 blocksize is 4096
Jan 15, 2015 6:17:27 PM org.ccnx.ccn.io.CCNAbstractOutputStream startWrite
INFORMAÇÕES: CCNAbstractOutputStream: startWrite -- searching for keys.
Jan 15, 2015 6:17:27 PM org.ccnx.ccn.profiles.security.access.AccessControlManager keysForOutput
INFORMAÇÕES: keysForOutput: found an acm: (null)
Jan 15, 2015 6:17:27 PM org.ccnx.ccn.impl.repo.RepositoryFlowControl startWrite
INFORMAÇÕES: RepositoryFlowControl.startWrite called for name /ccnx.org/test/CCNNetworkTestRepo-15-01-15-18.17.24/content_-7499406587867137679/=FD054B82E67585, shape STREAM
Jan 15, 2015 6:17:27 PM org.ccnx.ccn.impl.repo.RepositoryFlowControl handleContent
INFORMAÇÕES: handleContent: got potential repo message: /ccnx.org/test/CCNNetworkTestRepo-15-01-15-18.17.24/content_-7499406587867137679/=FD054B82E67585/%C1.R.sw/%C1.N=00F2EA80F66EB8157A
Jan 15, 2015 6:17:27 PM org.ccnx.ccn.io.CCNOutputStream flushToNetwork
INFORMAÇÕES: flush: outputting to the segmenter, baseName /ccnx.org/test/CCNNetworkTestRepo-15-01-15-18.17.24/content_-7499406587867137679/=FD054B82E67585 basenameindex =00; 16 bytes written, holding back 16 flushing final blocks? false.
Jan 15, 2015 6:17:27 PM org.ccnx.ccn.io.CCNOutputStream flushToNetwork
INFORMAÇÕES: HEADER: CCNOutputStream: flushToNetwork: new _baseNameIndex 0
Jan 15, 2015 6:17:27 PM org.ccnx.ccn.io.CCNOutputStream flushToNetwork
INFORMAÇÕES: flush: outputting to the segmenter, baseName /ccnx.org/test/CCNNetworkTestRepo-15-01-15-18.17.24/content_-7499406587867137679/=FD054B82E67585 basenameindex =00; 16 bytes written, holding back 0 flushing final blocks? true.
Jan 15, 2015 6:17:27 PM org.ccnx.ccn.io.CCNOutputStream flushToNetwork
INFORMAÇÕES: HEADER: CCNOutputStream: flushToNetwork: new _baseNameIndex 1
Jan 15, 2015 6:17:27 PM org.ccnx.ccn.io.CCNOutputStream close
INFORMAÇÕES: CCNOutputStream close: /ccnx.org/test/CCNNetworkTestRepo-15-01-15-18.17.24/content_-7499406587867137679/=FD054B82E67585
Jan 15, 2015 6:17:27 PM org.ccnx.ccn.io.content.CCNNetworkObject createFlowController
INFORMAÇÕES: Created LOCALREPOSITORY flow controller, for prefix /ccnx.org/test/CCNNetworkTestRepo-15-01-15-18.17.24/content_-7499406587867137679, save type LOCALREPOSITORY
Jan 15, 2015 6:17:27 PM org.ccnx.ccn.impl.CCNFlowControl addNameSpace
INFORMAÇÕES: Flow controller addNameSpace: added namespace: /ccnx.org/test/CCNNetworkTestRepo-15-01-15-18.17.24/content_-7499406587867137679
Jan 15, 2015 6:17:27 PM org.ccnx.ccn.impl.security.keys.BasicKeyManager getKeyLocator
INFORMAÇÕES: getKeyLocator: returning locator NAME: /ccnx.org/Users/root/Keys/%C1.M.K=009234ADEC47D19E3E6A2AF362D44E09AB6B71F43B1900BA0622FB45F2A5B7D9F6/=FD054AE7DE1000 KEY:-reba89rgbj1o6ata34t5eovcl4kho5s9pnv8nstq15q1ld4g9ga for key kjSt7EfRnj5qKvNi1E4Jq2tx9DsZALoGIvtF8qW32fY=
Jan 15, 2015 6:17:27 PM org.ccnx.ccn.io.CCNAbstractOutputStream <init>
INFORMAÇÕES: CCNAbstractOutputStream: /ccnx.org/test/CCNNetworkTestRepo-15-01-15-18.17.24/content_-7499406587867137679/=FD054B82E67727 blocksize is 4096
Jan 15, 2015 6:17:27 PM org.ccnx.ccn.io.CCNAbstractOutputStream startWrite
INFORMAÇÕES: CCNAbstractOutputStream: startWrite -- searching for keys.
Jan 15, 2015 6:17:27 PM org.ccnx.ccn.profiles.security.access.AccessControlManager keysForOutput
INFORMAÇÕES: keysForOutput: found an acm: (null)
Jan 15, 2015 6:17:27 PM org.ccnx.ccn.impl.repo.RepositoryFlowControl startWrite
INFORMAÇÕES: RepositoryFlowControl.startWrite called for name /ccnx.org/test/CCNNetworkTestRepo-15-01-15-18.17.24/content_-7499406587867137679/=FD054B82E67727, shape STREAM
Jan 15, 2015 6:17:27 PM org.ccnx.ccn.impl.repo.RepositoryFlowControl handleContent
INFORMAÇÕES: handleContent: got potential repo message: /ccnx.org/test/CCNNetworkTestRepo-15-01-15-18.17.24/content_-7499406587867137679/=FD054B82E67727/%C1.R.sw/%C1.N=0011A46A7BAEC66217
Jan 15, 2015 6:17:27 PM org.ccnx.ccn.io.CCNOutputStream flushToNetwork
INFORMAÇÕES: flush: outputting to the segmenter, baseName /ccnx.org/test/CCNNetworkTestRepo-15-01-15-18.17.24/content_-7499406587867137679/=FD054B82E67727 basenameindex =00; 16 bytes written, holding back 16 flushing final blocks? false.
Jan 15, 2015 6:17:27 PM org.ccnx.ccn.io.CCNOutputStream flushToNetwork
INFORMAÇÕES: HEADER: CCNOutputStream: flushToNetwork: new _baseNameIndex 0
Jan 15, 2015 6:17:27 PM org.ccnx.ccn.io.CCNOutputStream flushToNetwork
INFORMAÇÕES: flush: outputting to the segmenter, baseName /ccnx.org/test/CCNNetworkTestRepo-15-01-15-18.17.24/content_-7499406587867137679/=FD054B82E67727 basenameindex =00; 16 bytes written, holding back 0 flushing final blocks? true.
Jan 15, 2015 6:17:27 PM org.ccnx.ccn.io.CCNOutputStream flushToNetwork
INFORMAÇÕES: HEADER: CCNOutputStream: flushToNetwork: new _baseNameIndex 1
Jan 15, 2015 6:17:27 PM org.ccnx.ccn.io.CCNOutputStream close
INFORMAÇÕES: CCNOutputStream close: /ccnx.org/test/CCNNetworkTestRepo-15-01-15-18.17.24/content_-7499406587867137679/=FD054B82E67727
Jan 15, 2015 6:17:27 PM org.ccnx.ccn.io.content.CCNNetworkObject createFlowController
INFORMAÇÕES: Created LOCALREPOSITORY flow controller, for prefix /ccnx.org/test/CCNNetworkTestRepo-15-01-15-18.17.24/content_-7499406587867137679, save type LOCALREPOSITORY
Jan 15, 2015 6:17:27 PM org.ccnx.ccn.impl.CCNFlowControl addNameSpace
INFORMAÇÕES: Flow controller addNameSpace: added namespace: /ccnx.org/test/CCNNetworkTestRepo-15-01-15-18.17.24/content_-7499406587867137679
Jan 15, 2015 6:17:27 PM org.ccnx.ccn.impl.security.keys.BasicKeyManager getKeyLocator
INFORMAÇÕES: getKeyLocator: returning locator NAME: /ccnx.org/Users/root/Keys/%C1.M.K=009234ADEC47D19E3E6A2AF362D44E09AB6B71F43B1900BA0622FB45F2A5B7D9F6/=FD054AE7DE1000 KEY:-reba89rgbj1o6ata34t5eovcl4kho5s9pnv8nstq15q1ld4g9ga for key kjSt7EfRnj5qKvNi1E4Jq2tx9DsZALoGIvtF8qW32fY=
[...]
Jan 15, 2015 6:17:34 PM org.ccnx.ccn.io.CCNAbstractOutputStream <init>
INFORMAÇÕES: CCNAbstractOutputStream: /ccnx.org/test/CCNNetworkTestRepo-15-01-15-18.17.24/content_-7499406587867137679/=FD054B82E6EADD blocksize is 4096
Jan 15, 2015 6:17:34 PM org.ccnx.ccn.io.CCNAbstractOutputStream startWrite
INFORMAÇÕES: CCNAbstractOutputStream: startWrite -- searching for keys.
Jan 15, 2015 6:17:34 PM org.ccnx.ccn.profiles.security.access.AccessControlManager keysForOutput
INFORMAÇÕES: keysForOutput: found an acm: (null)
Jan 15, 2015 6:17:34 PM org.ccnx.ccn.impl.repo.RepositoryFlowControl startWrite
INFORMAÇÕES: RepositoryFlowControl.startWrite called for name /ccnx.org/test/CCNNetworkTestRepo-15-01-15-18.17.24/content_-7499406587867137679/=FD054B82E6EADD, shape STREAM
Jan 15, 2015 6:17:34 PM org.ccnx.ccn.impl.repo.RepositoryFlowControl handleContent
INFORMAÇÕES: handleContent: got potential repo message: /ccnx.org/test/CCNNetworkTestRepo-15-01-15-18.17.24/content_-7499406587867137679/=FD054B82E6EADD/%C1.R.sw/%C1.N%00K=DC98EC26F4BC37
Jan 15, 2015 6:17:34 PM org.ccnx.ccn.io.CCNOutputStream flushToNetwork
INFORMAÇÕES: flush: outputting to the segmenter, baseName /ccnx.org/test/CCNNetworkTestRepo-15-01-15-18.17.24/content_-7499406587867137679/=FD054B82E6EADD basenameindex =00; 16 bytes written, holding back 16 flushing final blocks? false.
Jan 15, 2015 6:17:34 PM org.ccnx.ccn.io.CCNOutputStream flushToNetwork
INFORMAÇÕES: HEADER: CCNOutputStream: flushToNetwork: new _baseNameIndex 0
Jan 15, 2015 6:17:34 PM org.ccnx.ccn.io.CCNOutputStream flushToNetwork
INFORMAÇÕES: flush: outputting to the segmenter, baseName /ccnx.org/test/CCNNetworkTestRepo-15-01-15-18.17.24/content_-7499406587867137679/=FD054B82E6EADD basenameindex =00; 16 bytes written, holding back 0 flushing final blocks? true.
Jan 15, 2015 6:17:34 PM org.ccnx.ccn.io.CCNOutputStream flushToNetwork
INFORMAÇÕES: HEADER: CCNOutputStream: flushToNetwork: new _baseNameIndex 1
Jan 15, 2015 6:17:34 PM org.ccnx.ccn.io.CCNOutputStream close
INFORMAÇÕES: CCNOutputStream close: /ccnx.org/test/CCNNetworkTestRepo-15-01-15-18.17.24/content_-7499406587867137679/=FD054B82E6EADD
Jan 15, 2015 6:17:34 PM org.ccnx.ccn.io.content.CCNNetworkObject createFlowController
INFORMAÇÕES: Created LOCALREPOSITORY flow controller, for prefix /ccnx.org/test/CCNNetworkTestRepo-15-01-15-18.17.24/content_-7499406587867137679, save type LOCALREPOSITORY
Jan 15, 2015 6:17:34 PM org.ccnx.ccn.impl.CCNFlowControl addNameSpace
INFORMAÇÕES: Flow controller addNameSpace: added namespace: /ccnx.org/test/CCNNetworkTestRepo-15-01-15-18.17.24/content_-7499406587867137679
Jan 15, 2015 6:17:34 PM org.ccnx.ccn.impl.security.keys.BasicKeyManager getKeyLocator
INFORMAÇÕES: getKeyLocator: returning locator NAME: /ccnx.org/Users/root/Keys/%C1.M.K=009234ADEC47D19E3E6A2AF362D44E09AB6B71F43B1900BA0622FB45F2A5B7D9F6/=FD054AE7DE1000 KEY:-reba89rgbj1o6ata34t5eovcl4kho5s9pnv8nstq15q1ld4g9ga for key kjSt7EfRnj5qKvNi1E4Jq2tx9DsZALoGIvtF8qW32fY=
Jan 15, 2015 6:17:34 PM org.ccnx.ccn.io.CCNAbstractOutputStream <init>
INFORMAÇÕES: CCNAbstractOutputStream: /ccnx.org/test/CCNNetworkTestRepo-15-01-15-18.17.24/content_-7499406587867137679/=FD054B82E6EC6A blocksize is 4096
Jan 15, 2015 6:17:34 PM org.ccnx.ccn.io.CCNAbstractOutputStream startWrite
INFORMAÇÕES: CCNAbstractOutputStream: startWrite -- searching for keys.
Jan 15, 2015 6:17:34 PM org.ccnx.ccn.profiles.security.access.AccessControlManager keysForOutput
INFORMAÇÕES: keysForOutput: found an acm: (null)
Jan 15, 2015 6:17:34 PM org.ccnx.ccn.impl.repo.RepositoryFlowControl startWrite
INFORMAÇÕES: RepositoryFlowControl.startWrite called for name /ccnx.org/test/CCNNetworkTestRepo-15-01-15-18.17.24/content_-7499406587867137679/=FD054B82E6EC6A, shape STREAM
Jan 15, 2015 6:17:34 PM org.ccnx.ccn.impl.repo.RepositoryFlowControl handleContent
INFORMAÇÕES: handleContent: got potential repo message: /ccnx.org/test/CCNNetworkTestRepo-15-01-15-18.17.24/content_-7499406587867137679/=FD054B82E6EC6A/%C1.R.sw/%C1.N=002CD02518477D9917
Jan 15, 2015 6:17:34 PM org.ccnx.ccn.io.CCNOutputStream flushToNetwork
INFORMAÇÕES: flush: outputting to the segmenter, baseName /ccnx.org/test/CCNNetworkTestRepo-15-01-15-18.17.24/content_-7499406587867137679/=FD054B82E6EC6A basenameindex =00; 16 bytes written, holding back 16 flushing final blocks? false.
Jan 15, 2015 6:17:34 PM org.ccnx.ccn.io.CCNOutputStream flushToNetwork
INFORMAÇÕES: HEADER: CCNOutputStream: flushToNetwork: new _baseNameIndex 0
Jan 15, 2015 6:17:34 PM org.ccnx.ccn.io.CCNOutputStream flushToNetwork
INFORMAÇÕES: flush: outputting to the segmenter, baseName /ccnx.org/test/CCNNetworkTestRepo-15-01-15-18.17.24/content_-7499406587867137679/=FD054B82E6EC6A basenameindex =00; 16 bytes written, holding back 0 flushing final blocks? true.
Jan 15, 2015 6:17:34 PM org.ccnx.ccn.io.CCNOutputStream flushToNetwork
INFORMAÇÕES: HEADER: CCNOutputStream: flushToNetwork: new _baseNameIndex 1
Jan 15, 2015 6:17:34 PM org.ccnx.ccn.io.CCNOutputStream close
INFORMAÇÕES: CCNOutputStream close: /ccnx.org/test/CCNNetworkTestRepo-15-01-15-18.17.24/content_-7499406587867137679/=FD054B82E6EC6A
Jan 15, 2015 6:17:34 PM org.ccnx.ccn.io.content.CCNNetworkObject createFlowController
INFORMAÇÕES: Created LOCALREPOSITORY flow controller, for prefix /ccnx.org/test/CCNNetworkTestRepo-15-01-15-18.17.24/content_-7499406587867137679, save type LOCALREPOSITORY
Jan 15, 2015 6:17:34 PM org.ccnx.ccn.impl.CCNFlowControl addNameSpace
INFORMAÇÕES: Flow controller addNameSpace: added namespace: /ccnx.org/test/CCNNetworkTestRepo-15-01-15-18.17.24/content_-7499406587867137679
Jan 15, 2015 6:17:34 PM org.ccnx.ccn.impl.security.keys.BasicKeyManager getKeyLocator
INFORMAÇÕES: getKeyLocator: returning locator NAME: /ccnx.org/Users/root/Keys/%C1.M.K=009234ADEC47D19E3E6A2AF362D44E09AB6B71F43B1900BA0622FB45F2A5B7D9F6/=FD054AE7DE1000 KEY:-reba89rgbj1o6ata34t5eovcl4kho5s9pnv8nstq15q1ld4g9ga for key kjSt7EfRnj5qKvNi1E4Jq2tx9DsZALoGIvtF8qW32fY=
Jan 15, 2015 6:17:34 PM org.ccnx.ccn.io.CCNAbstractOutputStream <init>
INFORMAÇÕES: CCNAbstractOutputStream: /ccnx.org/test/CCNNetworkTestRepo-15-01-15-18.17.24/content_-7499406587867137679/=FD054B82E6EDE3 blocksize is 4096
Jan 15, 2015 6:17:34 PM org.ccnx.ccn.io.CCNAbstractOutputStream startWrite
INFORMAÇÕES: CCNAbstractOutputStream: startWrite -- searching for keys.
Jan 15, 2015 6:17:34 PM org.ccnx.ccn.profiles.security.access.AccessControlManager keysForOutput
INFORMAÇÕES: keysForOutput: found an acm: (null)
Jan 15, 2015 6:17:34 PM org.ccnx.ccn.impl.repo.RepositoryFlowControl startWrite
INFORMAÇÕES: RepositoryFlowControl.startWrite called for name /ccnx.org/test/CCNNetworkTestRepo-15-01-15-18.17.24/content_-7499406587867137679/=FD054B82E6EDE3, shape STREAM
Jan 15, 2015 6:17:34 PM org.ccnx.ccn.impl.repo.RepositoryFlowControl handleContent
INFORMAÇÕES: handleContent: got potential repo message: /ccnx.org/test/CCNNetworkTestRepo-15-01-15-18.17.24/content_-7499406587867137679/=FD054B82E6EDE3/%C1.R.sw/%C1.N=008A5331041CCA24A4
Jan 15, 2015 6:17:34 PM org.ccnx.ccn.io.CCNOutputStream flushToNetwork
INFORMAÇÕES: flush: outputting to the segmenter, baseName /ccnx.org/test/CCNNetworkTestRepo-15-01-15-18.17.24/content_-7499406587867137679/=FD054B82E6EDE3 basenameindex =00; 16 bytes written, holding back 16 flushing final blocks? false.
Jan 15, 2015 6:17:34 PM org.ccnx.ccn.io.CCNOutputStream flushToNetwork
INFORMAÇÕES: HEADER: CCNOutputStream: flushToNetwork: new _baseNameIndex 0
Jan 15, 2015 6:17:34 PM org.ccnx.ccn.io.CCNOutputStream flushToNetwork
INFORMAÇÕES: flush: outputting to the segmenter, baseName /ccnx.org/test/CCNNetworkTestRepo-15-01-15-18.17.24/content_-7499406587867137679/=FD054B82E6EDE3 basenameindex =00; 16 bytes written, holding back 0 flushing final blocks? true.
Jan 15, 2015 6:17:34 PM org.ccnx.ccn.io.CCNOutputStream flushToNetwork
INFORMAÇÕES: HEADER: CCNOutputStream: flushToNetwork: new _baseNameIndex 1
Jan 15, 2015 6:17:34 PM org.ccnx.ccn.io.CCNOutputStream close
INFORMAÇÕES: CCNOutputStream close: /ccnx.org/test/CCNNetworkTestRepo-15-01-15-18.17.24/content_-7499406587867137679/=FD054B82E6EDE3
Jan 15, 2015 6:17:34 PM org.ccnx.ccn.io.content.CCNNetworkObject createFlowController
INFORMAÇÕES: Created LOCALREPOSITORY flow controller, for prefix /ccnx.org/test/CCNNetworkTestRepo-15-01-15-18.17.24/content_-7499406587867137679, save type LOCALREPOSITORY
Jan 15, 2015 6:17:35 PM org.ccnx.ccn.impl.CCNFlowControl addNameSpace
INFORMAÇÕES: Flow controller addNameSpace: added namespace: /ccnx.org/test/CCNNetworkTestRepo-15-01-15-18.17.24/content_-7499406587867137679
Jan 15, 2015 6:17:35 PM org.ccnx.ccn.impl.security.keys.BasicKeyManager getKeyLocator
INFORMAÇÕES: getKeyLocator: returning locator NAME: /ccnx.org/Users/root/Keys/%C1.M.K=009234ADEC47D19E3E6A2AF362D44E09AB6B71F43B1900BA0622FB45F2A5B7D9F6/=FD054AE7DE1000 KEY:-reba89rgbj1o6ata34t5eovcl4kho5s9pnv8nstq15q1ld4g9ga for key kjSt7EfRnj5qKvNi1E4Jq2tx9DsZALoGIvtF8qW32fY=
Jan 15, 2015 6:17:35 PM org.ccnx.ccn.io.CCNAbstractOutputStream <init>
INFORMAÇÕES: CCNAbstractOutputStream: /ccnx.org/test/CCNNetworkTestRepo-15-01-15-18.17.24/content_-7499406587867137679/=FD054B82E6EF6D blocksize is 4096
Jan 15, 2015 6:17:35 PM org.ccnx.ccn.io.CCNAbstractOutputStream startWrite
INFORMAÇÕES: CCNAbstractOutputStream: startWrite -- searching for keys.
Jan 15, 2015 6:17:35 PM org.ccnx.ccn.profiles.security.access.AccessControlManager keysForOutput
INFORMAÇÕES: keysForOutput: found an acm: (null)
Jan 15, 2015 6:17:35 PM org.ccnx.ccn.impl.repo.RepositoryFlowControl startWrite
INFORMAÇÕES: RepositoryFlowControl.startWrite called for name /ccnx.org/test/CCNNetworkTestRepo-15-01-15-18.17.24/content_-7499406587867137679/=FD054B82E6EF6D, shape STREAM
Jan 15, 2015 6:17:35 PM org.ccnx.ccn.impl.repo.RepositoryFlowControl handleContent
INFORMAÇÕES: handleContent: got potential repo message: /ccnx.org/test/CCNNetworkTestRepo-15-01-15-18.17.24/content_-7499406587867137679/=FD054B82E6EF6D/%C1.R.sw/%C1.N=00FDDF0FBE0494DBE9
Jan 15, 2015 6:17:35 PM org.ccnx.ccn.io.CCNOutputStream flushToNetwork
INFORMAÇÕES: flush: outputting to the segmenter, baseName /ccnx.org/test/CCNNetworkTestRepo-15-01-15-18.17.24/content_-7499406587867137679/=FD054B82E6EF6D basenameindex =00; 16 bytes written, holding back 16 flushing final blocks? false.
Jan 15, 2015 6:17:35 PM org.ccnx.ccn.io.CCNOutputStream flushToNetwork
INFORMAÇÕES: HEADER: CCNOutputStream: flushToNetwork: new _baseNameIndex 0
Jan 15, 2015 6:17:35 PM org.ccnx.ccn.io.CCNOutputStream flushToNetwork
INFORMAÇÕES: flush: outputting to the segmenter, baseName /ccnx.org/test/CCNNetworkTestRepo-15-01-15-18.17.24/content_-7499406587867137679/=FD054B82E6EF6D basenameindex =00; 16 bytes written, holding back 0 flushing final blocks? true.
Jan 15, 2015 6:17:35 PM org.ccnx.ccn.io.CCNOutputStream flushToNetwork
INFORMAÇÕES: HEADER: CCNOutputStream: flushToNetwork: new _baseNameIndex 1
Jan 15, 2015 6:17:35 PM org.ccnx.ccn.io.CCNOutputStream close
INFORMAÇÕES: CCNOutputStream close: /ccnx.org/test/CCNNetworkTestRepo-15-01-15-18.17.24/content_-7499406587867137679/=FD054B82E6EF6D
Jan 15, 2015 6:17:35 PM org.ccnx.ccn.impl.CCNNetworkTestRepo testObjectIOLoop
INFORMAÇÕES: Completed testObjectIOLoop
Jan 15, 2015 6:17:35 PM org.ccnx.ccn.impl.CCNNetworkTestRepo testBadCallback
INFORMAÇÕES: Starting testBadCallback
Jan 15, 2015 6:17:35 PM org.ccnx.ccn.impl.CCNNetworkManager run
INFORMAÇÕES: NetworkManager 2: CCNNetworkManager processing thread started for port: 63000
Jan 15, 2015 6:17:37 PM org.ccnx.ccn.impl.CCNNetworkManager run
INFORMAÇÕES: NetworkManager 3: CCNNetworkManager processing thread started for port: 63000
Jan 15, 2015 6:17:37 PM org.ccnx.ccn.io.content.CCNNetworkObject createFlowController
INFORMAÇÕES: Created REPOSITORY flow controller, for prefix /ccnx.org/test/CCNNetworkTestRepo-15-01-15-18.17.24/networkTestRepo/bogus, save type REPOSITORY
Jan 15, 2015 6:17:37 PM org.ccnx.ccn.impl.CCNFlowControl addNameSpace
INFORMAÇÕES: Flow controller addNameSpace: added namespace: /ccnx.org/test/CCNNetworkTestRepo-15-01-15-18.17.24/networkTestRepo/bogus
Jan 15, 2015 6:17:37 PM org.ccnx.ccn.impl.security.keys.BasicKeyManager getKeyLocator
INFORMAÇÕES: getKeyLocator: returning locator NAME: /ccnx.org/Users/root/Keys/%C1.M.K=009234ADEC47D19E3E6A2AF362D44E09AB6B71F43B1900BA0622FB45F2A5B7D9F6/=FD054AE7DE1000 KEY:-reba89rgbj1o6ata34t5eovcl4kho5s9pnv8nstq15q1ld4g9ga for key kjSt7EfRnj5qKvNi1E4Jq2tx9DsZALoGIvtF8qW32fY=
Jan 15, 2015 6:17:37 PM org.ccnx.ccn.io.CCNAbstractOutputStream <init>
INFORMAÇÕES: CCNAbstractOutputStream: /ccnx.org/test/CCNNetworkTestRepo-15-01-15-18.17.24/networkTestRepo/bogus/=FD054B82E7113F blocksize is 4096
Jan 15, 2015 6:17:37 PM org.ccnx.ccn.io.CCNAbstractOutputStream startWrite
INFORMAÇÕES: CCNAbstractOutputStream: startWrite -- searching for keys.
Jan 15, 2015 6:17:37 PM org.ccnx.ccn.profiles.security.access.AccessControlManager keysForOutput
INFORMAÇÕES: keysForOutput: found an acm: (null)
Jan 15, 2015 6:17:37 PM org.ccnx.ccn.impl.repo.RepositoryFlowControl startWrite
INFORMAÇÕES: RepositoryFlowControl.startWrite called for name /ccnx.org/test/CCNNetworkTestRepo-15-01-15-18.17.24/networkTestRepo/bogus/=FD054B82E7113F, shape STREAM
Jan 15, 2015 6:17:38 PM org.ccnx.ccn.impl.support.Log logStackTrace
GRAVE: java.lang.Throwable: Testing handler dump - this is expected
	at java.lang.Object.wait(Native Method)
	at java.lang.Object.wait(Object.java:503)
	at org.ccnx.ccn.impl.support.ConcurrencyUtils$Waiter.wait(ConcurrencyUtils.java:67)
	at org.ccnx.ccn.impl.repo.RepositoryFlowControl.startWrite(RepositoryFlowControl.java:220)
	at org.ccnx.ccn.io.CCNOutputStream.startWrite(CCNOutputStream.java:239)
	at org.ccnx.ccn.io.CCNOutputStream.<init>(CCNOutputStream.java:233)
	at org.ccnx.ccn.io.CCNOutputStream.<init>(CCNOutputStream.java:200)
	at org.ccnx.ccn.io.CCNVersionedOutputStream.<init>(CCNVersionedOutputStream.java:145)
	at org.ccnx.ccn.io.content.CCNNetworkObject.saveInternal(CCNNetworkObject.java:1014)
	at org.ccnx.ccn.io.content.CCNNetworkObject.save(CCNNetworkObject.java:894)
	at org.ccnx.ccn.impl.CCNNetworkTestRepo$BogusFilterListener.handleInterest(CCNNetworkTestRepo.java:132)
	at org.ccnx.ccn.AssertionCCNHandle$AssertionInterestHandler.handleInterest(AssertionCCNHandle.java:216)
	at org.ccnx.ccn.impl.CCNNetworkManager$Filter.deliver(CCNNetworkManager.java:521)
	at org.ccnx.ccn.impl.CCNNetworkManager.deliverInterest(CCNNetworkManager.java:1289)
	at org.ccnx.ccn.impl.CCNNetworkManager.run(CCNNetworkManager.java:1256)
	at java.lang.Thread.run(Thread.java:745)

Jan 15, 2015 6:17:49 PM org.ccnx.ccn.impl.support.Log logStackTrace
GRAVE: java.lang.Throwable: Handler took too long to return - stack trace follows
	at java.lang.Object.wait(Native Method)
	at java.lang.Object.wait(Object.java:503)
	at org.ccnx.ccn.impl.support.ConcurrencyUtils$Waiter.wait(ConcurrencyUtils.java:67)
	at org.ccnx.ccn.impl.repo.RepositoryFlowControl.startWrite(RepositoryFlowControl.java:220)
	at org.ccnx.ccn.io.CCNOutputStream.startWrite(CCNOutputStream.java:239)
	at org.ccnx.ccn.io.CCNOutputStream.<init>(CCNOutputStream.java:233)
	at org.ccnx.ccn.io.CCNOutputStream.<init>(CCNOutputStream.java:200)
	at org.ccnx.ccn.io.CCNVersionedOutputStream.<init>(CCNVersionedOutputStream.java:145)
	at org.ccnx.ccn.io.content.CCNNetworkObject.saveInternal(CCNNetworkObject.java:1014)
	at org.ccnx.ccn.io.content.CCNNetworkObject.save(CCNNetworkObject.java:894)
	at org.ccnx.ccn.impl.CCNNetworkTestRepo$BogusFilterListener.handleInterest(CCNNetworkTestRepo.java:132)
	at org.ccnx.ccn.AssertionCCNHandle$AssertionInterestHandler.handleInterest(AssertionCCNHandle.java:216)
	at org.ccnx.ccn.impl.CCNNetworkManager$Filter.deliver(CCNNetworkManager.java:521)
	at org.ccnx.ccn.impl.CCNNetworkManager.deliverInterest(CCNNetworkManager.java:1289)
	at org.ccnx.ccn.impl.CCNNetworkManager.run(CCNNetworkManager.java:1256)
	at java.lang.Thread.run(Thread.java:745)

Jan 15, 2015 6:17:49 PM org.ccnx.ccn.impl.repo.RepositoryFlowControl startWrite
ADVERTÊNCIA: class java.lang.InterruptedException : null
Jan 15, 2015 6:17:49 PM org.ccnx.ccn.impl.repo.RepositoryFlowControl startWrite
ADVERTÊNCIA: No response from a repository, cannot add name space : /ccnx.org/test/CCNNetworkTestRepo-15-01-15-18.17.24/networkTestRepo/bogus/=FD054B82E7113F
Jan 15, 2015 6:17:49 PM org.ccnx.ccn.impl.repo.RepositoryFlowControl handleContent
INFORMAÇÕES: handleContent: got potential repo message: /ccnx.org/test/CCNNetworkTestRepo-15-01-15-18.17.24/networkTestRepo/bogus/=FD054B82E7113F/%C1.R.sw/%C1.N=00A7F76AC31A9515D9
Jan 15, 2015 6:17:49 PM org.ccnx.ccn.io.content.CCNNetworkObject createFlowController
INFORMAÇÕES: Created REPOSITORY flow controller, for prefix /ccnx.org/test/CCNNetworkTestRepo-15-01-15-18.17.24/networkTestRepo/bogus, save type REPOSITORY
Jan 15, 2015 6:17:49 PM org.ccnx.ccn.impl.CCNFlowControl addNameSpace
INFORMAÇÕES: Flow controller addNameSpace: added namespace: /ccnx.org/test/CCNNetworkTestRepo-15-01-15-18.17.24/networkTestRepo/bogus
Jan 15, 2015 6:17:49 PM org.ccnx.ccn.impl.security.keys.BasicKeyManager getKeyLocator
INFORMAÇÕES: getKeyLocator: returning locator NAME: /ccnx.org/Users/root/Keys/%C1.M.K=009234ADEC47D19E3E6A2AF362D44E09AB6B71F43B1900BA0622FB45F2A5B7D9F6/=FD054AE7DE1000 KEY:-reba89rgbj1o6ata34t5eovcl4kho5s9pnv8nstq15q1ld4g9ga for key kjSt7EfRnj5qKvNi1E4Jq2tx9DsZALoGIvtF8qW32fY=
Jan 15, 2015 6:17:49 PM org.ccnx.ccn.io.CCNAbstractOutputStream <init>
INFORMAÇÕES: CCNAbstractOutputStream: /ccnx.org/test/CCNNetworkTestRepo-15-01-15-18.17.24/networkTestRepo/bogus/=FD054B82E7D117 blocksize is 4096
Jan 15, 2015 6:17:49 PM org.ccnx.ccn.io.CCNAbstractOutputStream startWrite
INFORMAÇÕES: CCNAbstractOutputStream: startWrite -- searching for keys.
Jan 15, 2015 6:17:49 PM org.ccnx.ccn.profiles.security.access.AccessControlManager keysForOutput
INFORMAÇÕES: keysForOutput: found an acm: (null)
Jan 15, 2015 6:17:49 PM org.ccnx.ccn.impl.repo.RepositoryFlowControl startWrite
INFORMAÇÕES: RepositoryFlowControl.startWrite called for name /ccnx.org/test/CCNNetworkTestRepo-15-01-15-18.17.24/networkTestRepo/bogus/=FD054B82E7D117, shape STREAM
Jan 15, 2015 6:17:50 PM org.ccnx.ccn.impl.CCNNetworkTestRepo testBadCallback
INFORMAÇÕES: Completed testBadCallback
Jan 15, 2015 6:17:50 PM org.ccnx.ccn.impl.CCNNetworkManager shutdown
INFORMAÇÕES: NetworkManager 2: Shutdown requested
Jan 15, 2015 6:17:50 PM org.ccnx.ccn.impl.repo.RepositoryFlowControl startWrite
ADVERTÊNCIA: class java.lang.InterruptedException : null
Jan 15, 2015 6:17:50 PM org.ccnx.ccn.impl.CCNNetworkChannel close
INFORMAÇÕES: NetworkChannel 2: close(false)
Jan 15, 2015 6:17:50 PM org.ccnx.ccn.impl.repo.RepositoryFlowControl startWrite
ADVERTÊNCIA: No response from a repository, cannot add name space : /ccnx.org/test/CCNNetworkTestRepo-15-01-15-18.17.24/networkTestRepo/bogus/=FD054B82E7D117
Jan 15, 2015 6:17:50 PM org.ccnx.ccn.impl.CCNNetworkManager run
INFORMAÇÕES: NetworkManager 2: Shutdown complete for port: 63000
Jan 15, 2015 6:17:50 PM org.ccnx.ccn.impl.CCNNetworkManager shutdown
INFORMAÇÕES: NetworkManager 3: Shutdown requested
Jan 15, 2015 6:17:50 PM org.ccnx.ccn.impl.CCNNetworkManager run
INFORMAÇÕES: NetworkManager 3: Shutdown complete for port: 63000
Jan 15, 2015 6:17:50 PM org.ccnx.ccn.impl.CCNNetworkChannel close
INFORMAÇÕES: NetworkChannel 3: close(false)
Jan 15, 2015 6:17:50 PM org.ccnx.ccn.impl.CCNNetworkManager shutdown
INFORMAÇÕES: NetworkManager 1: Shutdown requested
Jan 15, 2015 6:17:50 PM org.ccnx.ccn.impl.CCNNetworkManager run
INFORMAÇÕES: NetworkManager 1: Shutdown complete for port: 63000
Jan 15, 2015 6:17:50 PM org.ccnx.ccn.impl.CCNNetworkChannel close
INFORMAÇÕES: NetworkChannel 1: close(false)
Jan 15, 2015 6:17:50 PM org.ccnx.ccn.impl.security.keys.BasicKeyManager saveSecureKeyCache
INFORMAÇÕES: Not saving key manager secure key cache data in response to user configuration variable.
]]></system-err>
</testsuite>
