<?xml version="1.0" encoding="UTF-8" ?>
<testsuite errors="0" failures="0" hostname="barbara-Notebook" name="org.ccnx.ccn.io.content.WrappedKeyTest" skipped="0" tests="4" time="1.141" timestamp="2015-01-15T21:24:32">
  <properties>
[...]
</properties>
  <testcase classname="org.ccnx.ccn.io.content.WrappedKeyTest" name="testDecodeInputStream" time="0.389" />
  <testcase classname="org.ccnx.ccn.io.content.WrappedKeyTest" name="testWrapUnwrapKey" time="0.091" />
  <testcase classname="org.ccnx.ccn.io.content.WrappedKeyTest" name="testWrappedKeyByteArrayStringStringStringByteArrayByteArray" time="0.003" />
  <testcase classname="org.ccnx.ccn.io.content.WrappedKeyTest" name="testWrappedKeyObject" time="0.649" />
  <system-out><![CDATA[Encoding WrappedKey(dummy)(Text):
Encoded WrappedKey(dummy): 
<?xml version='1.0' encoding='UTF-8' standalone='yes' ?>
<WrappedKey xmlns:ccn="http://www.parc.com/ccn">
  <WrappingKeyIdentifier>1eSnGSYmhL40pt47jAuGmbooxcPImifdsFNEUucY0vU=</WrappingKeyIdentifier>
  <EncryptedKey>ttmKhEyIK9tQTc9K3pZF6Uo4RVJH612q0zy+DCVNlD2qc6FZpYG2jr/6EDWiuMMpQ2jhSA1qdx+BvsomrNpKFg==</EncryptedKey>
</WrappedKey>
Decoding WrappedKey(dummy): 
Decoded WrappedKey(dummy): WrappedKey: wrapping key ID: d5e4a719262684be34a6de3b8c0b8699ba28c5c3c89a27ddb0534452e718d2f5 wrapping key name: null wrap algorithm: null key algorithm: null label: null has nonce key? false
Encoding WrappedKey(dummy)(Binary):
Encoded WrappedKey(dummy): 
�����&&��4��;����(��Ț'ݰSDR������ي�L�+�PM�JޖE�J8ERG�]��<�%M�=�s�Y������5���)Ch�Hjw���&��J
Decoding WrappedKey(dummy): 
Decoded WrappedKey(dummy): WrappedKey: wrapping key ID: d5e4a719262684be34a6de3b8c0b8699ba28c5c3c89a27ddb0534452e718d2f5 wrapping key name: null wrap algorithm: null key algorithm: null label: null has nonce key? false
Encoding WrappedKey(symmetric, real)(Text):
Encoded WrappedKey(symmetric, real): 
<?xml version='1.0' encoding='UTF-8' standalone='yes' ?>
<WrappedKey xmlns:ccn="http://www.parc.com/ccn">
  <KeyAlgorithm>AES</KeyAlgorithm>
  <Label>FileEncryptionKeys</Label>
  <EncryptedKey>O3CoGvSlEX6HMyqPOeyR7qhj1ZV/XB7C</EncryptedKey>
</WrappedKey>
Decoding WrappedKey(symmetric, real): 
Decoded WrappedKey(symmetric, real): WrappedKey: wrapping key ID: <empty> wrapping key name: null wrap algorithm: null key algorithm: AES label: FileEncryptionKeys has nonce key? false
Encoding WrappedKey(symmetric, real)(Binary):
Encoded WrappedKey(symmetric, real): 
���AES��FileEncryptionKeys��;p���~�3*�9��cՕ\�
Decoding WrappedKey(symmetric, real): 
Decoded WrappedKey(symmetric, real): WrappedKey: wrapping key ID: <empty> wrapping key name: null wrap algorithm: null key algorithm: AES label: FileEncryptionKeys has nonce key? false
Encoding WrappedKey(assymmetric wrap symmetric, with id and name)(Text):
Encoded WrappedKey(assymmetric wrap symmetric, with id and name): 
<?xml version='1.0' encoding='UTF-8' standalone='yes' ?>
<WrappedKey xmlns:ccn="http://www.parc.com/ccn">
  <WrappingKeyIdentifier>1eSnGSYmhL40pt47jAuGmbooxcPImifdsFNEUucY0vU=</WrappingKeyIdentifier>
  <WrappingKeyName>
    <Component>cGFyYw==</Component>
    <Component>VXNlcnM=</Component>
    <Component>YnJpZ2dz</Component>
    <Component>S0VZ</Component>
    <Component>/QVLgwEJHw==</Component>
  </WrappingKeyName>
  <KeyAlgorithm>2.16.840.1.101.3.4.1.2</KeyAlgorithm>
  <Label>FileEncryptionKeys</Label>
  <EncryptedKey>BufnW2+9TveD4EEE5BlWX15cjGU1H63jVnaIgQZyHNWZsNqTV4lHME1jTxh+isk1mkBY6nfg443/bOjbmlhu9RCfKsItvoJzLoXI/8kQ8djRz1RQW9bLgvaJVKWc7l/nfgzTFBvgurlXw51aIGIRL7bOw3LNXxEYCrAe9pGjYe8=</EncryptedKey>
</WrappedKey>
Decoding WrappedKey(assymmetric wrap symmetric, with id and name): 
Decoded WrappedKey(assymmetric wrap symmetric, with id and name): WrappedKey: wrapping key ID: d5e4a719262684be34a6de3b8c0b8699ba28c5c3c89a27ddb0534452e718d2f5 wrapping key name: /parc/Users/briggs/KEY/=FD054B8301091F wrap algorithm: null key algorithm: 2.16.840.1.101.3.4.1.2 label: FileEncryptionKeys has nonce key? false
Encoding WrappedKey(assymmetric wrap symmetric, with id and name)(Binary):
Encoded WrappedKey(assymmetric wrap symmetric, with id and name): 
�����&&��4��;����(��Ț'ݰSDR�����parc�Users�briggs�KEY��K�	��2.16.840.1.101.3.4.1.2��FileEncryptionKeys����[o�N���A�V_^\�e5��Vv��rՙ�ړW�G0McO~��5�@X�w���l�ۚXn��*�-��s.��������TP[�˂��T���_�~�ູWÝZ b/���r�_
����a�
Decoding WrappedKey(assymmetric wrap symmetric, with id and name): 
Decoded WrappedKey(assymmetric wrap symmetric, with id and name): WrappedKey: wrapping key ID: d5e4a719262684be34a6de3b8c0b8699ba28c5c3c89a27ddb0534452e718d2f5 wrapping key name: /parc/Users/briggs/KEY/=FD054B8301091F wrap algorithm: null key algorithm: 2.16.840.1.101.3.4.1.2 label: FileEncryptionKeys has nonce key? false
Encoding WrappedKey(full)(Text):
Encoded WrappedKey(full): 
<?xml version='1.0' encoding='UTF-8' standalone='yes' ?>
<WrappedKey xmlns:ccn="http://www.parc.com/ccn">
  <WrappingKeyIdentifier>1eSnGSYmhL40pt47jAuGmbooxcPImifdsFNEUucY0vU=</WrappingKeyIdentifier>
  <WrapAlgorithm>RSA/NONE/OAEPWithSHA256AndMGF1Padding</WrapAlgorithm>
  <KeyAlgorithm>AES</KeyAlgorithm>
  <Label>FileEncryptionKeys</Label>
  <EncryptedKey>fSSMH19lKsOEt0yvTgWuKaqJnnRHs5fFLSXLKWK7lvfOg48qCvtwqA4fwYxW/cf3EOt72N+2QrFLttkSVy9pgwVkuxUxsTJO9qs4prVbESCTIVFlj4UqfcdmwIv2a4s4G5zT0JDGyhsobjqPFbiaR7zTHVzDS7HPYvh2BO2qUOo=</EncryptedKey>
</WrappedKey>
Decoding WrappedKey(full): 
Decoded WrappedKey(full): WrappedKey: wrapping key ID: d5e4a719262684be34a6de3b8c0b8699ba28c5c3c89a27ddb0534452e718d2f5 wrapping key name: null wrap algorithm: RSA/NONE/OAEPWithSHA256AndMGF1Padding key algorithm: AES label: FileEncryptionKeys has nonce key? false
Encoding WrappedKey(full)(Binary):
Encoded WrappedKey(full): 
�����&&��4��;����(��Ț'ݰSDR�����RSA/NONE/OAEPWithSHA256AndMGF1Padding��AES��FileEncryptionKeys��}$�_e*Ä�L�N�)���tG���-%�)b���΃�*
�p���V����{�߶B�K��W/i�d�1�2N��8��[ �!Qe��*}�f���k�8��А��(n:���G��\�K��b�v�P�
Decoding WrappedKey(full): 
Decoded WrappedKey(full): WrappedKey: wrapping key ID: d5e4a719262684be34a6de3b8c0b8699ba28c5c3c89a27ddb0534452e718d2f5 wrapping key name: null wrap algorithm: RSA/NONE/OAEPWithSHA256AndMGF1Padding key algorithm: AES label: FileEncryptionKeys has nonce key? false
]]></system-out>
  <system-err><![CDATA[]]></system-err>
</testsuite>
