<?xml version="1.0" encoding="UTF-8" ?>
<testsuite errors="0" failures="0" hostname="barbara-Notebook" name="org.ccnx.ccn.protocol.ContentNameTest" skipped="0" tests="16" time="2.125" timestamp="2015-01-15T21:14:17">
  <properties>
[...]
</properties>
  <testcase classname="org.ccnx.ccn.protocol.ContentNameTest" name="testContentNameString" time="0.007" />
  <testcase classname="org.ccnx.ccn.protocol.ContentNameTest" name="testPostfix" time="0.004" />
  <testcase classname="org.ccnx.ccn.protocol.ContentNameTest" name="testNameManipulation" time="0.007" />
  <testcase classname="org.ccnx.ccn.protocol.ContentNameTest" name="testContentNameStringException" time="0.005" />
  <testcase classname="org.ccnx.ccn.protocol.ContentNameTest" name="testContentNameStringArray" time="0.004" />
  <testcase classname="org.ccnx.ccn.protocol.ContentNameTest" name="testEncoding" time="0.004" />
  <testcase classname="org.ccnx.ccn.protocol.ContentNameTest" name="testContentNameByteArrayArray" time="0.004" />
  <testcase classname="org.ccnx.ccn.protocol.ContentNameTest" name="testMultilevelString" time="0.004" />
  <testcase classname="org.ccnx.ccn.protocol.ContentNameTest" name="testInvalidContentNameByteArrayArray" time="0.005" />
  <testcase classname="org.ccnx.ccn.protocol.ContentNameTest" name="testParent" time="0.004" />
  <testcase classname="org.ccnx.ccn.protocol.ContentNameTest" name="testEncodeOutputStream" time="0.012" />
  <testcase classname="org.ccnx.ccn.protocol.ContentNameTest" name="testDecodeInputStream" time="0.007" />
  <testcase classname="org.ccnx.ccn.protocol.ContentNameTest" name="testEncodingDecoding" time="0.019" />
  <testcase classname="org.ccnx.ccn.protocol.ContentNameTest" name="testRelations" time="0.004" />
  <testcase classname="org.ccnx.ccn.protocol.ContentNameTest" name="testContentNameParsePerformance" time="1.011" />
  <testcase classname="org.ccnx.ccn.protocol.ContentNameTest" name="testContentNamePrintPerformance" time="1.013" />
  <system-out><![CDATA[ContentName: parsing name string "/test/briggs/test.txt"
Name: /test/briggs/test.txt
Name (native): /test/briggs/test.txt
ContentName: parsing name string "/"
Name: /
ContentName: parsing name string "/"
Name: /
ContentName: parsing name string "ccnx:/test/briggs/test.txt"
Name: /test/briggs/test.txt
ContentName: parsing name string "ccnx:/.../.%2e./...././.....///?..."
Name: /.../.../..../.....
ContentName: testing empty name round trip: /
ContentName: testing empty name round trip: /
ContentName: parsing illegal name string "expectingAnException"
Exception expected msg: ContentName strings must begin with / or ccnx:/
ContentName: parsing illegal name string "ccnx:a/relative/name"
Exception expected msg: ContentName strings must begin with / or ccnx:/
ContentName: parsing illegal name string "relative/no/scheme"
Exception expected msg: ContentName strings must begin with / or ccnx:/
ContentName: parsing illegal name string "ccnx:/a/b/c/../../../.."
Exception expected msg: ContentName string contains too many .. components: /a/b/c/../../../..
ContentName: parsing illegal name string "/a/short/percent/%e"
Exception expected msg: malformed %xy byte representation: too short at index 0: %e
ContentName: parsing illegal name string "/a/bogus/%AQE/hex/value"
Exception expected msg: malformed %xy byte representation: not legal hex number: %AQ at index 0: %AQE
ContentName: parsing illegal name string "/try/negative/%-A3/value"
Exception expected msg: malformed %xy byte representation: not legal hex number: %-A at index 0: %-A3
ContentName: comparing parsed "/briggs" and "/%62%72%69%67%67%73"
Creating name from byte arrays.
Name: /test/briggs/test.txt
Name 2: /test/briggs/test.txt/=0102030405060708090A0B0C0D0E0F1F1B1C1D1E1F2E3C4A5C6D7E0F
Child is (URI): /test/briggs/test.txt
Child is (native, one additional comp): /test/briggs/test.txt
Child is (native): /test/briggs/test.txt/test2.txt
Child2 is (native): /test/briggs/test.txt/test2.txt
Creating name from byte arrays with invalid values.
Name: /test/briggs/test.txt
Name 2: /test/briggs/test.txt/=01000080BCC08AF5F9FCFEFF
Name with invalid component 0: /test/briggs/test.txt/=010000
Name with invalid component 1: /test/briggs/test.txt/=80BC
Name with invalid component 2: /test/briggs/test.txt/=C08A
Name with invalid component 3: /test/briggs/test.txt/=F5F9FC
Name with invalid component 4: /test/briggs/test.txt/=FEFF
Name with invalid component 5: /test/briggs/test.txt/=E08EB7
Name: /test/briggs/test.txt/=0102030405060708090A0B0C0D0E0F1F1B1C1D1E1F2E3C4A5C6D7E0F
Parent: /test/briggs/test.txt
Grandparent: /test/briggs
Encoding name: /test/briggs/test.txt/=0102030405060708090A0B0C0D0E0F1F1B1C1D1E1F2E3C4A5C6D7E0F
Encoded name: 
��test�briggs��test.txt��	
.<J\m~
Encoding name: /test/briggs/test.txt/=0102030405060708090A0B0C0D0E0F1F1B1C1D1E1F2E3C4A5C6D7E0F
Encoded name: 
��test�briggs��test.txt��	
.<J\m~
Decoding name: 
Decoded name: /test/briggs/test.txt/=0102030405060708090A0B0C0D0E0F1F1B1C1D1E1F2E3C4A5C6D7E0F
Encoding name: /test/briggs/test.txt/=0102030405060708090A0B0C0D0E0F1F1B1C1D1E1F2E3C4A5C6D7E0F
Encoding ContentName(Text):
Encoded ContentName: 
<?xml version='1.0' encoding='UTF-8' standalone='yes' ?>
<Name xmlns:ccn="http://www.parc.com/ccn">
  <Component>dGVzdA==</Component>
  <Component>YnJpZ2dz</Component>
  <Component>dGVzdC50eHQ=</Component>
  <Component>AQIDBAUGBwgJCgsMDQ4PHxscHR4fLjxKXG1+Dw==</Component>
</Name>
Decoding ContentName: 
Decoded ContentName: /test/briggs/test.txt/=0102030405060708090A0B0C0D0E0F1F1B1C1D1E1F2E3C4A5C6D7E0F
Encoding ContentName(Binary):
Encoded ContentName: 
��test�briggs��test.txt��	
.<J\m~
Decoding ContentName: 
Decoded ContentName: /test/briggs/test.txt/=0102030405060708090A0B0C0D0E0F1F1B1C1D1E1F2E3C4A5C6D7E0F
Executed 390000 ContentName.fromURI in 1008 ms; 386904/s
Testing with /test/%C1.w%00A=8CB4428D0AAC8E148C0788E4E23D6E/=230019/%C1.v%00t=DFF633/=FE23/%C1.M.K=001E90EA68E9FBAEA39E174620CFABA029E9DEFA5ADC41FB5AF5DDF541D2D79FD1/=FD04CBF571527B/=00
Executed 470000 ContentName.toString() in 1009 ms; 465807/s
]]></system-out>
  <system-err><![CDATA[]]></system-err>
</testsuite>
