<?xml version="1.0" encoding="UTF-8" ?>
<testsuite errors="0" failures="0" hostname="barbara-Notebook" name="org.ccnx.ccn.endtoend.EndToEndTestSink" skipped="0" tests="1" time="6.929" timestamp="2015-01-15T21:26:22">
  <properties>
[...]
</properties>
  <testcase classname="org.ccnx.ccn.endtoend.EndToEndTestSink" name="sink" time="6.159" />
  <system-out><![CDATA[Writing log records to /home/barbara/jaime/ccnx-0.8.1/javasrc/testout/log/ccn_15-01-15-182622-6251.log
]]></system-out>
  <system-err><![CDATA[Jan 15, 2015 6:26:22 PM org.ccnx.ccn.impl.security.keys.BasicKeyManager loadKeyStore
INFORMAÇÕES: Loading CCN key store from /root/.ccnx/.ccnx_keystore...last modified 1420721633000(ms).
Jan 15, 2015 6:26:22 PM org.ccnx.ccn.impl.security.keys.BasicKeyManager readKeyStore
INFORMAÇÕES: Loading CCN key store...
Jan 15, 2015 6:26:22 PM org.ccnx.ccn.impl.security.keys.BasicKeyManager loadKeyStore
INFORMAÇÕES: Loaded CCN key store from /root/.ccnx/.ccnx_keystore...version 2015-01-08 09:53:53.0 ms: 1420721633000
Jan 15, 2015 6:26:22 PM org.ccnx.ccn.impl.security.keys.BasicKeyManager loadValuesFromKeystore
INFORMAÇÕES: Loading key store file:/root/.ccnx/.ccnx_keystore version 2015-01-08 09:53:53.0 version component =FD054AE7DE1000 millis 1420721633000
Jan 15, 2015 6:26:22 PM org.ccnx.ccn.impl.security.keys.BasicKeyManager loadValuesFromKeystore
INFORMAÇÕES: Default key ID for user root: kjSt7EfRnj5qKvNi1E4Jq2tx9DsZALoGIvtF8qW32fY=
Jan 15, 2015 6:26:22 PM org.ccnx.ccn.impl.security.keys.SecureKeyCache loadKeyStore
INFORMAÇÕES: KeyCache: loading signing key kjSt7EfRnj5qKvNi1E4Jq2tx9DsZALoGIvtF8qW32fY=, remembering public key in public key cache.
Jan 15, 2015 6:26:22 PM org.ccnx.ccn.impl.security.keys.SecureKeyCache addMySigningKey
INFORMAÇÕES: SecureKeyCache: adding my private key 9234adec47d19e3e6a2af362d44e09ab6b71f43b1900ba0622fb45f2a5b7d9f6
Jan 15, 2015 6:26:22 PM org.ccnx.ccn.impl.security.keys.BasicKeyManager loadValuesFromConfiguration
INFORMAÇÕES: Not loading key manager configuration data in response to user configuration variable.
Jan 15, 2015 6:26:22 PM org.ccnx.ccn.impl.CCNNetworkManager <init>
ADVERTÊNCIA: NetworkManager 1: Non-standard CCN agent port 63000 per property ccn.agent.port
Jan 15, 2015 6:26:22 PM org.ccnx.ccn.impl.CCNNetworkManager <init>
INFORMAÇÕES: NetworkManager 1: Contacting CCN agent at localhost:63000
Jan 15, 2015 6:26:22 PM org.ccnx.ccn.impl.CCNNetworkChannel <init>
INFORMAÇÕES: NetworkChannel 1: Starting up CCNNetworkChannel using TCP.
Jan 15, 2015 6:26:22 PM org.ccnx.ccn.impl.CCNNetworkChannel open
INFORMAÇÕES: NetworkChannel 1: open()
Jan 15, 2015 6:26:22 PM org.ccnx.ccn.impl.CCNNetworkChannel open
INFORMAÇÕES: NetworkChannel 1: Contacting CCN agent at localhost:63000 on local port 40797
Jan 15, 2015 6:26:22 PM org.ccnx.ccn.CCNHandle <init>
INFORMAÇÕES: CCNHandle 1: Handle is now open
Jan 15, 2015 6:26:22 PM org.ccnx.ccn.impl.CCNNetworkManager run
INFORMAÇÕES: NetworkManager 1: CCNNetworkManager processing thread started for port: 63000
Jan 15, 2015 6:26:22 PM org.ccnx.ccn.impl.security.keys.PublicKeyCache getPublicKeyObject
INFORMAÇÕES: Retrieved key 1jYqtWb54a3hYuudALlY+uWoa+H6XEFakodAe1T6/ws= using locator NAME: /%C1.M.S.localhost/%C1.M.SRV/ccnd/KEY/%C1.M.K=00D6362AB566F9E1ADE162EB9D00B958FAE5A86BE1FA5C415A9287407B54FAFF0B/=FD054B82D339C9.
Jan 15, 2015 6:26:22 PM org.ccnx.ccn.impl.security.keys.PublicKeyCache getPublicKeyObject
INFORMAÇÕES: Retrieved key 1jYqtWb54a3hYuudALlY+uWoa+H6XEFakodAe1T6/ws= using locator NAME: /%C1.M.S.localhost/%C1.M.SRV/ccnd/KEY/%C1.M.K=00D6362AB566F9E1ADE162EB9D00B958FAE5A86BE1FA5C415A9287407B54FAFF0B/=FD054B82D339C9 - got /%C1.M.S.localhost/%C1.M.SRV/ccnd/KEY/%C1.M.K=00D6362AB566F9E1ADE162EB9D00B958FAE5A86BE1FA5C415A9287407B54FAFF0B/=FD054B82D339C9/=00
Jan 15, 2015 6:26:22 PM org.ccnx.ccn.io.CCNAbstractInputStream <init>
INFORMAÇÕES: CCNAbstractInputStream: /%C1.M.S.localhost/%C1.M.SRV/ccnd/KEY/%C1.M.K=00D6362AB566F9E1ADE162EB9D00B958FAE5A86BE1FA5C415A9287407B54FAFF0B/=FD054B82D339C9 segment 0
Jan 15, 2015 6:26:22 PM org.ccnx.ccn.impl.security.keys.PublicKeyCache getPublicKeyObject
INFORMAÇÕES: Retrieved public key using name: /%C1.M.S.localhost/%C1.M.SRV/ccnd/KEY/%C1.M.K=00D6362AB566F9E1ADE162EB9D00B958FAE5A86BE1FA5C415A9287407B54FAFF0B/=FD054B82D339C9
Jan 15, 2015 6:26:22 PM org.ccnx.ccn.impl.security.keys.PublicKeyCache getPublicKey
INFORMAÇÕES: Retrieved key 1jYqtWb54a3hYuudALlY+uWoa+H6XEFakodAe1T6/ws= from network with locator NAME: /%C1.M.S.localhost/%C1.M.SRV/ccnd/KEY/%C1.M.K=00D6362AB566F9E1ADE162EB9D00B958FAE5A86BE1FA5C415A9287407B54FAFF0B/=FD054B82D339C9!
Jan 15, 2015 6:26:22 PM org.ccnx.ccn.config.PlatformConfiguration <clinit>
INFORMAÇÕES: BC provider: BC
Jan 15, 2015 6:26:22 PM org.ccnx.ccn.config.PlatformConfiguration <clinit>
INFORMAÇÕES: Provider info: BouncyCastle Security Provider v1.43 version: 1.43
Jan 15, 2015 6:26:22 PM org.ccnx.ccn.config.PlatformConfiguration <clinit>
INFORMAÇÕES: java.vm.name = OpenJDK 64-Bit Server VM
Jan 15, 2015 6:26:22 PM org.ccnx.ccn.impl.CCNFlowControl addNameSpace
INFORMAÇÕES: Flow controller addNameSpace: added namespace: /ccnx.org/Users/root/Keys/%C1.M.K=009234ADEC47D19E3E6A2AF362D44E09AB6B71F43B1900BA0622FB45F2A5B7D9F6/=FD054AE7DE1000
Jan 15, 2015 6:26:22 PM org.ccnx.ccn.impl.security.keys.BasicKeyManager getKeyLocator
INFORMAÇÕES: getKeyLocator: returning locator KEY: kjSt7EfRnj5qKvNi1E4Jq2tx9DsZALoGIvtF8qW32fY= for key kjSt7EfRnj5qKvNi1E4Jq2tx9DsZALoGIvtF8qW32fY=
Jan 15, 2015 6:26:22 PM org.ccnx.ccn.KeyManager publishKey
INFORMAÇÕES: publishKey: key not previously published, making new key object /ccnx.org/Users/root/Keys/%C1.M.K=009234ADEC47D19E3E6A2AF362D44E09AB6B71F43B1900BA0622FB45F2A5B7D9F6 with version 2015-01-08 09:53:53.0 displayed as =FD054AE7DE1000
Jan 15, 2015 6:26:22 PM org.ccnx.ccn.io.CCNAbstractOutputStream <init>
INFORMAÇÕES: CCNAbstractOutputStream: /ccnx.org/Users/root/Keys/%C1.M.K=009234ADEC47D19E3E6A2AF362D44E09AB6B71F43B1900BA0622FB45F2A5B7D9F6/=FD054AE7DE1000 blocksize is 4096
Jan 15, 2015 6:26:22 PM org.ccnx.ccn.io.CCNAbstractOutputStream startWrite
INFORMAÇÕES: CCNAbstractOutputStream: startWrite -- searching for keys.
Jan 15, 2015 6:26:22 PM org.ccnx.ccn.profiles.security.access.AccessControlManager keysForOutput
INFORMAÇÕES: keysForOutput: found an acm: (null)
Jan 15, 2015 6:26:22 PM org.ccnx.ccn.io.CCNOutputStream flushToNetwork
INFORMAÇÕES: flush: outputting to the segmenter, baseName /ccnx.org/Users/root/Keys/%C1.M.K=009234ADEC47D19E3E6A2AF362D44E09AB6B71F43B1900BA0622FB45F2A5B7D9F6/=FD054AE7DE1000 basenameindex =00; 162 bytes written, holding back 162 flushing final blocks? false.
Jan 15, 2015 6:26:22 PM org.ccnx.ccn.io.CCNOutputStream flushToNetwork
INFORMAÇÕES: HEADER: CCNOutputStream: flushToNetwork: new _baseNameIndex 0
Jan 15, 2015 6:26:22 PM org.ccnx.ccn.io.CCNOutputStream flushToNetwork
INFORMAÇÕES: flush: outputting to the segmenter, baseName /ccnx.org/Users/root/Keys/%C1.M.K=009234ADEC47D19E3E6A2AF362D44E09AB6B71F43B1900BA0622FB45F2A5B7D9F6/=FD054AE7DE1000 basenameindex =00; 162 bytes written, holding back 0 flushing final blocks? true.
Jan 15, 2015 6:26:22 PM org.ccnx.ccn.io.CCNOutputStream flushToNetwork
INFORMAÇÕES: HEADER: CCNOutputStream: flushToNetwork: new _baseNameIndex 1
Jan 15, 2015 6:26:22 PM org.ccnx.ccn.io.CCNOutputStream close
INFORMAÇÕES: CCNOutputStream close: /ccnx.org/Users/root/Keys/%C1.M.K=009234ADEC47D19E3E6A2AF362D44E09AB6B71F43B1900BA0622FB45F2A5B7D9F6/=FD054AE7DE1000
Jan 15, 2015 6:26:22 PM org.ccnx.ccn.KeyManager publishKey
INFORMAÇÕES: Published key Sun RSA public key, 1024 bits
  modulus: 110921138301212145392004253279917995950258669333863662056871643271976607790547016315269834949391078948318860805625603844022322721344201027571021917379901461301585327002407293702110801478794762434747364279565414349376821790585553127606947398240644540011141381284624017866806283409148649866001587866016004087361
  public exponent: 65537 to name /ccnx.org/Users/root/Keys/%C1.M.K=009234ADEC47D19E3E6A2AF362D44E09AB6B71F43B1900BA0622FB45F2A5B7D9F6/=FD054AE7DE1000 with key locator NAME: /ccnx.org/Users/root/Keys/%C1.M.K=009234ADEC47D19E3E6A2AF362D44E09AB6B71F43B1900BA0622FB45F2A5B7D9F6/=FD054AE7DE1000 KEY:-reba89rgbj1o6ata34t5eovcl4kho5s9pnv8nstq15q1ld4g9ga; ephemeral digest %3Bm=5D5C01199AF461D544DC0F19F884594ED9E8D372EF31DBCF6B5596ADD32F.
Jan 15, 2015 6:26:22 PM org.ccnx.ccn.impl.security.keys.BasicKeyManager publishKey
INFORMAÇÕES: publishKey: published key kjSt7EfRnj5qKvNi1E4Jq2tx9DsZALoGIvtF8qW32fY=
 under specified key name /ccnx.org/Users/root/Keys/%C1.M.K=009234ADEC47D19E3E6A2AF362D44E09AB6B71F43B1900BA0622FB45F2A5B7D9F6/=FD054AE7DE1000
 key locator: NAME: /ccnx.org/Users/root/Keys/%C1.M.K=009234ADEC47D19E3E6A2AF362D44E09AB6B71F43B1900BA0622FB45F2A5B7D9F6/=FD054AE7DE1000 KEY:-reba89rgbj1o6ata34t5eovcl4kho5s9pnv8nstq15q1ld4g9ga
Jan 15, 2015 6:26:22 PM org.ccnx.ccn.impl.security.keys.BasicKeyManager publishKey
INFORMAÇÕES: publishKey: storing key locator kjSt7EfRnj5qKvNi1E4Jq2tx9DsZALoGIvtF8qW32fY= for key NAME: /ccnx.org/Users/root/Keys/%C1.M.K=009234ADEC47D19E3E6A2AF362D44E09AB6B71F43B1900BA0622FB45F2A5B7D9F6/=FD054AE7DE1000 KEY:-reba89rgbj1o6ata34t5eovcl4kho5s9pnv8nstq15q1ld4g9ga
Jan 15, 2015 6:26:22 PM org.ccnx.ccn.impl.CCNNetworkManager <init>
ADVERTÊNCIA: NetworkManager 2: Non-standard CCN agent port 63000 per property ccn.agent.port
Jan 15, 2015 6:26:22 PM org.ccnx.ccn.impl.CCNNetworkManager <init>
INFORMAÇÕES: NetworkManager 2: Contacting CCN agent at localhost:63000
Jan 15, 2015 6:26:22 PM org.ccnx.ccn.impl.CCNNetworkChannel <init>
INFORMAÇÕES: NetworkChannel 2: Starting up CCNNetworkChannel using TCP.
Jan 15, 2015 6:26:22 PM org.ccnx.ccn.impl.CCNNetworkChannel open
INFORMAÇÕES: NetworkChannel 2: open()
Jan 15, 2015 6:26:22 PM org.ccnx.ccn.impl.CCNNetworkChannel open
INFORMAÇÕES: NetworkChannel 2: Contacting CCN agent at localhost:63000 on local port 40799
Jan 15, 2015 6:26:22 PM org.ccnx.ccn.CCNHandle <init>
INFORMAÇÕES: CCNHandle 2: Handle is now open
Jan 15, 2015 6:26:22 PM org.ccnx.ccn.endtoend.EndToEndTestSink sink
INFORMAÇÕES: Starting sink
Jan 15, 2015 6:26:22 PM org.ccnx.ccn.impl.CCNNetworkManager run
INFORMAÇÕES: NetworkManager 2: CCNNetworkManager processing thread started for port: 63000
Jan 15, 2015 6:26:22 PM org.ccnx.ccn.impl.CCNFlowControl <init>
INFORMAÇÕES: adding namespace: /BaseLibraryTest/sync
Jan 15, 2015 6:26:22 PM org.ccnx.ccn.impl.CCNFlowControl addNameSpace
INFORMAÇÕES: addNameSpace: not adding name: /BaseLibraryTest/sync/return/1350 already monitoring prefix: /BaseLibraryTest/sync
Jan 15, 2015 6:26:22 PM org.ccnx.ccn.impl.security.keys.BasicKeyManager getKeyLocator
INFORMAÇÕES: getKeyLocator: returning locator NAME: /ccnx.org/Users/root/Keys/%C1.M.K=009234ADEC47D19E3E6A2AF362D44E09AB6B71F43B1900BA0622FB45F2A5B7D9F6/=FD054AE7DE1000 KEY:-reba89rgbj1o6ata34t5eovcl4kho5s9pnv8nstq15q1ld4g9ga for key kjSt7EfRnj5qKvNi1E4Jq2tx9DsZALoGIvtF8qW32fY=
Jan 15, 2015 6:26:22 PM org.ccnx.ccn.impl.CCNFlowControl addNameSpace
INFORMAÇÕES: addNameSpace: not adding name: /BaseLibraryTest/sync/return/1350 already monitoring prefix: /BaseLibraryTest/sync
Jan 15, 2015 6:26:22 PM org.ccnx.ccn.endtoend.EndToEndTestSink gets
INFORMAÇÕES: Get sequence started
Jan 15, 2015 6:26:22 PM org.ccnx.ccn.endtoend.EndToEndTestSink gets
INFORMAÇÕES: Got 0
Jan 15, 2015 6:26:22 PM org.ccnx.ccn.endtoend.BaseLibrarySink checkGetResults
INFORMAÇÕES: Got result: /BaseLibraryTest/gets/0/=00
Jan 15, 2015 6:26:22 PM org.ccnx.ccn.endtoend.EndToEndTestSink gets
INFORMAÇÕES: Got 1
Jan 15, 2015 6:26:22 PM org.ccnx.ccn.endtoend.BaseLibrarySink checkGetResults
INFORMAÇÕES: Got result: /BaseLibraryTest/gets/1/=00
Jan 15, 2015 6:26:23 PM org.ccnx.ccn.endtoend.EndToEndTestSink gets
INFORMAÇÕES: Got 2
Jan 15, 2015 6:26:23 PM org.ccnx.ccn.endtoend.BaseLibrarySink checkGetResults
INFORMAÇÕES: Got result: /BaseLibraryTest/gets/2/=00
Jan 15, 2015 6:26:23 PM org.ccnx.ccn.endtoend.EndToEndTestSink gets
INFORMAÇÕES: Got 3
Jan 15, 2015 6:26:23 PM org.ccnx.ccn.endtoend.BaseLibrarySink checkGetResults
INFORMAÇÕES: Got result: /BaseLibraryTest/gets/3/=00
Jan 15, 2015 6:26:23 PM org.ccnx.ccn.endtoend.EndToEndTestSink gets
INFORMAÇÕES: Got 4
Jan 15, 2015 6:26:23 PM org.ccnx.ccn.endtoend.BaseLibrarySink checkGetResults
INFORMAÇÕES: Got result: /BaseLibraryTest/gets/4/=00
Jan 15, 2015 6:26:23 PM org.ccnx.ccn.endtoend.EndToEndTestSink gets
INFORMAÇÕES: Got 5
Jan 15, 2015 6:26:23 PM org.ccnx.ccn.endtoend.BaseLibrarySink checkGetResults
INFORMAÇÕES: Got result: /BaseLibraryTest/gets/5/=00
Jan 15, 2015 6:26:23 PM org.ccnx.ccn.endtoend.EndToEndTestSink gets
INFORMAÇÕES: Got 6
Jan 15, 2015 6:26:23 PM org.ccnx.ccn.endtoend.BaseLibrarySink checkGetResults
INFORMAÇÕES: Got result: /BaseLibraryTest/gets/6/=00
Jan 15, 2015 6:26:23 PM org.ccnx.ccn.endtoend.EndToEndTestSink gets
INFORMAÇÕES: Got 7
Jan 15, 2015 6:26:23 PM org.ccnx.ccn.endtoend.BaseLibrarySink checkGetResults
INFORMAÇÕES: Got result: /BaseLibraryTest/gets/7/=00
Jan 15, 2015 6:26:23 PM org.ccnx.ccn.endtoend.EndToEndTestSink gets
INFORMAÇÕES: Got 8
Jan 15, 2015 6:26:23 PM org.ccnx.ccn.endtoend.BaseLibrarySink checkGetResults
INFORMAÇÕES: Got result: /BaseLibraryTest/gets/8/=00
Jan 15, 2015 6:26:23 PM org.ccnx.ccn.endtoend.EndToEndTestSink gets
INFORMAÇÕES: Got 9
Jan 15, 2015 6:26:23 PM org.ccnx.ccn.endtoend.BaseLibrarySink checkGetResults
INFORMAÇÕES: Got result: /BaseLibraryTest/gets/9/=00
Jan 15, 2015 6:26:23 PM org.ccnx.ccn.endtoend.EndToEndTestSink gets
INFORMAÇÕES: Got 10
Jan 15, 2015 6:26:23 PM org.ccnx.ccn.endtoend.BaseLibrarySink checkGetResults
INFORMAÇÕES: Got result: /BaseLibraryTest/gets/10/=00
Jan 15, 2015 6:26:23 PM org.ccnx.ccn.endtoend.EndToEndTestSink gets
INFORMAÇÕES: Got 11
Jan 15, 2015 6:26:23 PM org.ccnx.ccn.endtoend.BaseLibrarySink checkGetResults
INFORMAÇÕES: Got result: /BaseLibraryTest/gets/11/=00
Jan 15, 2015 6:26:23 PM org.ccnx.ccn.endtoend.EndToEndTestSink gets
INFORMAÇÕES: Got 12
Jan 15, 2015 6:26:23 PM org.ccnx.ccn.endtoend.BaseLibrarySink checkGetResults
INFORMAÇÕES: Got result: /BaseLibraryTest/gets/12/=00
Jan 15, 2015 6:26:23 PM org.ccnx.ccn.endtoend.EndToEndTestSink gets
INFORMAÇÕES: Got 13
Jan 15, 2015 6:26:23 PM org.ccnx.ccn.endtoend.BaseLibrarySink checkGetResults
INFORMAÇÕES: Got result: /BaseLibraryTest/gets/13/=00
Jan 15, 2015 6:26:23 PM org.ccnx.ccn.endtoend.EndToEndTestSink gets
INFORMAÇÕES: Got 14
Jan 15, 2015 6:26:23 PM org.ccnx.ccn.endtoend.BaseLibrarySink checkGetResults
INFORMAÇÕES: Got result: /BaseLibraryTest/gets/14/=00
Jan 15, 2015 6:26:23 PM org.ccnx.ccn.endtoend.EndToEndTestSink gets
INFORMAÇÕES: Got 15
Jan 15, 2015 6:26:23 PM org.ccnx.ccn.endtoend.BaseLibrarySink checkGetResults
INFORMAÇÕES: Got result: /BaseLibraryTest/gets/15/=00
Jan 15, 2015 6:26:23 PM org.ccnx.ccn.endtoend.EndToEndTestSink gets
INFORMAÇÕES: Got 16
Jan 15, 2015 6:26:23 PM org.ccnx.ccn.endtoend.BaseLibrarySink checkGetResults
INFORMAÇÕES: Got result: /BaseLibraryTest/gets/16/=00
Jan 15, 2015 6:26:23 PM org.ccnx.ccn.endtoend.EndToEndTestSink gets
INFORMAÇÕES: Got 17
Jan 15, 2015 6:26:23 PM org.ccnx.ccn.endtoend.BaseLibrarySink checkGetResults
INFORMAÇÕES: Got result: /BaseLibraryTest/gets/17/=00
Jan 15, 2015 6:26:23 PM org.ccnx.ccn.endtoend.EndToEndTestSink gets
INFORMAÇÕES: Got 18
Jan 15, 2015 6:26:23 PM org.ccnx.ccn.endtoend.BaseLibrarySink checkGetResults
INFORMAÇÕES: Got result: /BaseLibraryTest/gets/18/=00
Jan 15, 2015 6:26:23 PM org.ccnx.ccn.endtoend.EndToEndTestSink gets
INFORMAÇÕES: Got 19
Jan 15, 2015 6:26:23 PM org.ccnx.ccn.endtoend.BaseLibrarySink checkGetResults
INFORMAÇÕES: Got result: /BaseLibraryTest/gets/19/=00
Jan 15, 2015 6:26:23 PM org.ccnx.ccn.endtoend.EndToEndTestSink gets
INFORMAÇÕES: Got 20
Jan 15, 2015 6:26:23 PM org.ccnx.ccn.endtoend.BaseLibrarySink checkGetResults
INFORMAÇÕES: Got result: /BaseLibraryTest/gets/20/=00
Jan 15, 2015 6:26:23 PM org.ccnx.ccn.endtoend.EndToEndTestSink gets
INFORMAÇÕES: Got 21
Jan 15, 2015 6:26:23 PM org.ccnx.ccn.endtoend.BaseLibrarySink checkGetResults
INFORMAÇÕES: Got result: /BaseLibraryTest/gets/21/=00
Jan 15, 2015 6:26:23 PM org.ccnx.ccn.endtoend.EndToEndTestSink gets
INFORMAÇÕES: Got 22
Jan 15, 2015 6:26:23 PM org.ccnx.ccn.endtoend.BaseLibrarySink checkGetResults
INFORMAÇÕES: Got result: /BaseLibraryTest/gets/22/=00
Jan 15, 2015 6:26:23 PM org.ccnx.ccn.endtoend.EndToEndTestSink gets
INFORMAÇÕES: Got 23
Jan 15, 2015 6:26:23 PM org.ccnx.ccn.endtoend.BaseLibrarySink checkGetResults
INFORMAÇÕES: Got result: /BaseLibraryTest/gets/23/=00
Jan 15, 2015 6:26:23 PM org.ccnx.ccn.endtoend.EndToEndTestSink gets
INFORMAÇÕES: Got 24
Jan 15, 2015 6:26:23 PM org.ccnx.ccn.endtoend.BaseLibrarySink checkGetResults
INFORMAÇÕES: Got result: /BaseLibraryTest/gets/24/=00
Jan 15, 2015 6:26:23 PM org.ccnx.ccn.endtoend.EndToEndTestSink gets
INFORMAÇÕES: Got 25
Jan 15, 2015 6:26:23 PM org.ccnx.ccn.endtoend.BaseLibrarySink checkGetResults
INFORMAÇÕES: Got result: /BaseLibraryTest/gets/25/=00
Jan 15, 2015 6:26:24 PM org.ccnx.ccn.endtoend.EndToEndTestSink gets
INFORMAÇÕES: Got 26
Jan 15, 2015 6:26:24 PM org.ccnx.ccn.endtoend.BaseLibrarySink checkGetResults
INFORMAÇÕES: Got result: /BaseLibraryTest/gets/26/=00
Jan 15, 2015 6:26:24 PM org.ccnx.ccn.endtoend.EndToEndTestSink gets
INFORMAÇÕES: Got 27
Jan 15, 2015 6:26:24 PM org.ccnx.ccn.endtoend.BaseLibrarySink checkGetResults
INFORMAÇÕES: Got result: /BaseLibraryTest/gets/27/=00
Jan 15, 2015 6:26:24 PM org.ccnx.ccn.endtoend.EndToEndTestSink gets
INFORMAÇÕES: Got 28
Jan 15, 2015 6:26:24 PM org.ccnx.ccn.endtoend.BaseLibrarySink checkGetResults
INFORMAÇÕES: Got result: /BaseLibraryTest/gets/28/=00
Jan 15, 2015 6:26:24 PM org.ccnx.ccn.endtoend.EndToEndTestSink gets
INFORMAÇÕES: Got 29
Jan 15, 2015 6:26:24 PM org.ccnx.ccn.endtoend.BaseLibrarySink checkGetResults
INFORMAÇÕES: Got result: /BaseLibraryTest/gets/29/=00
Jan 15, 2015 6:26:24 PM org.ccnx.ccn.endtoend.EndToEndTestSink gets
INFORMAÇÕES: Got 30
Jan 15, 2015 6:26:24 PM org.ccnx.ccn.endtoend.BaseLibrarySink checkGetResults
INFORMAÇÕES: Got result: /BaseLibraryTest/gets/30/=00
Jan 15, 2015 6:26:24 PM org.ccnx.ccn.endtoend.EndToEndTestSink gets
INFORMAÇÕES: Got 31
Jan 15, 2015 6:26:24 PM org.ccnx.ccn.endtoend.BaseLibrarySink checkGetResults
INFORMAÇÕES: Got result: /BaseLibraryTest/gets/31/=00
Jan 15, 2015 6:26:24 PM org.ccnx.ccn.endtoend.EndToEndTestSink gets
INFORMAÇÕES: Got 32
Jan 15, 2015 6:26:24 PM org.ccnx.ccn.endtoend.BaseLibrarySink checkGetResults
INFORMAÇÕES: Got result: /BaseLibraryTest/gets/32/=00
Jan 15, 2015 6:26:24 PM org.ccnx.ccn.endtoend.EndToEndTestSink gets
INFORMAÇÕES: Got 33
Jan 15, 2015 6:26:24 PM org.ccnx.ccn.endtoend.BaseLibrarySink checkGetResults
INFORMAÇÕES: Got result: /BaseLibraryTest/gets/33/=00
Jan 15, 2015 6:26:24 PM org.ccnx.ccn.endtoend.EndToEndTestSink gets
INFORMAÇÕES: Got 34
Jan 15, 2015 6:26:24 PM org.ccnx.ccn.endtoend.BaseLibrarySink checkGetResults
INFORMAÇÕES: Got result: /BaseLibraryTest/gets/34/=00
Jan 15, 2015 6:26:24 PM org.ccnx.ccn.endtoend.EndToEndTestSink gets
INFORMAÇÕES: Got 35
Jan 15, 2015 6:26:24 PM org.ccnx.ccn.endtoend.BaseLibrarySink checkGetResults
INFORMAÇÕES: Got result: /BaseLibraryTest/gets/35/=00
Jan 15, 2015 6:26:24 PM org.ccnx.ccn.endtoend.EndToEndTestSink gets
INFORMAÇÕES: Got 36
Jan 15, 2015 6:26:24 PM org.ccnx.ccn.endtoend.BaseLibrarySink checkGetResults
INFORMAÇÕES: Got result: /BaseLibraryTest/gets/36/=00
Jan 15, 2015 6:26:24 PM org.ccnx.ccn.endtoend.EndToEndTestSink gets
INFORMAÇÕES: Got 37
Jan 15, 2015 6:26:24 PM org.ccnx.ccn.endtoend.BaseLibrarySink checkGetResults
INFORMAÇÕES: Got result: /BaseLibraryTest/gets/37/=00
Jan 15, 2015 6:26:24 PM org.ccnx.ccn.endtoend.EndToEndTestSink gets
INFORMAÇÕES: Got 38
Jan 15, 2015 6:26:24 PM org.ccnx.ccn.endtoend.BaseLibrarySink checkGetResults
INFORMAÇÕES: Got result: /BaseLibraryTest/gets/38/=00
Jan 15, 2015 6:26:24 PM org.ccnx.ccn.endtoend.EndToEndTestSink gets
INFORMAÇÕES: Got 39
Jan 15, 2015 6:26:24 PM org.ccnx.ccn.endtoend.BaseLibrarySink checkGetResults
INFORMAÇÕES: Got result: /BaseLibraryTest/gets/39/=00
Jan 15, 2015 6:26:24 PM org.ccnx.ccn.endtoend.EndToEndTestSink gets
INFORMAÇÕES: Got 40
Jan 15, 2015 6:26:24 PM org.ccnx.ccn.endtoend.BaseLibrarySink checkGetResults
INFORMAÇÕES: Got result: /BaseLibraryTest/gets/40/=00
Jan 15, 2015 6:26:24 PM org.ccnx.ccn.endtoend.EndToEndTestSink gets
INFORMAÇÕES: Got 41
Jan 15, 2015 6:26:24 PM org.ccnx.ccn.endtoend.BaseLibrarySink checkGetResults
INFORMAÇÕES: Got result: /BaseLibraryTest/gets/41/=00
Jan 15, 2015 6:26:24 PM org.ccnx.ccn.endtoend.EndToEndTestSink gets
INFORMAÇÕES: Got 42
Jan 15, 2015 6:26:24 PM org.ccnx.ccn.endtoend.BaseLibrarySink checkGetResults
INFORMAÇÕES: Got result: /BaseLibraryTest/gets/42/=00
Jan 15, 2015 6:26:24 PM org.ccnx.ccn.endtoend.EndToEndTestSink gets
INFORMAÇÕES: Get sequence finished
Jan 15, 2015 6:26:24 PM org.ccnx.ccn.endtoend.EndToEndTestSink server
INFORMAÇÕES: GetServer started
Jan 15, 2015 6:26:28 PM org.ccnx.ccn.endtoend.BaseLibrarySink checkGetResults
INFORMAÇÕES: Got result: /BaseLibraryTest/server/0/=00
Jan 15, 2015 6:26:28 PM org.ccnx.ccn.endtoend.BaseLibrarySink checkGetResults
INFORMAÇÕES: Got result: /BaseLibraryTest/server/0/=00
Jan 15, 2015 6:26:28 PM org.ccnx.ccn.endtoend.BaseLibrarySink checkGetResults
INFORMAÇÕES: Got result: /BaseLibraryTest/server/1/=00
Jan 15, 2015 6:26:28 PM org.ccnx.ccn.endtoend.BaseLibrarySink checkGetResults
INFORMAÇÕES: Got result: /BaseLibraryTest/server/2/=00
Jan 15, 2015 6:26:28 PM org.ccnx.ccn.endtoend.BaseLibrarySink checkGetResults
INFORMAÇÕES: Got result: /BaseLibraryTest/server/3/=00
Jan 15, 2015 6:26:28 PM org.ccnx.ccn.endtoend.BaseLibrarySink checkGetResults
INFORMAÇÕES: Got result: /BaseLibraryTest/server/4/=00
Jan 15, 2015 6:26:28 PM org.ccnx.ccn.endtoend.BaseLibrarySink checkGetResults
INFORMAÇÕES: Got result: /BaseLibraryTest/server/5/=00
Jan 15, 2015 6:26:28 PM org.ccnx.ccn.endtoend.BaseLibrarySink checkGetResults
INFORMAÇÕES: Got result: /BaseLibraryTest/server/6/=00
Jan 15, 2015 6:26:28 PM org.ccnx.ccn.endtoend.BaseLibrarySink checkGetResults
INFORMAÇÕES: Got result: /BaseLibraryTest/server/7/=00
Jan 15, 2015 6:26:28 PM org.ccnx.ccn.endtoend.BaseLibrarySink checkGetResults
INFORMAÇÕES: Got result: /BaseLibraryTest/server/8/=00
Jan 15, 2015 6:26:28 PM org.ccnx.ccn.endtoend.BaseLibrarySink checkGetResults
INFORMAÇÕES: Got result: /BaseLibraryTest/server/9/=00
Jan 15, 2015 6:26:28 PM org.ccnx.ccn.endtoend.BaseLibrarySink checkGetResults
INFORMAÇÕES: Got result: /BaseLibraryTest/server/10/=00
Jan 15, 2015 6:26:28 PM org.ccnx.ccn.endtoend.BaseLibrarySink checkGetResults
INFORMAÇÕES: Got result: /BaseLibraryTest/server/11/=00
Jan 15, 2015 6:26:28 PM org.ccnx.ccn.endtoend.BaseLibrarySink checkGetResults
INFORMAÇÕES: Got result: /BaseLibraryTest/server/12/=00
Jan 15, 2015 6:26:28 PM org.ccnx.ccn.endtoend.BaseLibrarySink checkGetResults
INFORMAÇÕES: Got result: /BaseLibraryTest/server/13/=00
Jan 15, 2015 6:26:28 PM org.ccnx.ccn.endtoend.BaseLibrarySink checkGetResults
INFORMAÇÕES: Got result: /BaseLibraryTest/server/14/=00
Jan 15, 2015 6:26:28 PM org.ccnx.ccn.endtoend.BaseLibrarySink checkGetResults
INFORMAÇÕES: Got result: /BaseLibraryTest/server/15/=00
Jan 15, 2015 6:26:28 PM org.ccnx.ccn.endtoend.BaseLibrarySink checkGetResults
INFORMAÇÕES: Got result: /BaseLibraryTest/server/16/=00
Jan 15, 2015 6:26:28 PM org.ccnx.ccn.endtoend.BaseLibrarySink checkGetResults
INFORMAÇÕES: Got result: /BaseLibraryTest/server/17/=00
Jan 15, 2015 6:26:28 PM org.ccnx.ccn.endtoend.BaseLibrarySink checkGetResults
INFORMAÇÕES: Got result: /BaseLibraryTest/server/18/=00
Jan 15, 2015 6:26:28 PM org.ccnx.ccn.endtoend.BaseLibrarySink checkGetResults
INFORMAÇÕES: Got result: /BaseLibraryTest/server/19/=00
Jan 15, 2015 6:26:28 PM org.ccnx.ccn.endtoend.BaseLibrarySink checkGetResults
INFORMAÇÕES: Got result: /BaseLibraryTest/server/20/=00
Jan 15, 2015 6:26:28 PM org.ccnx.ccn.endtoend.BaseLibrarySink checkGetResults
INFORMAÇÕES: Got result: /BaseLibraryTest/server/21/=00
Jan 15, 2015 6:26:28 PM org.ccnx.ccn.endtoend.BaseLibrarySink checkGetResults
INFORMAÇÕES: Got result: /BaseLibraryTest/server/22/=00
Jan 15, 2015 6:26:28 PM org.ccnx.ccn.endtoend.BaseLibrarySink checkGetResults
INFORMAÇÕES: Got result: /BaseLibraryTest/server/23/=00
Jan 15, 2015 6:26:28 PM org.ccnx.ccn.endtoend.BaseLibrarySink checkGetResults
INFORMAÇÕES: Got result: /BaseLibraryTest/server/24/=00
Jan 15, 2015 6:26:28 PM org.ccnx.ccn.endtoend.BaseLibrarySink checkGetResults
INFORMAÇÕES: Got result: /BaseLibraryTest/server/25/=00
Jan 15, 2015 6:26:28 PM org.ccnx.ccn.endtoend.BaseLibrarySink checkGetResults
INFORMAÇÕES: Got result: /BaseLibraryTest/server/26/=00
Jan 15, 2015 6:26:28 PM org.ccnx.ccn.endtoend.BaseLibrarySink checkGetResults
INFORMAÇÕES: Got result: /BaseLibraryTest/server/27/=00
Jan 15, 2015 6:26:28 PM org.ccnx.ccn.endtoend.BaseLibrarySink checkGetResults
INFORMAÇÕES: Got result: /BaseLibraryTest/server/28/=00
Jan 15, 2015 6:26:28 PM org.ccnx.ccn.endtoend.BaseLibrarySink checkGetResults
INFORMAÇÕES: Got result: /BaseLibraryTest/server/29/=00
Jan 15, 2015 6:26:28 PM org.ccnx.ccn.endtoend.BaseLibrarySink checkGetResults
INFORMAÇÕES: Got result: /BaseLibraryTest/server/30/=00
Jan 15, 2015 6:26:28 PM org.ccnx.ccn.endtoend.BaseLibrarySink checkGetResults
INFORMAÇÕES: Got result: /BaseLibraryTest/server/31/=00
Jan 15, 2015 6:26:28 PM org.ccnx.ccn.endtoend.BaseLibrarySink checkGetResults
INFORMAÇÕES: Got result: /BaseLibraryTest/server/32/=00
Jan 15, 2015 6:26:28 PM org.ccnx.ccn.endtoend.BaseLibrarySink checkGetResults
INFORMAÇÕES: Got result: /BaseLibraryTest/server/33/=00
Jan 15, 2015 6:26:28 PM org.ccnx.ccn.endtoend.BaseLibrarySink checkGetResults
INFORMAÇÕES: Got result: /BaseLibraryTest/server/34/=00
Jan 15, 2015 6:26:28 PM org.ccnx.ccn.endtoend.BaseLibrarySink checkGetResults
INFORMAÇÕES: Got result: /BaseLibraryTest/server/35/=00
Jan 15, 2015 6:26:28 PM org.ccnx.ccn.endtoend.BaseLibrarySink checkGetResults
INFORMAÇÕES: Got result: /BaseLibraryTest/server/36/=00
Jan 15, 2015 6:26:28 PM org.ccnx.ccn.endtoend.BaseLibrarySink checkGetResults
INFORMAÇÕES: Got result: /BaseLibraryTest/server/37/=00
Jan 15, 2015 6:26:28 PM org.ccnx.ccn.endtoend.BaseLibrarySink checkGetResults
INFORMAÇÕES: Got result: /BaseLibraryTest/server/38/=00
Jan 15, 2015 6:26:28 PM org.ccnx.ccn.endtoend.BaseLibrarySink checkGetResults
INFORMAÇÕES: Got result: /BaseLibraryTest/server/39/=00
Jan 15, 2015 6:26:28 PM org.ccnx.ccn.endtoend.BaseLibrarySink checkGetResults
INFORMAÇÕES: Got result: /BaseLibraryTest/server/40/=00
Jan 15, 2015 6:26:28 PM org.ccnx.ccn.endtoend.BaseLibrarySink checkGetResults
INFORMAÇÕES: Got result: /BaseLibraryTest/server/41/=00
Jan 15, 2015 6:26:28 PM org.ccnx.ccn.endtoend.BaseLibrarySink checkGetResults
INFORMAÇÕES: Got result: /BaseLibraryTest/server/42/=00
Jan 15, 2015 6:26:28 PM org.ccnx.ccn.endtoend.EndToEndTestSink sink
INFORMAÇÕES: Completed sink
Jan 15, 2015 6:26:28 PM org.ccnx.ccn.impl.CCNNetworkManager shutdown
INFORMAÇÕES: NetworkManager 2: Shutdown requested
Jan 15, 2015 6:26:28 PM org.ccnx.ccn.impl.CCNNetworkChannel close
INFORMAÇÕES: NetworkChannel 2: close(false)
]]></system-err>
</testsuite>
